2022-11-04 15:22:06 INFO  ScreenshotListeners:41 - 
================:  verify Sig Tuple Tittle :====================

2022-11-04 15:22:08 INFO  LoginTest:45 - Sigtuple title is successfully verified
2022-11-04 15:22:08 INFO  ScreenshotListeners:41 - 
================:  verify Mandara App Load :====================

2022-11-04 15:22:08 INFO  Login:47 - mandara app is loaded
2022-11-04 15:22:08 INFO  LoginTest:54 - Mandara App is loaded successfully in UI
2022-11-04 15:22:08 INFO  ScreenshotListeners:41 - 
================:  visibility Of Sigtuple Logo :====================

2022-11-04 15:22:08 INFO  Login:57 - sigtuple logo is loaded
2022-11-04 15:22:08 INFO  LoginTest:61 - Sigtuple icon visible
2022-11-04 15:22:08 INFO  ScreenshotListeners:41 - 
================:  visibility Of Login Container :====================

2022-11-04 15:22:08 INFO  Login:67 - login container is loaded
2022-11-04 15:22:08 INFO  LoginTest:68 - Login container is visible
2022-11-04 15:22:08 INFO  ScreenshotListeners:41 - 
================:  visibility Of User Name Field :====================

2022-11-04 15:22:08 INFO  Login:78 - user name field is displayed
2022-11-04 15:22:08 INFO  LoginTest:75 - verifyVisibilityOfUserNameField
2022-11-04 15:22:08 INFO  ScreenshotListeners:41 - 
================:  visibility Of Pass Name Field :====================

2022-11-04 15:22:08 INFO  Login:90 - user name field is displayed
2022-11-04 15:22:08 INFO  LoginTest:82 - verifyVisibilityOfPassNameField
2022-11-04 15:22:08 INFO  ScreenshotListeners:41 - 
================:  visibility Of Login Button :====================

2022-11-04 15:22:08 INFO  Login:102 - Login buttin is visible
2022-11-04 15:22:08 INFO  LoginTest:89 - visibilityOfLoginButton
2022-11-04 15:22:08 INFO  ScreenshotListeners:41 - 
================:  enability Of Login Button :====================

2022-11-04 15:22:08 INFO  Login:114 - Login buttin is disabled
2022-11-04 15:22:08 INFO  LoginTest:96 - enabilityOfLoginButton
2022-11-04 15:22:08 INFO  ScreenshotListeners:41 - 
================:  verify User Name Alerttest :====================

2022-11-04 15:22:09 INFO  Login:133 - user name alert Msg :Please enter your user name
2022-11-04 15:22:09 INFO  LoginTest:103 - Alert message for Username field verified
2022-11-04 15:22:09 INFO  ScreenshotListeners:41 - 
================:  verify Password Alerttest :====================

2022-11-04 15:22:09 INFO  Login:148 - password field alert Msg :Please enter your password
2022-11-04 15:22:09 INFO  LoginTest:110 - Alert message for Password field verified
2022-11-04 15:22:09 INFO  ScreenshotListeners:41 - 
================:  visibility Of Forgot Password Button :====================

2022-11-04 15:22:09 INFO  Login:158 - forgot pass button is displayed
2022-11-04 15:22:09 INFO  LoginTest:118 - visibilityOfForgotPasswordButton
2022-11-04 15:22:09 INFO  ScreenshotListeners:41 - 
================:  click On Forgot Password Button :====================

2022-11-04 15:22:10 INFO  Login:170 - clicked on forgot pass button
2022-11-04 15:22:10 INFO  LoginTest:126 - clickOnForgotPasswordButton
2022-11-04 15:22:10 INFO  ScreenshotListeners:41 - 
================:  verify Forgot Password Page Loaded :====================

2022-11-04 15:22:10 INFO  Login:181 - forgot password page loaded
2022-11-04 15:22:10 INFO  LoginTest:134 - verifyForgotPasswordPageLoaded
2022-11-04 15:22:10 INFO  ScreenshotListeners:41 - 
================:  visibility Of Email I D Field :====================

2022-11-04 15:22:10 INFO  Login:193 - Email field is displayed
2022-11-04 15:22:10 INFO  LoginTest:141 - visibilityOfForgotPasswordButton
2022-11-04 15:22:10 INFO  ScreenshotListeners:41 - 
================:  visibility Of Back To Login Button :====================

2022-11-04 15:22:10 INFO  Login:204 - back to login button is displayed
2022-11-04 15:22:10 INFO  LoginTest:148 - visibilityOfBackToLoginButton
2022-11-04 15:22:10 INFO  ScreenshotListeners:41 - 
================:  visibility Of Reser Password Button :====================

2022-11-04 15:22:10 INFO  Login:215 - password reset button is displayed and disabled
2022-11-04 15:22:10 INFO  LoginTest:155 - visibilityOfReserPasswordButton
2022-11-04 15:22:10 INFO  ScreenshotListeners:41 - 
================:  enability Of Reser Password Button :====================

2022-11-04 15:22:10 INFO  Login:227 - reset buttin is disabled
2022-11-04 15:22:10 INFO  LoginTest:162 - enabilityOfReserPasswordButton
2022-11-04 15:22:10 INFO  ScreenshotListeners:41 - 
================:  verify Email Field Alert Test :====================

2022-11-04 15:22:10 INFO  Login:246 - Email field alert Msg :Please enter valid email id
2022-11-04 15:22:10 INFO  LoginTest:169 - Alert message for Email field verified
2022-11-04 15:22:10 INFO  ScreenshotListeners:41 - 
================:  verify Alertfor Not An Emailid :====================

2022-11-04 15:22:10 INFO  Login:265 - entered text is not an email ID
2022-11-04 15:22:10 INFO  Login:267 - Email field alert Msg :Please enter valid email id
2022-11-04 15:22:10 INFO  LoginTest:176 - verifyAlertforInvalideEmail
2022-11-04 15:22:10 INFO  ScreenshotListeners:41 - 
================:  verify Alertfor Invalide Email :====================

2022-11-04 15:22:11 INFO  Login:286 - entered text is an email ID
2022-11-04 15:22:12 INFO  LoginTest:184 - verifyAlertforInvalideEmail
2022-11-04 15:22:12 INFO  ScreenshotListeners:41 - 
================:  verify Alertfor Valide Email :====================

2022-11-04 15:22:18 INFO  Login:312 - entered text is an email ID
2022-11-04 15:22:18 INFO  LoginTest:192 - verifyAlertforValideEmail
2022-11-04 15:22:18 INFO  ScreenshotListeners:41 - 
================:  clickon Back To Login :====================

2022-11-04 15:22:19 INFO  Login:331 - back to login button clicked
2022-11-04 15:22:19 INFO  LoginTest:199 - On clicking 'Back to Login' button, the user navigates to the login form window
2022-11-04 15:22:19 INFO  ScreenshotListeners:41 - 
================:  visibility Of Login Container1 :====================

2022-11-04 15:22:19 INFO  Login:67 - login container is loaded
2022-11-04 15:22:19 INFO  LoginTest:207 - Login container is visible
2022-11-04 15:22:19 INFO  ScreenshotListeners:41 - 
================:  verify Copyright On Login Page :====================

2022-11-04 15:22:19 INFO  Login:348 - copyright text : Copyright © 2015-2022 SigTuple Technologies Private Limited | All Rights Reserved
2022-11-04 15:22:19 INFO  LoginTest:218 - Copy right info is displayed to users on Login Page Copyright © 2015-2022 SigTuple Technologies Private Limited | All Rights Reserved
2022-11-04 15:22:19 INFO  ScreenshotListeners:41 - 
================:  verify Valid Login :====================

2022-11-04 15:22:20 INFO  Login:405 - clicked on login button
2022-11-04 15:22:20 INFO  LoginTest:267 - login Done successfully
2022-11-04 15:22:20 INFO  ScreenshotListeners:41 - 
================:  visibility Mandara Home Page :====================

2022-11-04 15:22:24 INFO  Login:417 - Mandara home page is loaded
2022-11-04 15:22:24 INFO  LoginTest:279 - Mandara home page is Loaded
2022-11-04 15:22:24 INFO  ScreenshotListeners:41 - 
================:  check Madara Home Page :====================

2022-11-04 15:22:24 INFO  MandaraHomeTest:34 - Mandara Home Page has loaded successfully
2022-11-04 15:22:24 INFO  ScreenshotListeners:41 - 
================:  check Sigtuple Icon :====================

2022-11-04 15:22:24 INFO  MandaraHomeTest:41 - Sigtuple mini icon on static bar is present on top left and is clickable
2022-11-04 15:22:24 INFO  ScreenshotListeners:41 - 
================:  checkusericon :====================

2022-11-04 15:22:25 INFO  MandaraHomeTest:53 - User Icon is present on static bar is present on top right and is clickable
2022-11-04 15:22:25 INFO  ScreenshotListeners:41 - 
================:  number Of Products For User :====================

2022-11-04 15:22:26 INFO  MandaraHomeTest:73 - Number of Products currently accessible to users is 4
2022-11-04 15:22:26 INFO  ScreenshotListeners:41 - 
================:  copyright Test :====================

2022-11-04 15:22:26 INFO  MandaraHomeTest:83 - Copyright info is not identified
2022-11-04 15:22:26 INFO  ScreenshotListeners:41 - 
================:  terms N Cond Test :====================

2022-11-04 15:22:26 ERROR BrowserSetUp:156 - termsNCondTest -> FAILED due to below issues :
java.lang.AssertionError: expected [Terms of Service] but found []

2022-11-04 15:22:27 INFO  BrowserSetUp:166 - Screenshot for this failed method : Screenshot/termsNCondTest.png
2022-11-04 15:22:27 INFO  ScreenshotListeners:41 - 
================:  privacy Policy :====================

2022-11-04 15:22:27 INFO  MandaraHomeTest:109 - The Privacy policy document is not verified
2022-11-04 15:22:27 INFO  ScreenshotListeners:41 - 
================:  availability Of Shonit Card :====================

2022-11-04 15:22:27 ERROR BrowserSetUp:156 - availabilityOfShonitCard -> FAILED due to below issues :
org.openqa.selenium.NoSuchSessionException: invalid session id
  (Driver info: chromedriver=2.43.600229 (3fae4d0cda5334b4f533bede5a4787f7b832d052),platform=Mac OS X 10.16.0 x86_64) (WARNING: The server did not provide any stacktrace information)
Command duration or timeout: 0 milliseconds
Build info: version: '3.141.59', revision: 'e82be7d358', time: '2018-11-14T08:17:03'
System info: host: 'Sigtuples-MacBook-Pro-2.local', ip: 'fe80:0:0:0:14ba:1617:faf5:898a%en0', os.name: 'Mac OS X', os.arch: 'x86_64', os.version: '12.5', java.version: '17.0.2'
Driver info: org.openqa.selenium.chrome.ChromeDriver
Capabilities {acceptInsecureCerts: false, acceptSslCerts: false, applicationCacheEnabled: false, browserConnectionEnabled: false, browserName: chrome, chrome: {chromedriverVersion: 2.43.600229 (3fae4d0cda5334..., userDataDir: /var/folders/1k/lnjjm94144x...}, cssSelectorsEnabled: true, databaseEnabled: false, goog:chromeOptions: {debuggerAddress: localhost:52157}, handlesAlerts: true, hasTouchScreen: false, javascriptEnabled: true, locationContextEnabled: true, mobileEmulationEnabled: false, nativeEvents: true, networkConnectionEnabled: false, pageLoadStrategy: normal, platform: MAC, platformName: MAC, rotatable: false, setWindowRect: true, takesHeapSnapshot: true, takesScreenshot: true, unexpectedAlertBehaviour: , unhandledPromptBehavior: , version: 107.0.5304.87, webStorageEnabled: true}
Session ID: 2223871a5d32b5f55696d7d5e532d86f
*** Element info: {Using=xpath, value=//h2[contains(text(),'Shonit')]}

2022-11-04 15:22:27 INFO  ScreenshotListeners:41 - 
================:  verify Option From User Icon :====================

2022-11-04 15:22:27 ERROR BrowserSetUp:156 - verifyOptionFromUserIcon -> FAILED due to below issues :
org.openqa.selenium.NoSuchSessionException: invalid session id
  (Driver info: chromedriver=2.43.600229 (3fae4d0cda5334b4f533bede5a4787f7b832d052),platform=Mac OS X 10.16.0 x86_64) (WARNING: The server did not provide any stacktrace information)
Command duration or timeout: 0 milliseconds
Build info: version: '3.141.59', revision: 'e82be7d358', time: '2018-11-14T08:17:03'
System info: host: 'Sigtuples-MacBook-Pro-2.local', ip: 'fe80:0:0:0:14ba:1617:faf5:898a%en0', os.name: 'Mac OS X', os.arch: 'x86_64', os.version: '12.5', java.version: '17.0.2'
Driver info: org.openqa.selenium.chrome.ChromeDriver
Capabilities {acceptInsecureCerts: false, acceptSslCerts: false, applicationCacheEnabled: false, browserConnectionEnabled: false, browserName: chrome, chrome: {chromedriverVersion: 2.43.600229 (3fae4d0cda5334..., userDataDir: /var/folders/1k/lnjjm94144x...}, cssSelectorsEnabled: true, databaseEnabled: false, goog:chromeOptions: {debuggerAddress: localhost:52157}, handlesAlerts: true, hasTouchScreen: false, javascriptEnabled: true, locationContextEnabled: true, mobileEmulationEnabled: false, nativeEvents: true, networkConnectionEnabled: false, pageLoadStrategy: normal, platform: MAC, platformName: MAC, rotatable: false, setWindowRect: true, takesHeapSnapshot: true, takesScreenshot: true, unexpectedAlertBehaviour: , unhandledPromptBehavior: , version: 107.0.5304.87, webStorageEnabled: true}
Session ID: 2223871a5d32b5f55696d7d5e532d86f
*** Element info: {Using=xpath, value=//div[@class='username']}

2022-11-04 15:22:27 INFO  ScreenshotListeners:41 - 
================:  clickon List Report Test :====================

2022-11-04 15:22:27 ERROR BrowserSetUp:156 - clickonListReportTest -> FAILED due to below issues :
org.openqa.selenium.NoSuchSessionException: invalid session id
  (Driver info: chromedriver=2.43.600229 (3fae4d0cda5334b4f533bede5a4787f7b832d052),platform=Mac OS X 10.16.0 x86_64) (WARNING: The server did not provide any stacktrace information)
Command duration or timeout: 0 milliseconds
Build info: version: '3.141.59', revision: 'e82be7d358', time: '2018-11-14T08:17:03'
System info: host: 'Sigtuples-MacBook-Pro-2.local', ip: 'fe80:0:0:0:14ba:1617:faf5:898a%en0', os.name: 'Mac OS X', os.arch: 'x86_64', os.version: '12.5', java.version: '17.0.2'
Driver info: org.openqa.selenium.chrome.ChromeDriver
Capabilities {acceptInsecureCerts: false, acceptSslCerts: false, applicationCacheEnabled: false, browserConnectionEnabled: false, browserName: chrome, chrome: {chromedriverVersion: 2.43.600229 (3fae4d0cda5334..., userDataDir: /var/folders/1k/lnjjm94144x...}, cssSelectorsEnabled: true, databaseEnabled: false, goog:chromeOptions: {debuggerAddress: localhost:52157}, handlesAlerts: true, hasTouchScreen: false, javascriptEnabled: true, locationContextEnabled: true, mobileEmulationEnabled: false, nativeEvents: true, networkConnectionEnabled: false, pageLoadStrategy: normal, platform: MAC, platformName: MAC, rotatable: false, setWindowRect: true, takesHeapSnapshot: true, takesScreenshot: true, unexpectedAlertBehaviour: , unhandledPromptBehavior: , version: 107.0.5304.87, webStorageEnabled: true}
Session ID: 2223871a5d32b5f55696d7d5e532d86f

2022-11-04 15:22:27 INFO  ScreenshotListeners:41 - 
================:  visibility Of Version Card :====================

2022-11-04 15:22:27 INFO  ScreenshotListeners:41 - 
================:  visibility Of Plateform Version :====================

2022-11-04 15:22:27 INFO  ScreenshotListeners:41 - 
================:  visibility Of Product Name :====================

2022-11-04 15:22:27 INFO  ScreenshotListeners:41 - 
================:  visibility Of Software Version :====================

2022-11-04 15:22:27 INFO  ScreenshotListeners:41 - 
================:  closeproduct Version Card :====================

2022-11-04 15:22:27 INFO  ScreenshotListeners:41 - 
================:  verify List Reportpage :====================

2022-11-04 15:22:27 ERROR BrowserSetUp:156 - verifyListReportpage -> FAILED due to below issues :
org.openqa.selenium.NoSuchSessionException: invalid session id
  (Driver info: chromedriver=2.43.600229 (3fae4d0cda5334b4f533bede5a4787f7b832d052),platform=Mac OS X 10.16.0 x86_64) (WARNING: The server did not provide any stacktrace information)
Command duration or timeout: 0 milliseconds
Build info: version: '3.141.59', revision: 'e82be7d358', time: '2018-11-14T08:17:03'
System info: host: 'Sigtuples-MacBook-Pro-2.local', ip: 'fe80:0:0:0:14ba:1617:faf5:898a%en0', os.name: 'Mac OS X', os.arch: 'x86_64', os.version: '12.5', java.version: '17.0.2'
Driver info: org.openqa.selenium.chrome.ChromeDriver
Capabilities {acceptInsecureCerts: false, acceptSslCerts: false, applicationCacheEnabled: false, browserConnectionEnabled: false, browserName: chrome, chrome: {chromedriverVersion: 2.43.600229 (3fae4d0cda5334..., userDataDir: /var/folders/1k/lnjjm94144x...}, cssSelectorsEnabled: true, databaseEnabled: false, goog:chromeOptions: {debuggerAddress: localhost:52157}, handlesAlerts: true, hasTouchScreen: false, javascriptEnabled: true, locationContextEnabled: true, mobileEmulationEnabled: false, nativeEvents: true, networkConnectionEnabled: false, pageLoadStrategy: normal, platform: MAC, platformName: MAC, rotatable: false, setWindowRect: true, takesHeapSnapshot: true, takesScreenshot: true, unexpectedAlertBehaviour: , unhandledPromptBehavior: , version: 107.0.5304.87, webStorageEnabled: true}
Session ID: 2223871a5d32b5f55696d7d5e532d86f
*** Element info: {Using=css selector, value=.analysis-reports}

2022-11-04 15:22:27 INFO  ScreenshotListeners:41 - 
================:  visibility Of Help Icon :====================

2022-11-04 15:22:27 INFO  ScreenshotListeners:41 - 
================:  Verify Click On Notification Icon :====================

2022-11-04 15:22:27 ERROR BrowserSetUp:156 - VerifyClickOnNotificationIcon -> FAILED due to below issues :
org.openqa.selenium.NoSuchSessionException: invalid session id
  (Driver info: chromedriver=2.43.600229 (3fae4d0cda5334b4f533bede5a4787f7b832d052),platform=Mac OS X 10.16.0 x86_64) (WARNING: The server did not provide any stacktrace information)
Command duration or timeout: 0 milliseconds
Build info: version: '3.141.59', revision: 'e82be7d358', time: '2018-11-14T08:17:03'
System info: host: 'Sigtuples-MacBook-Pro-2.local', ip: 'fe80:0:0:0:14ba:1617:faf5:898a%en0', os.name: 'Mac OS X', os.arch: 'x86_64', os.version: '12.5', java.version: '17.0.2'
Driver info: org.openqa.selenium.chrome.ChromeDriver
Capabilities {acceptInsecureCerts: false, acceptSslCerts: false, applicationCacheEnabled: false, browserConnectionEnabled: false, browserName: chrome, chrome: {chromedriverVersion: 2.43.600229 (3fae4d0cda5334..., userDataDir: /var/folders/1k/lnjjm94144x...}, cssSelectorsEnabled: true, databaseEnabled: false, goog:chromeOptions: {debuggerAddress: localhost:52157}, handlesAlerts: true, hasTouchScreen: false, javascriptEnabled: true, locationContextEnabled: true, mobileEmulationEnabled: false, nativeEvents: true, networkConnectionEnabled: false, pageLoadStrategy: normal, platform: MAC, platformName: MAC, rotatable: false, setWindowRect: true, takesHeapSnapshot: true, takesScreenshot: true, unexpectedAlertBehaviour: , unhandledPromptBehavior: , version: 107.0.5304.87, webStorageEnabled: true}
Session ID: 2223871a5d32b5f55696d7d5e532d86f
*** Element info: {Using=xpath, value=//div[@class='new-notification ng-star-inserted']}

2022-11-04 15:22:27 INFO  ScreenshotListeners:41 - 
================:  verify Visibilioty O Flag Colour :====================

2022-11-04 15:22:28 ERROR BrowserSetUp:156 - verifyVisibiliotyOFlagColour -> FAILED due to below issues :
org.openqa.selenium.NoSuchSessionException: invalid session id
  (Driver info: chromedriver=2.43.600229 (3fae4d0cda5334b4f533bede5a4787f7b832d052),platform=Mac OS X 10.16.0 x86_64) (WARNING: The server did not provide any stacktrace information)
Command duration or timeout: 0 milliseconds
Build info: version: '3.141.59', revision: 'e82be7d358', time: '2018-11-14T08:17:03'
System info: host: 'Sigtuples-MacBook-Pro-2.local', ip: 'fe80:0:0:0:14ba:1617:faf5:898a%en0', os.name: 'Mac OS X', os.arch: 'x86_64', os.version: '12.5', java.version: '17.0.2'
Driver info: org.openqa.selenium.chrome.ChromeDriver
Capabilities {acceptInsecureCerts: false, acceptSslCerts: false, applicationCacheEnabled: false, browserConnectionEnabled: false, browserName: chrome, chrome: {chromedriverVersion: 2.43.600229 (3fae4d0cda5334..., userDataDir: /var/folders/1k/lnjjm94144x...}, cssSelectorsEnabled: true, databaseEnabled: false, goog:chromeOptions: {debuggerAddress: localhost:52157}, handlesAlerts: true, hasTouchScreen: false, javascriptEnabled: true, locationContextEnabled: true, mobileEmulationEnabled: false, nativeEvents: true, networkConnectionEnabled: false, pageLoadStrategy: normal, platform: MAC, platformName: MAC, rotatable: false, setWindowRect: true, takesHeapSnapshot: true, takesScreenshot: true, unexpectedAlertBehaviour: , unhandledPromptBehavior: , version: 107.0.5304.87, webStorageEnabled: true}
Session ID: 2223871a5d32b5f55696d7d5e532d86f
*** Element info: {Using=xpath, value=//body/app-root/div[@class='mandara-app']/div/app-list-reports[@class='ng-star-inserted']/div[@class='list-reports']/app-analysis-report/div[@class='analysis-report']/div[@class='container analysis-report-table-wrapper']/div[@class='ng-star-inserted']/div/div[1]}

2022-11-04 15:22:28 INFO  ScreenshotListeners:41 - 
================:  verifymodulname :====================

2022-11-04 15:22:28 ERROR BrowserSetUp:156 - verifymodulname -> FAILED due to below issues :
org.openqa.selenium.NoSuchSessionException: invalid session id
  (Driver info: chromedriver=2.43.600229 (3fae4d0cda5334b4f533bede5a4787f7b832d052),platform=Mac OS X 10.16.0 x86_64) (WARNING: The server did not provide any stacktrace information)
Command duration or timeout: 0 milliseconds
Build info: version: '3.141.59', revision: 'e82be7d358', time: '2018-11-14T08:17:03'
System info: host: 'Sigtuples-MacBook-Pro-2.local', ip: 'fe80:0:0:0:14ba:1617:faf5:898a%en0', os.name: 'Mac OS X', os.arch: 'x86_64', os.version: '12.5', java.version: '17.0.2'
Driver info: org.openqa.selenium.chrome.ChromeDriver
Capabilities {acceptInsecureCerts: false, acceptSslCerts: false, applicationCacheEnabled: false, browserConnectionEnabled: false, browserName: chrome, chrome: {chromedriverVersion: 2.43.600229 (3fae4d0cda5334..., userDataDir: /var/folders/1k/lnjjm94144x...}, cssSelectorsEnabled: true, databaseEnabled: false, goog:chromeOptions: {debuggerAddress: localhost:52157}, handlesAlerts: true, hasTouchScreen: false, javascriptEnabled: true, locationContextEnabled: true, mobileEmulationEnabled: false, nativeEvents: true, networkConnectionEnabled: false, pageLoadStrategy: normal, platform: MAC, platformName: MAC, rotatable: false, setWindowRect: true, takesHeapSnapshot: true, takesScreenshot: true, unexpectedAlertBehaviour: , unhandledPromptBehavior: , version: 107.0.5304.87, webStorageEnabled: true}
Session ID: 2223871a5d32b5f55696d7d5e532d86f
*** Element info: {Using=xpath, value=//span[@class='module-name']}

2022-11-04 15:22:28 INFO  ScreenshotListeners:41 - 
================:  verify Notpad Icon :====================

2022-11-04 15:22:28 ERROR BrowserSetUp:156 - verifyNotpadIcon -> FAILED due to below issues :
org.openqa.selenium.NoSuchSessionException: invalid session id
  (Driver info: chromedriver=2.43.600229 (3fae4d0cda5334b4f533bede5a4787f7b832d052),platform=Mac OS X 10.16.0 x86_64) (WARNING: The server did not provide any stacktrace information)
Command duration or timeout: 0 milliseconds
Build info: version: '3.141.59', revision: 'e82be7d358', time: '2018-11-14T08:17:03'
System info: host: 'Sigtuples-MacBook-Pro-2.local', ip: 'fe80:0:0:0:14ba:1617:faf5:898a%en0', os.name: 'Mac OS X', os.arch: 'x86_64', os.version: '12.5', java.version: '17.0.2'
Driver info: org.openqa.selenium.chrome.ChromeDriver
Capabilities {acceptInsecureCerts: false, acceptSslCerts: false, applicationCacheEnabled: false, browserConnectionEnabled: false, browserName: chrome, chrome: {chromedriverVersion: 2.43.600229 (3fae4d0cda5334..., userDataDir: /var/folders/1k/lnjjm94144x...}, cssSelectorsEnabled: true, databaseEnabled: false, goog:chromeOptions: {debuggerAddress: localhost:52157}, handlesAlerts: true, hasTouchScreen: false, javascriptEnabled: true, locationContextEnabled: true, mobileEmulationEnabled: false, nativeEvents: true, networkConnectionEnabled: false, pageLoadStrategy: normal, platform: MAC, platformName: MAC, rotatable: false, setWindowRect: true, takesHeapSnapshot: true, takesScreenshot: true, unexpectedAlertBehaviour: , unhandledPromptBehavior: , version: 107.0.5304.87, webStorageEnabled: true}
Session ID: 2223871a5d32b5f55696d7d5e532d86f
*** Element info: {Using=css selector, value=i.report-icon}

2022-11-04 15:22:28 INFO  ScreenshotListeners:41 - 
================:  verifyfilter Icon :====================

2022-11-04 15:22:28 ERROR BrowserSetUp:156 - verifyfilterIcon -> FAILED due to below issues :
org.openqa.selenium.NoSuchSessionException: invalid session id
  (Driver info: chromedriver=2.43.600229 (3fae4d0cda5334b4f533bede5a4787f7b832d052),platform=Mac OS X 10.16.0 x86_64) (WARNING: The server did not provide any stacktrace information)
Command duration or timeout: 0 milliseconds
Build info: version: '3.141.59', revision: 'e82be7d358', time: '2018-11-14T08:17:03'
System info: host: 'Sigtuples-MacBook-Pro-2.local', ip: 'fe80:0:0:0:14ba:1617:faf5:898a%en0', os.name: 'Mac OS X', os.arch: 'x86_64', os.version: '12.5', java.version: '17.0.2'
Driver info: org.openqa.selenium.chrome.ChromeDriver
Capabilities {acceptInsecureCerts: false, acceptSslCerts: false, applicationCacheEnabled: false, browserConnectionEnabled: false, browserName: chrome, chrome: {chromedriverVersion: 2.43.600229 (3fae4d0cda5334..., userDataDir: /var/folders/1k/lnjjm94144x...}, cssSelectorsEnabled: true, databaseEnabled: false, goog:chromeOptions: {debuggerAddress: localhost:52157}, handlesAlerts: true, hasTouchScreen: false, javascriptEnabled: true, locationContextEnabled: true, mobileEmulationEnabled: false, nativeEvents: true, networkConnectionEnabled: false, pageLoadStrategy: normal, platform: MAC, platformName: MAC, rotatable: false, setWindowRect: true, takesHeapSnapshot: true, takesScreenshot: true, unexpectedAlertBehaviour: , unhandledPromptBehavior: , version: 107.0.5304.87, webStorageEnabled: true}
Session ID: 2223871a5d32b5f55696d7d5e532d86f
*** Element info: {Using=xpath, value=//i[contains(@title,'Filter')]}

2022-11-04 15:22:28 INFO  ScreenshotListeners:41 - 
================:  verifyrefreshicon :====================

2022-11-04 15:22:28 ERROR BrowserSetUp:156 - verifyrefreshicon -> FAILED due to below issues :
org.openqa.selenium.NoSuchSessionException: invalid session id
  (Driver info: chromedriver=2.43.600229 (3fae4d0cda5334b4f533bede5a4787f7b832d052),platform=Mac OS X 10.16.0 x86_64) (WARNING: The server did not provide any stacktrace information)
Command duration or timeout: 0 milliseconds
Build info: version: '3.141.59', revision: 'e82be7d358', time: '2018-11-14T08:17:03'
System info: host: 'Sigtuples-MacBook-Pro-2.local', ip: 'fe80:0:0:0:14ba:1617:faf5:898a%en0', os.name: 'Mac OS X', os.arch: 'x86_64', os.version: '12.5', java.version: '17.0.2'
Driver info: org.openqa.selenium.chrome.ChromeDriver
Capabilities {acceptInsecureCerts: false, acceptSslCerts: false, applicationCacheEnabled: false, browserConnectionEnabled: false, browserName: chrome, chrome: {chromedriverVersion: 2.43.600229 (3fae4d0cda5334..., userDataDir: /var/folders/1k/lnjjm94144x...}, cssSelectorsEnabled: true, databaseEnabled: false, goog:chromeOptions: {debuggerAddress: localhost:52157}, handlesAlerts: true, hasTouchScreen: false, javascriptEnabled: true, locationContextEnabled: true, mobileEmulationEnabled: false, nativeEvents: true, networkConnectionEnabled: false, pageLoadStrategy: normal, platform: MAC, platformName: MAC, rotatable: false, setWindowRect: true, takesHeapSnapshot: true, takesScreenshot: true, unexpectedAlertBehaviour: , unhandledPromptBehavior: , version: 107.0.5304.87, webStorageEnabled: true}
Session ID: 2223871a5d32b5f55696d7d5e532d86f
*** Element info: {Using=xpath, value=//i[@title='Refresh']}

2022-11-04 15:22:28 INFO  ScreenshotListeners:41 - 
================:  verify Option From User Icon On Shonit Report Page :====================

2022-11-04 15:22:28 ERROR BrowserSetUp:156 - verifyOptionFromUserIconOnShonitReportPage -> FAILED due to below issues :
org.openqa.selenium.NoSuchSessionException: invalid session id
  (Driver info: chromedriver=2.43.600229 (3fae4d0cda5334b4f533bede5a4787f7b832d052),platform=Mac OS X 10.16.0 x86_64) (WARNING: The server did not provide any stacktrace information)
Command duration or timeout: 0 milliseconds
Build info: version: '3.141.59', revision: 'e82be7d358', time: '2018-11-14T08:17:03'
System info: host: 'Sigtuples-MacBook-Pro-2.local', ip: 'fe80:0:0:0:14ba:1617:faf5:898a%en0', os.name: 'Mac OS X', os.arch: 'x86_64', os.version: '12.5', java.version: '17.0.2'
Driver info: org.openqa.selenium.chrome.ChromeDriver
Capabilities {acceptInsecureCerts: false, acceptSslCerts: false, applicationCacheEnabled: false, browserConnectionEnabled: false, browserName: chrome, chrome: {chromedriverVersion: 2.43.600229 (3fae4d0cda5334..., userDataDir: /var/folders/1k/lnjjm94144x...}, cssSelectorsEnabled: true, databaseEnabled: false, goog:chromeOptions: {debuggerAddress: localhost:52157}, handlesAlerts: true, hasTouchScreen: false, javascriptEnabled: true, locationContextEnabled: true, mobileEmulationEnabled: false, nativeEvents: true, networkConnectionEnabled: false, pageLoadStrategy: normal, platform: MAC, platformName: MAC, rotatable: false, setWindowRect: true, takesHeapSnapshot: true, takesScreenshot: true, unexpectedAlertBehaviour: , unhandledPromptBehavior: , version: 107.0.5304.87, webStorageEnabled: true}
Session ID: 2223871a5d32b5f55696d7d5e532d86f

2022-11-04 15:22:28 INFO  ScreenshotListeners:41 - 
================:  verifytableheader :====================

2022-11-04 15:22:28 ERROR BrowserSetUp:156 - verifytableheader -> FAILED due to below issues :
org.openqa.selenium.NoSuchSessionException: invalid session id
  (Driver info: chromedriver=2.43.600229 (3fae4d0cda5334b4f533bede5a4787f7b832d052),platform=Mac OS X 10.16.0 x86_64) (WARNING: The server did not provide any stacktrace information)
Command duration or timeout: 0 milliseconds
Build info: version: '3.141.59', revision: 'e82be7d358', time: '2018-11-14T08:17:03'
System info: host: 'Sigtuples-MacBook-Pro-2.local', ip: 'fe80:0:0:0:14ba:1617:faf5:898a%en0', os.name: 'Mac OS X', os.arch: 'x86_64', os.version: '12.5', java.version: '17.0.2'
Driver info: org.openqa.selenium.chrome.ChromeDriver
Capabilities {acceptInsecureCerts: false, acceptSslCerts: false, applicationCacheEnabled: false, browserConnectionEnabled: false, browserName: chrome, chrome: {chromedriverVersion: 2.43.600229 (3fae4d0cda5334..., userDataDir: /var/folders/1k/lnjjm94144x...}, cssSelectorsEnabled: true, databaseEnabled: false, goog:chromeOptions: {debuggerAddress: localhost:52157}, handlesAlerts: true, hasTouchScreen: false, javascriptEnabled: true, locationContextEnabled: true, mobileEmulationEnabled: false, nativeEvents: true, networkConnectionEnabled: false, pageLoadStrategy: normal, platform: MAC, platformName: MAC, rotatable: false, setWindowRect: true, takesHeapSnapshot: true, takesScreenshot: true, unexpectedAlertBehaviour: , unhandledPromptBehavior: , version: 107.0.5304.87, webStorageEnabled: true}
Session ID: 2223871a5d32b5f55696d7d5e532d86f
*** Element info: {Using=css selector, value=table tr.mat-header-row th}

2022-11-04 15:22:28 INFO  ScreenshotListeners:41 - 
================:  terms N Cond Test On Shonit Report Page :====================

2022-11-04 15:22:28 ERROR BrowserSetUp:156 - termsNCondTestOnShonitReportPage -> FAILED due to below issues :
org.openqa.selenium.NoSuchSessionException: invalid session id
  (Driver info: chromedriver=2.43.600229 (3fae4d0cda5334b4f533bede5a4787f7b832d052),platform=Mac OS X 10.16.0 x86_64) (WARNING: The server did not provide any stacktrace information)
Command duration or timeout: 0 milliseconds
Build info: version: '3.141.59', revision: 'e82be7d358', time: '2018-11-14T08:17:03'
System info: host: 'Sigtuples-MacBook-Pro-2.local', ip: 'fe80:0:0:0:14ba:1617:faf5:898a%en0', os.name: 'Mac OS X', os.arch: 'x86_64', os.version: '12.5', java.version: '17.0.2'
Driver info: org.openqa.selenium.chrome.ChromeDriver
Capabilities {acceptInsecureCerts: false, acceptSslCerts: false, applicationCacheEnabled: false, browserConnectionEnabled: false, browserName: chrome, chrome: {chromedriverVersion: 2.43.600229 (3fae4d0cda5334..., userDataDir: /var/folders/1k/lnjjm94144x...}, cssSelectorsEnabled: true, databaseEnabled: false, goog:chromeOptions: {debuggerAddress: localhost:52157}, handlesAlerts: true, hasTouchScreen: false, javascriptEnabled: true, locationContextEnabled: true, mobileEmulationEnabled: false, nativeEvents: true, networkConnectionEnabled: false, pageLoadStrategy: normal, platform: MAC, platformName: MAC, rotatable: false, setWindowRect: true, takesHeapSnapshot: true, takesScreenshot: true, unexpectedAlertBehaviour: , unhandledPromptBehavior: , version: 107.0.5304.87, webStorageEnabled: true}
Session ID: 2223871a5d32b5f55696d7d5e532d86f
*** Element info: {Using=xpath, value=//a[contains(.,'Terms of Service')]}

2022-11-04 15:22:28 INFO  ScreenshotListeners:41 - 
================:  checkpaginationeditbox :====================

2022-11-04 15:22:28 ERROR BrowserSetUp:156 - checkpaginationeditbox -> FAILED due to below issues :
org.openqa.selenium.NoSuchSessionException: invalid session id
  (Driver info: chromedriver=2.43.600229 (3fae4d0cda5334b4f533bede5a4787f7b832d052),platform=Mac OS X 10.16.0 x86_64) (WARNING: The server did not provide any stacktrace information)
Command duration or timeout: 0 milliseconds
Build info: version: '3.141.59', revision: 'e82be7d358', time: '2018-11-14T08:17:03'
System info: host: 'Sigtuples-MacBook-Pro-2.local', ip: 'fe80:0:0:0:14ba:1617:faf5:898a%en0', os.name: 'Mac OS X', os.arch: 'x86_64', os.version: '12.5', java.version: '17.0.2'
Driver info: org.openqa.selenium.chrome.ChromeDriver
Capabilities {acceptInsecureCerts: false, acceptSslCerts: false, applicationCacheEnabled: false, browserConnectionEnabled: false, browserName: chrome, chrome: {chromedriverVersion: 2.43.600229 (3fae4d0cda5334..., userDataDir: /var/folders/1k/lnjjm94144x...}, cssSelectorsEnabled: true, databaseEnabled: false, goog:chromeOptions: {debuggerAddress: localhost:52157}, handlesAlerts: true, hasTouchScreen: false, javascriptEnabled: true, locationContextEnabled: true, mobileEmulationEnabled: false, nativeEvents: true, networkConnectionEnabled: false, pageLoadStrategy: normal, platform: MAC, platformName: MAC, rotatable: false, setWindowRect: true, takesHeapSnapshot: true, takesScreenshot: true, unexpectedAlertBehaviour: , unhandledPromptBehavior: , version: 107.0.5304.87, webStorageEnabled: true}
Session ID: 2223871a5d32b5f55696d7d5e532d86f
*** Element info: {Using=xpath, value=//input[@type='number']}

2022-11-04 15:22:28 INFO  ScreenshotListeners:41 - 
================:  checkpaginationchevronicons :====================

2022-11-04 15:22:28 ERROR BrowserSetUp:156 - checkpaginationchevronicons -> FAILED due to below issues :
org.openqa.selenium.NoSuchSessionException: invalid session id
  (Driver info: chromedriver=2.43.600229 (3fae4d0cda5334b4f533bede5a4787f7b832d052),platform=Mac OS X 10.16.0 x86_64) (WARNING: The server did not provide any stacktrace information)
Command duration or timeout: 0 milliseconds
Build info: version: '3.141.59', revision: 'e82be7d358', time: '2018-11-14T08:17:03'
System info: host: 'Sigtuples-MacBook-Pro-2.local', ip: 'fe80:0:0:0:14ba:1617:faf5:898a%en0', os.name: 'Mac OS X', os.arch: 'x86_64', os.version: '12.5', java.version: '17.0.2'
Driver info: org.openqa.selenium.chrome.ChromeDriver
Capabilities {acceptInsecureCerts: false, acceptSslCerts: false, applicationCacheEnabled: false, browserConnectionEnabled: false, browserName: chrome, chrome: {chromedriverVersion: 2.43.600229 (3fae4d0cda5334..., userDataDir: /var/folders/1k/lnjjm94144x...}, cssSelectorsEnabled: true, databaseEnabled: false, goog:chromeOptions: {debuggerAddress: localhost:52157}, handlesAlerts: true, hasTouchScreen: false, javascriptEnabled: true, locationContextEnabled: true, mobileEmulationEnabled: false, nativeEvents: true, networkConnectionEnabled: false, pageLoadStrategy: normal, platform: MAC, platformName: MAC, rotatable: false, setWindowRect: true, takesHeapSnapshot: true, takesScreenshot: true, unexpectedAlertBehaviour: , unhandledPromptBehavior: , version: 107.0.5304.87, webStorageEnabled: true}
Session ID: 2223871a5d32b5f55696d7d5e532d86f
*** Element info: {Using=xpath, value=//mat-icon[contains(text(),'keyboard_arrow_right')]}

2022-11-04 15:22:28 INFO  ScreenshotListeners:41 - 
================:  checkpaginationposition :====================

2022-11-04 15:22:28 ERROR BrowserSetUp:156 - checkpaginationposition -> FAILED due to below issues :
org.openqa.selenium.NoSuchSessionException: invalid session id
  (Driver info: chromedriver=2.43.600229 (3fae4d0cda5334b4f533bede5a4787f7b832d052),platform=Mac OS X 10.16.0 x86_64) (WARNING: The server did not provide any stacktrace information)
Command duration or timeout: 0 milliseconds
Build info: version: '3.141.59', revision: 'e82be7d358', time: '2018-11-14T08:17:03'
System info: host: 'Sigtuples-MacBook-Pro-2.local', ip: 'fe80:0:0:0:14ba:1617:faf5:898a%en0', os.name: 'Mac OS X', os.arch: 'x86_64', os.version: '12.5', java.version: '17.0.2'
Driver info: org.openqa.selenium.chrome.ChromeDriver
Capabilities {acceptInsecureCerts: false, acceptSslCerts: false, applicationCacheEnabled: false, browserConnectionEnabled: false, browserName: chrome, chrome: {chromedriverVersion: 2.43.600229 (3fae4d0cda5334..., userDataDir: /var/folders/1k/lnjjm94144x...}, cssSelectorsEnabled: true, databaseEnabled: false, goog:chromeOptions: {debuggerAddress: localhost:52157}, handlesAlerts: true, hasTouchScreen: false, javascriptEnabled: true, locationContextEnabled: true, mobileEmulationEnabled: false, nativeEvents: true, networkConnectionEnabled: false, pageLoadStrategy: normal, platform: MAC, platformName: MAC, rotatable: false, setWindowRect: true, takesHeapSnapshot: true, takesScreenshot: true, unexpectedAlertBehaviour: , unhandledPromptBehavior: , version: 107.0.5304.87, webStorageEnabled: true}
Session ID: 2223871a5d32b5f55696d7d5e532d86f
*** Element info: {Using=xpath, value=//div[@class='max-page-text']}

2022-11-04 15:22:28 INFO  ScreenshotListeners:41 - 
================:  verify Search Enter Text :====================

2022-11-04 15:22:28 ERROR BrowserSetUp:156 - verifySearchEnterText -> FAILED due to below issues :
org.openqa.selenium.NoSuchSessionException: invalid session id
  (Driver info: chromedriver=2.43.600229 (3fae4d0cda5334b4f533bede5a4787f7b832d052),platform=Mac OS X 10.16.0 x86_64) (WARNING: The server did not provide any stacktrace information)
Command duration or timeout: 0 milliseconds
Build info: version: '3.141.59', revision: 'e82be7d358', time: '2018-11-14T08:17:03'
System info: host: 'Sigtuples-MacBook-Pro-2.local', ip: 'fe80:0:0:0:14ba:1617:faf5:898a%en0', os.name: 'Mac OS X', os.arch: 'x86_64', os.version: '12.5', java.version: '17.0.2'
Driver info: org.openqa.selenium.chrome.ChromeDriver
Capabilities {acceptInsecureCerts: false, acceptSslCerts: false, applicationCacheEnabled: false, browserConnectionEnabled: false, browserName: chrome, chrome: {chromedriverVersion: 2.43.600229 (3fae4d0cda5334..., userDataDir: /var/folders/1k/lnjjm94144x...}, cssSelectorsEnabled: true, databaseEnabled: false, goog:chromeOptions: {debuggerAddress: localhost:52157}, handlesAlerts: true, hasTouchScreen: false, javascriptEnabled: true, locationContextEnabled: true, mobileEmulationEnabled: false, nativeEvents: true, networkConnectionEnabled: false, pageLoadStrategy: normal, platform: MAC, platformName: MAC, rotatable: false, setWindowRect: true, takesHeapSnapshot: true, takesScreenshot: true, unexpectedAlertBehaviour: , unhandledPromptBehavior: , version: 107.0.5304.87, webStorageEnabled: true}
Session ID: 2223871a5d32b5f55696d7d5e532d86f
*** Element info: {Using=xpath, value=//i[@class='material-icons hide-search-icon ng-star-inserted']}

2022-11-04 15:22:28 INFO  ScreenshotListeners:41 - 
================:  verify Add Assignee :====================

2022-11-04 15:22:28 ERROR BrowserSetUp:156 - verifyAddAssignee -> FAILED due to below issues :
org.openqa.selenium.NoSuchSessionException: invalid session id
  (Driver info: chromedriver=2.43.600229 (3fae4d0cda5334b4f533bede5a4787f7b832d052),platform=Mac OS X 10.16.0 x86_64) (WARNING: The server did not provide any stacktrace information)
Command duration or timeout: 0 milliseconds
Build info: version: '3.141.59', revision: 'e82be7d358', time: '2018-11-14T08:17:03'
System info: host: 'Sigtuples-MacBook-Pro-2.local', ip: 'fe80:0:0:0:14ba:1617:faf5:898a%en0', os.name: 'Mac OS X', os.arch: 'x86_64', os.version: '12.5', java.version: '17.0.2'
Driver info: org.openqa.selenium.chrome.ChromeDriver
Capabilities {acceptInsecureCerts: false, acceptSslCerts: false, applicationCacheEnabled: false, browserConnectionEnabled: false, browserName: chrome, chrome: {chromedriverVersion: 2.43.600229 (3fae4d0cda5334..., userDataDir: /var/folders/1k/lnjjm94144x...}, cssSelectorsEnabled: true, databaseEnabled: false, goog:chromeOptions: {debuggerAddress: localhost:52157}, handlesAlerts: true, hasTouchScreen: false, javascriptEnabled: true, locationContextEnabled: true, mobileEmulationEnabled: false, nativeEvents: true, networkConnectionEnabled: false, pageLoadStrategy: normal, platform: MAC, platformName: MAC, rotatable: false, setWindowRect: true, takesHeapSnapshot: true, takesScreenshot: true, unexpectedAlertBehaviour: , unhandledPromptBehavior: , version: 107.0.5304.87, webStorageEnabled: true}
Session ID: 2223871a5d32b5f55696d7d5e532d86f
*** Element info: {Using=xpath, value=//tbody//tr[1]//td[9]//following-sibling::div//div//mat-select//span}

2022-11-04 15:22:28 INFO  ScreenshotListeners:41 - 
================:  searchfilter Present Test :====================

2022-11-04 15:22:28 ERROR BrowserSetUp:156 - searchfilterPresentTest -> FAILED due to below issues :
org.openqa.selenium.NoSuchSessionException: invalid session id
  (Driver info: chromedriver=2.43.600229 (3fae4d0cda5334b4f533bede5a4787f7b832d052),platform=Mac OS X 10.16.0 x86_64) (WARNING: The server did not provide any stacktrace information)
Command duration or timeout: 0 milliseconds
Build info: version: '3.141.59', revision: 'e82be7d358', time: '2018-11-14T08:17:03'
System info: host: 'Sigtuples-MacBook-Pro-2.local', ip: 'fe80:0:0:0:14ba:1617:faf5:898a%en0', os.name: 'Mac OS X', os.arch: 'x86_64', os.version: '12.5', java.version: '17.0.2'
Driver info: org.openqa.selenium.chrome.ChromeDriver
Capabilities {acceptInsecureCerts: false, acceptSslCerts: false, applicationCacheEnabled: false, browserConnectionEnabled: false, browserName: chrome, chrome: {chromedriverVersion: 2.43.600229 (3fae4d0cda5334..., userDataDir: /var/folders/1k/lnjjm94144x...}, cssSelectorsEnabled: true, databaseEnabled: false, goog:chromeOptions: {debuggerAddress: localhost:52157}, handlesAlerts: true, hasTouchScreen: false, javascriptEnabled: true, locationContextEnabled: true, mobileEmulationEnabled: false, nativeEvents: true, networkConnectionEnabled: false, pageLoadStrategy: normal, platform: MAC, platformName: MAC, rotatable: false, setWindowRect: true, takesHeapSnapshot: true, takesScreenshot: true, unexpectedAlertBehaviour: , unhandledPromptBehavior: , version: 107.0.5304.87, webStorageEnabled: true}
Session ID: 2223871a5d32b5f55696d7d5e532d86f
*** Element info: {Using=css selector, value=i.material-icons.pointer.color-hover}

2022-11-04 15:22:28 INFO  ScreenshotListeners:41 - 
================:  open Filterbox Test :====================

2022-11-04 15:22:30 ERROR BrowserSetUp:156 - openFilterboxTest -> FAILED due to below issues :
org.openqa.selenium.NoSuchSessionException: invalid session id
  (Driver info: chromedriver=2.43.600229 (3fae4d0cda5334b4f533bede5a4787f7b832d052),platform=Mac OS X 10.16.0 x86_64) (WARNING: The server did not provide any stacktrace information)
Command duration or timeout: 0 milliseconds
Build info: version: '3.141.59', revision: 'e82be7d358', time: '2018-11-14T08:17:03'
System info: host: 'Sigtuples-MacBook-Pro-2.local', ip: 'fe80:0:0:0:14ba:1617:faf5:898a%en0', os.name: 'Mac OS X', os.arch: 'x86_64', os.version: '12.5', java.version: '17.0.2'
Driver info: org.openqa.selenium.chrome.ChromeDriver
Capabilities {acceptInsecureCerts: false, acceptSslCerts: false, applicationCacheEnabled: false, browserConnectionEnabled: false, browserName: chrome, chrome: {chromedriverVersion: 2.43.600229 (3fae4d0cda5334..., userDataDir: /var/folders/1k/lnjjm94144x...}, cssSelectorsEnabled: true, databaseEnabled: false, goog:chromeOptions: {debuggerAddress: localhost:52157}, handlesAlerts: true, hasTouchScreen: false, javascriptEnabled: true, locationContextEnabled: true, mobileEmulationEnabled: false, nativeEvents: true, networkConnectionEnabled: false, pageLoadStrategy: normal, platform: MAC, platformName: MAC, rotatable: false, setWindowRect: true, takesHeapSnapshot: true, takesScreenshot: true, unexpectedAlertBehaviour: , unhandledPromptBehavior: , version: 107.0.5304.87, webStorageEnabled: true}
Session ID: 2223871a5d32b5f55696d7d5e532d86f
*** Element info: {Using=xpath, value=//i[@title='Filter']}

2022-11-04 15:22:30 INFO  ScreenshotListeners:41 - 
================:  default Field Values Test :====================

2022-11-04 15:22:30 ERROR BrowserSetUp:156 - defaultFieldValuesTest -> FAILED due to below issues :
org.openqa.selenium.NoSuchSessionException: invalid session id
  (Driver info: chromedriver=2.43.600229 (3fae4d0cda5334b4f533bede5a4787f7b832d052),platform=Mac OS X 10.16.0 x86_64) (WARNING: The server did not provide any stacktrace information)
Command duration or timeout: 0 milliseconds
Build info: version: '3.141.59', revision: 'e82be7d358', time: '2018-11-14T08:17:03'
System info: host: 'Sigtuples-MacBook-Pro-2.local', ip: 'fe80:0:0:0:14ba:1617:faf5:898a%en0', os.name: 'Mac OS X', os.arch: 'x86_64', os.version: '12.5', java.version: '17.0.2'
Driver info: org.openqa.selenium.chrome.ChromeDriver
Capabilities {acceptInsecureCerts: false, acceptSslCerts: false, applicationCacheEnabled: false, browserConnectionEnabled: false, browserName: chrome, chrome: {chromedriverVersion: 2.43.600229 (3fae4d0cda5334..., userDataDir: /var/folders/1k/lnjjm94144x...}, cssSelectorsEnabled: true, databaseEnabled: false, goog:chromeOptions: {debuggerAddress: localhost:52157}, handlesAlerts: true, hasTouchScreen: false, javascriptEnabled: true, locationContextEnabled: true, mobileEmulationEnabled: false, nativeEvents: true, networkConnectionEnabled: false, pageLoadStrategy: normal, platform: MAC, platformName: MAC, rotatable: false, setWindowRect: true, takesHeapSnapshot: true, takesScreenshot: true, unexpectedAlertBehaviour: , unhandledPromptBehavior: , version: 107.0.5304.87, webStorageEnabled: true}
Session ID: 2223871a5d32b5f55696d7d5e532d86f
*** Element info: {Using=xpath, value=//h1[contains(text(),"Filter Reports")]//following::form//following::mat-select[@role="listbox"]}

2022-11-04 15:22:30 INFO  ScreenshotListeners:41 - 
================:  default Date Field Test :====================

2022-11-04 15:22:30 ERROR BrowserSetUp:156 - defaultDateFieldTest -> FAILED due to below issues :
org.openqa.selenium.NoSuchSessionException: invalid session id
  (Driver info: chromedriver=2.43.600229 (3fae4d0cda5334b4f533bede5a4787f7b832d052),platform=Mac OS X 10.16.0 x86_64) (WARNING: The server did not provide any stacktrace information)
Command duration or timeout: 0 milliseconds
Build info: version: '3.141.59', revision: 'e82be7d358', time: '2018-11-14T08:17:03'
System info: host: 'Sigtuples-MacBook-Pro-2.local', ip: 'fe80:0:0:0:14ba:1617:faf5:898a%en0', os.name: 'Mac OS X', os.arch: 'x86_64', os.version: '12.5', java.version: '17.0.2'
Driver info: org.openqa.selenium.chrome.ChromeDriver
Capabilities {acceptInsecureCerts: false, acceptSslCerts: false, applicationCacheEnabled: false, browserConnectionEnabled: false, browserName: chrome, chrome: {chromedriverVersion: 2.43.600229 (3fae4d0cda5334..., userDataDir: /var/folders/1k/lnjjm94144x...}, cssSelectorsEnabled: true, databaseEnabled: false, goog:chromeOptions: {debuggerAddress: localhost:52157}, handlesAlerts: true, hasTouchScreen: false, javascriptEnabled: true, locationContextEnabled: true, mobileEmulationEnabled: false, nativeEvents: true, networkConnectionEnabled: false, pageLoadStrategy: normal, platform: MAC, platformName: MAC, rotatable: false, setWindowRect: true, takesHeapSnapshot: true, takesScreenshot: true, unexpectedAlertBehaviour: , unhandledPromptBehavior: , version: 107.0.5304.87, webStorageEnabled: true}
Session ID: 2223871a5d32b5f55696d7d5e532d86f
*** Element info: {Using=xpath, value=//p[contains(text(),"Scan Date")]//parent::div/parent::div/following-sibling::div//input}

2022-11-04 15:22:30 INFO  ScreenshotListeners:41 - 
================:  modalfooter Test :====================

2022-11-04 15:22:30 ERROR BrowserSetUp:156 - modalfooterTest -> FAILED due to below issues :
org.openqa.selenium.NoSuchSessionException: invalid session id
  (Driver info: chromedriver=2.43.600229 (3fae4d0cda5334b4f533bede5a4787f7b832d052),platform=Mac OS X 10.16.0 x86_64) (WARNING: The server did not provide any stacktrace information)
Command duration or timeout: 0 milliseconds
Build info: version: '3.141.59', revision: 'e82be7d358', time: '2018-11-14T08:17:03'
System info: host: 'Sigtuples-MacBook-Pro-2.local', ip: 'fe80:0:0:0:14ba:1617:faf5:898a%en0', os.name: 'Mac OS X', os.arch: 'x86_64', os.version: '12.5', java.version: '17.0.2'
Driver info: org.openqa.selenium.chrome.ChromeDriver
Capabilities {acceptInsecureCerts: false, acceptSslCerts: false, applicationCacheEnabled: false, browserConnectionEnabled: false, browserName: chrome, chrome: {chromedriverVersion: 2.43.600229 (3fae4d0cda5334..., userDataDir: /var/folders/1k/lnjjm94144x...}, cssSelectorsEnabled: true, databaseEnabled: false, goog:chromeOptions: {debuggerAddress: localhost:52157}, handlesAlerts: true, hasTouchScreen: false, javascriptEnabled: true, locationContextEnabled: true, mobileEmulationEnabled: false, nativeEvents: true, networkConnectionEnabled: false, pageLoadStrategy: normal, platform: MAC, platformName: MAC, rotatable: false, setWindowRect: true, takesHeapSnapshot: true, takesScreenshot: true, unexpectedAlertBehaviour: , unhandledPromptBehavior: , version: 107.0.5304.87, webStorageEnabled: true}
Session ID: 2223871a5d32b5f55696d7d5e532d86f
*** Element info: {Using=xpath, value=//i[contains(text(),"clear")]}

2022-11-04 15:22:30 INFO  ScreenshotListeners:41 - 
================:  click Reset :====================

2022-11-04 15:22:30 ERROR BrowserSetUp:156 - clickReset -> FAILED due to below issues :
org.openqa.selenium.NoSuchSessionException: invalid session id
  (Driver info: chromedriver=2.43.600229 (3fae4d0cda5334b4f533bede5a4787f7b832d052),platform=Mac OS X 10.16.0 x86_64) (WARNING: The server did not provide any stacktrace information)
Command duration or timeout: 0 milliseconds
Build info: version: '3.141.59', revision: 'e82be7d358', time: '2018-11-14T08:17:03'
System info: host: 'Sigtuples-MacBook-Pro-2.local', ip: 'fe80:0:0:0:14ba:1617:faf5:898a%en0', os.name: 'Mac OS X', os.arch: 'x86_64', os.version: '12.5', java.version: '17.0.2'
Driver info: org.openqa.selenium.chrome.ChromeDriver
Capabilities {acceptInsecureCerts: false, acceptSslCerts: false, applicationCacheEnabled: false, browserConnectionEnabled: false, browserName: chrome, chrome: {chromedriverVersion: 2.43.600229 (3fae4d0cda5334..., userDataDir: /var/folders/1k/lnjjm94144x...}, cssSelectorsEnabled: true, databaseEnabled: false, goog:chromeOptions: {debuggerAddress: localhost:52157}, handlesAlerts: true, hasTouchScreen: false, javascriptEnabled: true, locationContextEnabled: true, mobileEmulationEnabled: false, nativeEvents: true, networkConnectionEnabled: false, pageLoadStrategy: normal, platform: MAC, platformName: MAC, rotatable: false, setWindowRect: true, takesHeapSnapshot: true, takesScreenshot: true, unexpectedAlertBehaviour: , unhandledPromptBehavior: , version: 107.0.5304.87, webStorageEnabled: true}
Session ID: 2223871a5d32b5f55696d7d5e532d86f
*** Element info: {Using=css selector, value=button.simple-button.reset-button.mat-button}

2022-11-04 15:22:30 INFO  ScreenshotListeners:41 - 
================:  click Cancel Test :====================

2022-11-04 15:22:30 ERROR BrowserSetUp:156 - clickCancelTest -> FAILED due to below issues :
org.openqa.selenium.NoSuchSessionException: invalid session id
  (Driver info: chromedriver=2.43.600229 (3fae4d0cda5334b4f533bede5a4787f7b832d052),platform=Mac OS X 10.16.0 x86_64) (WARNING: The server did not provide any stacktrace information)
Command duration or timeout: 0 milliseconds
Build info: version: '3.141.59', revision: 'e82be7d358', time: '2018-11-14T08:17:03'
System info: host: 'Sigtuples-MacBook-Pro-2.local', ip: 'fe80:0:0:0:14ba:1617:faf5:898a%en0', os.name: 'Mac OS X', os.arch: 'x86_64', os.version: '12.5', java.version: '17.0.2'
Driver info: org.openqa.selenium.chrome.ChromeDriver
Capabilities {acceptInsecureCerts: false, acceptSslCerts: false, applicationCacheEnabled: false, browserConnectionEnabled: false, browserName: chrome, chrome: {chromedriverVersion: 2.43.600229 (3fae4d0cda5334..., userDataDir: /var/folders/1k/lnjjm94144x...}, cssSelectorsEnabled: true, databaseEnabled: false, goog:chromeOptions: {debuggerAddress: localhost:52157}, handlesAlerts: true, hasTouchScreen: false, javascriptEnabled: true, locationContextEnabled: true, mobileEmulationEnabled: false, nativeEvents: true, networkConnectionEnabled: false, pageLoadStrategy: normal, platform: MAC, platformName: MAC, rotatable: false, setWindowRect: true, takesHeapSnapshot: true, takesScreenshot: true, unexpectedAlertBehaviour: , unhandledPromptBehavior: , version: 107.0.5304.87, webStorageEnabled: true}
Session ID: 2223871a5d32b5f55696d7d5e532d86f
*** Element info: {Using=xpath, value=//i[contains(text(),"clear")]}

2022-11-04 15:22:30 INFO  ScreenshotListeners:41 - 
================:  select Unassigned Review Test :====================

2022-11-04 15:22:31 ERROR BrowserSetUp:156 - selectUnassignedReviewTest -> FAILED due to below issues :
org.openqa.selenium.NoSuchSessionException: invalid session id
  (Driver info: chromedriver=2.43.600229 (3fae4d0cda5334b4f533bede5a4787f7b832d052),platform=Mac OS X 10.16.0 x86_64) (WARNING: The server did not provide any stacktrace information)
Command duration or timeout: 0 milliseconds
Build info: version: '3.141.59', revision: 'e82be7d358', time: '2018-11-14T08:17:03'
System info: host: 'Sigtuples-MacBook-Pro-2.local', ip: 'fe80:0:0:0:14ba:1617:faf5:898a%en0', os.name: 'Mac OS X', os.arch: 'x86_64', os.version: '12.5', java.version: '17.0.2'
Driver info: org.openqa.selenium.chrome.ChromeDriver
Capabilities {acceptInsecureCerts: false, acceptSslCerts: false, applicationCacheEnabled: false, browserConnectionEnabled: false, browserName: chrome, chrome: {chromedriverVersion: 2.43.600229 (3fae4d0cda5334..., userDataDir: /var/folders/1k/lnjjm94144x...}, cssSelectorsEnabled: true, databaseEnabled: false, goog:chromeOptions: {debuggerAddress: localhost:52157}, handlesAlerts: true, hasTouchScreen: false, javascriptEnabled: true, locationContextEnabled: true, mobileEmulationEnabled: false, nativeEvents: true, networkConnectionEnabled: false, pageLoadStrategy: normal, platform: MAC, platformName: MAC, rotatable: false, setWindowRect: true, takesHeapSnapshot: true, takesScreenshot: true, unexpectedAlertBehaviour: , unhandledPromptBehavior: , version: 107.0.5304.87, webStorageEnabled: true}
Session ID: 2223871a5d32b5f55696d7d5e532d86f
*** Element info: {Using=xpath, value=//i[@title='Filter']}

