2022-12-20 19:03:43 INFO  ScreenshotListeners:41 - 
================:  verify Sig Tuple Tittle :====================

2022-12-20 19:03:44 INFO  LoginTest:45 - Sigtuple title is successfully verified
2022-12-20 19:03:44 INFO  ScreenshotListeners:41 - 
================:  verify Mandara App Load :====================

2022-12-20 19:03:44 INFO  Login:47 - mandara app is loaded
2022-12-20 19:03:44 INFO  LoginTest:54 - Mandara App is loaded successfully in UI
2022-12-20 19:03:44 INFO  ScreenshotListeners:41 - 
================:  visibility Of Sigtuple Logo :====================

2022-12-20 19:03:44 INFO  Login:57 - sigtuple logo is loaded
2022-12-20 19:03:44 INFO  LoginTest:61 - Sigtuple icon visible
2022-12-20 19:03:44 INFO  ScreenshotListeners:41 - 
================:  visibility Of Login Container :====================

2022-12-20 19:03:44 INFO  Login:67 - login container is loaded
2022-12-20 19:03:44 INFO  LoginTest:68 - Login container is visible
2022-12-20 19:03:44 INFO  ScreenshotListeners:41 - 
================:  visibility Of User Name Field :====================

2022-12-20 19:03:44 INFO  Login:78 - user name field is displayed
2022-12-20 19:03:44 INFO  LoginTest:75 - verifyVisibilityOfUserNameField
2022-12-20 19:03:44 INFO  ScreenshotListeners:41 - 
================:  visibility Of Pass Name Field :====================

2022-12-20 19:03:44 INFO  Login:90 - user name field is displayed
2022-12-20 19:03:44 INFO  LoginTest:82 - verifyVisibilityOfPassNameField
2022-12-20 19:03:44 INFO  ScreenshotListeners:41 - 
================:  visibility Of Login Button :====================

2022-12-20 19:03:44 INFO  Login:102 - Login buttin is visible
2022-12-20 19:03:44 INFO  LoginTest:89 - visibilityOfLoginButton
2022-12-20 19:03:44 INFO  ScreenshotListeners:41 - 
================:  enability Of Login Button :====================

2022-12-20 19:03:45 INFO  Login:114 - Login buttin is disabled
2022-12-20 19:03:45 INFO  LoginTest:96 - enabilityOfLoginButton
2022-12-20 19:03:45 INFO  ScreenshotListeners:41 - 
================:  verify User Name Alerttest :====================

2022-12-20 19:03:46 INFO  Login:133 - user name alert Msg :Please enter your user name
2022-12-20 19:03:46 INFO  LoginTest:103 - Alert message for Username field verified
2022-12-20 19:03:46 INFO  ScreenshotListeners:41 - 
================:  verify Password Alerttest :====================

2022-12-20 19:03:46 INFO  Login:148 - password field alert Msg :Please enter your password
2022-12-20 19:03:46 INFO  LoginTest:110 - Alert message for Password field verified
2022-12-20 19:03:46 INFO  ScreenshotListeners:41 - 
================:  visibility Of Forgot Password Button :====================

2022-12-20 19:03:46 INFO  Login:158 - forgot pass button is displayed
2022-12-20 19:03:46 INFO  LoginTest:118 - visibilityOfForgotPasswordButton
2022-12-20 19:03:46 INFO  ScreenshotListeners:41 - 
================:  click On Forgot Password Button :====================

2022-12-20 19:03:47 INFO  Login:170 - clicked on forgot pass button
2022-12-20 19:03:47 INFO  LoginTest:126 - clickOnForgotPasswordButton
2022-12-20 19:03:47 INFO  ScreenshotListeners:41 - 
================:  verify Forgot Password Page Loaded :====================

2022-12-20 19:03:47 INFO  Login:181 - forgot password page loaded
2022-12-20 19:03:47 INFO  LoginTest:134 - verifyForgotPasswordPageLoaded
2022-12-20 19:03:47 INFO  ScreenshotListeners:41 - 
================:  visibility Of Email I D Field :====================

2022-12-20 19:03:47 INFO  Login:193 - Email field is displayed
2022-12-20 19:03:47 INFO  LoginTest:141 - visibilityOfForgotPasswordButton
2022-12-20 19:03:47 INFO  ScreenshotListeners:41 - 
================:  visibility Of Back To Login Button :====================

2022-12-20 19:03:47 INFO  Login:204 - back to login button is displayed
2022-12-20 19:03:47 INFO  LoginTest:148 - visibilityOfBackToLoginButton
2022-12-20 19:03:47 INFO  ScreenshotListeners:41 - 
================:  visibility Of Reser Password Button :====================

2022-12-20 19:03:47 INFO  Login:215 - password reset button is displayed and disabled
2022-12-20 19:03:47 INFO  LoginTest:155 - visibilityOfReserPasswordButton
2022-12-20 19:03:47 INFO  ScreenshotListeners:41 - 
================:  enability Of Reser Password Button :====================

2022-12-20 19:03:47 INFO  Login:227 - reset buttin is disabled
2022-12-20 19:03:47 INFO  LoginTest:162 - enabilityOfReserPasswordButton
2022-12-20 19:03:47 INFO  ScreenshotListeners:41 - 
================:  verify Email Field Alert Test :====================

2022-12-20 19:03:47 INFO  Login:246 - Email field alert Msg :Please enter valid email id
2022-12-20 19:03:47 INFO  LoginTest:169 - Alert message for Email field verified
2022-12-20 19:03:47 INFO  ScreenshotListeners:41 - 
================:  verify Alertfor Not An Emailid :====================

2022-12-20 19:03:48 INFO  Login:265 - entered text is not an email ID
2022-12-20 19:03:48 INFO  Login:267 - Email field alert Msg :Please enter valid email id
2022-12-20 19:03:48 INFO  LoginTest:176 - verifyAlertforInvalideEmail
2022-12-20 19:03:48 INFO  ScreenshotListeners:41 - 
================:  verify Alertfor Invalide Email :====================

2022-12-20 19:03:49 INFO  Login:286 - entered text is an email ID
2022-12-20 19:03:50 INFO  LoginTest:184 - verifyAlertforInvalideEmail
2022-12-20 19:03:50 INFO  ScreenshotListeners:41 - 
================:  verify Alertfor Valide Email :====================

2022-12-20 19:03:56 INFO  Login:312 - entered text is an email ID
2022-12-20 19:03:56 INFO  LoginTest:192 - verifyAlertforValideEmail
2022-12-20 19:03:56 INFO  ScreenshotListeners:41 - 
================:  clickon Back To Login :====================

2022-12-20 19:03:56 INFO  Login:331 - back to login button clicked
2022-12-20 19:03:57 INFO  LoginTest:199 - On clicking 'Back to Login' button, the user navigates to the login form window
2022-12-20 19:03:57 INFO  ScreenshotListeners:41 - 
================:  visibility Of Login Container1 :====================

2022-12-20 19:03:57 INFO  Login:67 - login container is loaded
2022-12-20 19:03:57 INFO  LoginTest:207 - Login container is visible
2022-12-20 19:03:57 INFO  ScreenshotListeners:41 - 
================:  verify Valid Login :====================

2022-12-20 19:03:58 INFO  Login:405 - clicked on login button
2022-12-20 19:03:58 INFO  LoginTest:267 - login Done successfully
2022-12-20 19:03:58 INFO  ScreenshotListeners:41 - 
================:  visibility Mandara Home Page :====================

2022-12-20 19:04:02 INFO  Login:417 - Mandara home page is loaded
2022-12-20 19:04:02 INFO  LoginTest:279 - Mandara home page is Loaded
2022-12-20 19:04:02 INFO  ScreenshotListeners:41 - 
================:  check Madara Home Page :====================

2022-12-20 19:04:02 INFO  MandaraHomeTest:34 - Mandara Home Page has loaded successfully
2022-12-20 19:04:02 INFO  ScreenshotListeners:41 - 
================:  check Sigtuple Icon :====================

2022-12-20 19:04:02 INFO  MandaraHomeTest:41 - Sigtuple mini icon on static bar is present on top left and is clickable
2022-12-20 19:04:02 INFO  ScreenshotListeners:41 - 
================:  checkusericon :====================

2022-12-20 19:04:02 INFO  MandaraHomeTest:53 - User Icon is present on static bar is present on top right and is clickable
2022-12-20 19:04:02 INFO  ScreenshotListeners:41 - 
================:  number Of Products For User :====================

2022-12-20 19:04:02 INFO  MandaraHomeTest:73 - Number of Products currently accessible to users is 4
2022-12-20 19:04:02 INFO  ScreenshotListeners:41 - 
================:  copyright Test :====================

2022-12-20 19:04:02 INFO  MandaraHomeTest:83 - Copyright info is not identified
2022-12-20 19:04:02 INFO  ScreenshotListeners:41 - 
================:  terms N Cond Test :====================

2022-12-20 19:04:05 INFO  MandaraHomeTest:90 - Terms of Service hyperlink is displayed
2022-12-20 19:04:05 INFO  MandaraHomeTest:91 - Terms of Service dialog box opened up on clicking on hyperlink
2022-12-20 19:04:05 INFO  MandaraHomeTest:92 - The header of the dialog box is 'Terms of Service'
2022-12-20 19:04:05 INFO  MandaraHomeTest:93 - Terms of Service dialog box is closed successfully
2022-12-20 19:04:05 INFO  ScreenshotListeners:41 - 
================:  privacy Policy :====================

2022-12-20 19:04:09 INFO  MandaraHomeTest:100 - Privacy policy window opened on the text browser tab
2022-12-20 19:04:09 INFO  MandaraHomeTest:106 - The Privacy policy document is closed
2022-12-20 19:04:09 INFO  ScreenshotListeners:41 - 
================:  availability Of Shonit Card :====================

2022-12-20 19:04:09 INFO  MandaraHomeTest:159 - Shonit product is available for current user
2022-12-20 19:04:09 INFO  ScreenshotListeners:41 - 
================:  verify Option From User Icon :====================

2022-12-20 19:04:15 INFO  MandaraHomeTest:65 - All expected option are available after click on user icon
2022-12-20 19:04:15 INFO  ScreenshotListeners:41 - 
================:  verify Shonit Carddetails :====================

2022-12-20 19:04:15 INFO  MandaraHome:168 -  all details of this card is verified 
2022-12-20 19:04:15 INFO  MandaraHomeTest:201 - All details on shonit card is verified 
2022-12-20 19:04:15 INFO  ScreenshotListeners:41 - 
================:  clickon List Report Test :====================

2022-12-20 19:04:16 INFO  ListReportTest:47 - Clicked on List Report Successfully to load
2022-12-20 19:04:16 INFO  ScreenshotListeners:41 - 
================:  visibility Of Version Card :====================

2022-12-20 19:04:16 INFO  ListReportTest:56 - about app is opened
2022-12-20 19:04:16 INFO  ScreenshotListeners:41 - 
================:  visibility Of Plateform Version :====================

2022-12-20 19:04:16 INFO  ListReportTest:66 - plateform version is verified
2022-12-20 19:04:16 INFO  ScreenshotListeners:41 - 
================:  visibility Of Product Name :====================

2022-12-20 19:04:17 INFO  ListReportTest:91 - product name is verified
2022-12-20 19:04:17 INFO  ScreenshotListeners:41 - 
================:  visibility Of Software Version :====================

2022-12-20 19:04:18 INFO  ListReportTest:100 - software version is verified
2022-12-20 19:04:18 INFO  ScreenshotListeners:41 - 
================:  closeproduct Version Card :====================

2022-12-20 19:04:21 INFO  ListReportTest:109 - about app is closed
2022-12-20 19:04:21 INFO  ScreenshotListeners:41 - 
================:  verify List Reportpage :====================

2022-12-20 19:04:21 INFO  ListReportTest:120 - List Report page loaded
2022-12-20 19:04:21 INFO  ScreenshotListeners:41 - 
================:  visibility Of Help Icon :====================

2022-12-20 19:04:21 INFO  ListReportTest:74 - help icon is verified
2022-12-20 19:04:21 INFO  ScreenshotListeners:41 - 
================:  Verify Click On Notification Icon :====================

2022-12-20 19:04:21 INFO  ListReportTest:82 - Clicked on notification icon Successfully 
2022-12-20 19:04:21 INFO  ScreenshotListeners:41 - 
================:  verify Visibilioty O Flag Colour :====================

2022-12-20 19:04:21 INFO  ListReportTest:131 -  automatically flag colour is verified
2022-12-20 19:04:21 INFO  ScreenshotListeners:41 - 
================:  verify Notpad Icon :====================

2022-12-20 19:04:21 INFO  ListReportTest:153 - Notepad Icon is available before 'Analysis Reports' text
2022-12-20 19:04:21 INFO  ScreenshotListeners:41 - 
================:  verifymodulname :====================

2022-12-20 19:04:21 INFO  ListReportTest:146 - Modul name contains :Shonit
2022-12-20 19:04:21 INFO  ScreenshotListeners:41 - 
================:  verifyfilter Icon :====================

2022-12-20 19:04:21 INFO  ListReportTest:167 - Filter icon is displayed
2022-12-20 19:04:21 INFO  ScreenshotListeners:41 - 
================:  verifyrefreshicon :====================

2022-12-20 19:04:21 INFO  ListReportTest:174 - Refresh icon is displayed
2022-12-20 19:04:21 INFO  ScreenshotListeners:41 - 
================:  verify Option From User Icon On Shonit Report Page :====================

2022-12-20 19:04:26 INFO  ListReportTest:187 - All expected option are available after click on user icon
2022-12-20 19:04:26 INFO  ScreenshotListeners:41 - 
================:  verifytableheader :====================

2022-12-20 19:04:26 INFO  ListReportTest:208 - Success: validation of list of columns in Shonit list Report ,PRIORITY,FLAG
  filter_alt,SLIDE ID,DESCRIPTION,INSTALLATION,SUBMITTED BY,SUBMITTED AT,REVIEWER,STATUS,FLAGGED ON
  filter_alt,
2022-12-20 19:04:26 INFO  ScreenshotListeners:41 - 
================:  terms N Cond Test On Shonit Report Page :====================

2022-12-20 19:04:27 INFO  ListReportTest:193 - Terms of Service hyperlink is displayed
2022-12-20 19:04:27 INFO  ListReportTest:194 - Terms of Service dialog box opened up on clicking on hyperlink
2022-12-20 19:04:27 INFO  ListReportTest:195 - The header of the dialog box is 'Terms of Service'
2022-12-20 19:04:27 INFO  ListReportTest:196 - Terms of Service dialog box is closed successfully
2022-12-20 19:04:27 INFO  ScreenshotListeners:41 - 
================:  checkpaginationeditbox :====================

2022-12-20 19:04:27 INFO  ListReportTest:215 - edit box is visible to enter page number 
2022-12-20 19:04:27 INFO  ScreenshotListeners:41 - 
================:  checkpaginationchevronicons :====================

2022-12-20 19:04:27 INFO  ListReportTest:229 - chevron icons are visible at the bottom of page
2022-12-20 19:04:27 INFO  ScreenshotListeners:41 - 
================:  checkpaginationposition :====================

2022-12-20 19:04:27 INFO  ListReportTest:222 - table page numbers are visible
2022-12-20 19:04:27 INFO  ScreenshotListeners:41 - 
================:  verify Search Enter Text :====================

2022-12-20 19:04:32 INFO  ListReportTest:295 - Search Text passed successfully
2022-12-20 19:04:32 INFO  ScreenshotListeners:41 - 
================:  verify Add Assignee :====================

2022-12-20 19:04:34 INFO  ListReportTest:301 - reviewer is assigned for verify the report
2022-12-20 19:04:34 INFO  ScreenshotListeners:41 - 
================:  searchsample I D :====================

2022-12-20 19:04:44 INFO  ReportPageTest:51 - sample is searched for get the reprot for page
2022-12-20 19:04:44 INFO  ScreenshotListeners:41 - 
================:  verifysample Detail At Report Page :====================

2022-12-20 19:04:44 INFO  ScreenshotListeners:41 - 
================:  verify Slide I D :====================

2022-12-20 19:04:46 INFO  ReportPageTest:66 - Slid id is verified successfully Slide ID: TEST-345
2022-12-20 19:04:46 INFO  ScreenshotListeners:41 - 
================:  verifyslide Detail At Report Page :====================

2022-12-20 19:04:51 INFO  ReportPageTest:84 - details are verifiedDescription:Submitted By:Scan Mode:Product Version:Submitted At:
2022-12-20 19:04:51 INFO  ScreenshotListeners:41 - 
================:  verify Header On Report Page :====================

2022-12-20 19:04:51 INFO  ReportPageTest:99 -  expected header is present on report page
2022-12-20 19:04:51 INFO  ScreenshotListeners:41 - 
================:  verify P B S Report Header :====================

2022-12-20 19:04:51 INFO  ReportPageTest:107 -  expected header is present on report page
2022-12-20 19:04:51 INFO  ScreenshotListeners:41 - 
================:  verify All Reports Name :====================

2022-12-20 19:04:51 INFO  ReportPageTest:115 - expected reports types are present on report page
2022-12-20 19:04:51 INFO  ScreenshotListeners:41 - 
================:  verify Ps Impression Header :====================

2022-12-20 19:04:51 INFO  ReportPageTest:122 -  expected header is present on  psImpression report page
2022-12-20 19:04:51 INFO  ScreenshotListeners:41 - 
================:  verify Ps Impressions Name :====================

2022-12-20 19:04:51 INFO  ReportPageTest:129 -  all  expected names are present on report page
2022-12-20 19:04:51 INFO  ScreenshotListeners:41 - 
================:  verifying Original Report :====================

2022-12-20 19:05:11 ERROR BrowserSetUp:156 - verifyingOriginalReport -> FAILED due to below issues :
org.openqa.selenium.NoSuchElementException: no such element: Unable to locate element: {"method":"xpath","selector":"//*[contains(text(),'Original')]"}
  (Session info: chrome=108.0.5359.124)
  (Driver info: chromedriver=2.43.600229 (3fae4d0cda5334b4f533bede5a4787f7b832d052),platform=Mac OS X 10.16.0 x86_64) (WARNING: The server did not provide any stacktrace information)
Command duration or timeout: 0 milliseconds
For documentation on this error, please visit: https://www.seleniumhq.org/exceptions/no_such_element.html
Build info: version: '3.141.59', revision: 'e82be7d358', time: '2018-11-14T08:17:03'
System info: host: 'Sigtuples-MacBook-Pro-2.local', ip: 'fe80:0:0:0:825:f5b:92cc:3012%en0', os.name: 'Mac OS X', os.arch: 'x86_64', os.version: '10.16', java.version: '1.8.0_202'
Driver info: org.openqa.selenium.chrome.ChromeDriver
Capabilities {acceptInsecureCerts: false, acceptSslCerts: false, applicationCacheEnabled: false, browserConnectionEnabled: false, browserName: chrome, chrome: {chromedriverVersion: 2.43.600229 (3fae4d0cda5334..., userDataDir: /var/folders/1k/lnjjm94144x...}, cssSelectorsEnabled: true, databaseEnabled: false, goog:chromeOptions: {debuggerAddress: localhost:51565}, handlesAlerts: true, hasTouchScreen: false, javascriptEnabled: true, locationContextEnabled: true, mobileEmulationEnabled: false, nativeEvents: true, networkConnectionEnabled: false, pageLoadStrategy: normal, platform: MAC, platformName: MAC, rotatable: false, setWindowRect: true, takesHeapSnapshot: true, takesScreenshot: true, unexpectedAlertBehaviour: , unhandledPromptBehavior: , version: 108.0.5359.124, webStorageEnabled: true}
Session ID: 4080e5c84d7bfc3559e4d425f5a04465
*** Element info: {Using=xpath, value=//*[contains(text(),'Original')]}

2022-12-20 19:05:12 INFO  BrowserSetUp:166 - Screenshot for this failed method : Screenshot/verifyingOriginalReport.png
2022-12-20 19:05:12 INFO  ScreenshotListeners:41 - 
================:  verify Download Report :====================

2022-12-20 19:05:14 INFO  ReportPageTest:143 -  xls report format is present on downloads at report page 
2022-12-20 19:05:14 INFO  ScreenshotListeners:41 - 
================:  verify Report Page :====================

2022-12-20 19:05:14 INFO  ReportPageTest:180 - Report page is opened successfully 
2022-12-20 19:05:14 INFO  ScreenshotListeners:41 - 
================:  switchtoplt Tab :====================

2022-12-20 19:05:22 INFO  ReportPage:608 - clicked on tab
2022-12-20 19:05:22 INFO  ShonitPlateleteReportTest:49 - Clicked on plt Tab of Report page
2022-12-20 19:05:22 INFO  ScreenshotListeners:41 - 
================:  verifyplt Tab :====================

2022-12-20 19:05:25 INFO  ShonitPlateleteReportTest:60 - List of tabels in plt tab is verified
2022-12-20 19:05:25 INFO  ScreenshotListeners:41 - 
================:  verifyplt Absolute Columns :====================

2022-12-20 19:05:25 INFO  ShonitPlateleteReportTest:69 - List of columns of plt Absolute is verified
2022-12-20 19:05:25 INFO  ScreenshotListeners:41 - 
================:  verify Platelet Modified Note :====================

2022-12-20 19:05:25 INFO  ShonitPlateleteReportTest:77 - The platelet modified note is Platelet counts can be modified at FOV level as needed and clicking on ’Update’ will save all the changes.
2022-12-20 19:05:25 INFO  ScreenshotListeners:41 - 
================:  verifyplt Absolute Rows :====================

2022-12-20 19:05:25 INFO  ShonitPlateleteReportTest:85 - The platelet cell name ara Normal Platelets (N)Macro Platelets ** (M)Giant Platelets (G)
2022-12-20 19:05:25 INFO  ScreenshotListeners:41 - 
================:  verfy Avarage Coutn :====================

2022-12-20 19:05:25 ERROR BrowserSetUp:156 - verfyAvarageCoutn -> FAILED due to below issues :
java.lang.AssertionError: expected [13.8] but found [13.799999]

2022-12-20 19:05:26 INFO  BrowserSetUp:166 - Screenshot for this failed method : Screenshot/verfyAvarageCoutn.png
2022-12-20 19:05:26 INFO  ScreenshotListeners:41 - 
================:  get Detection Text :====================

2022-12-20 19:05:26 INFO  ShonitPlateleteReportTest:102 - Detected The text is present on table
2022-12-20 19:05:26 INFO  ScreenshotListeners:41 - 
================:  Verify N M Gwith Colour Code :====================

2022-12-20 19:05:26 INFO  ShonitPlateleteReportTest:110 - NMG The NMG and colour code are verified
2022-12-20 19:05:26 INFO  ScreenshotListeners:41 - 
================:  Verify Total Number Of Platlete F O Vcount :====================

2022-12-20 19:05:26 INFO  ShonitPlateleteReportTest:153 - FOV 1FOV 2FOV 3FOV 4FOV 5FOV 6FOV 7FOV 8FOV 9FOV 10 There are 10 FOV are present
2022-12-20 19:05:26 INFO  ScreenshotListeners:41 - 
================:  verify Platelet Count At F O V Level :====================

2022-12-20 19:05:32 INFO  ShonitPlateleteReportTest:168 - alert message is verified on platelet tab
2022-12-20 19:05:32 INFO  ScreenshotListeners:41 - 
================:  verify Image Zoom In :====================

2022-12-20 19:05:38 INFO  ImgDiffPercent:49 - diff b/w images : 15.339538898200555
2022-12-20 19:05:38 INFO  ShonitPlateleteReportTest:181 - The images were zoomed in successfully
2022-12-20 19:05:38 INFO  ScreenshotListeners:41 - 
================:  verify Image Size Reset :====================

2022-12-20 19:05:46 INFO  ImgDiffPercent:49 - diff b/w images : 0.0
2022-12-20 19:05:46 INFO  ShonitPlateleteReportTest:197 - The images were not zoomed in successfully
2022-12-20 19:05:46 ERROR BrowserSetUp:156 - verifyImageSizeReset -> FAILED due to below issues :
java.lang.AssertionError: expected [true] but found [false]

2022-12-20 19:05:47 INFO  BrowserSetUp:166 - Screenshot for this failed method : Screenshot/verifyImageSizeReset.png
2022-12-20 19:05:47 INFO  ScreenshotListeners:41 - 
================:  verify Image Zoom Out :====================

2022-12-20 19:05:53 INFO  ImgDiffPercent:49 - diff b/w images : 0.30021746134020616
2022-12-20 19:05:53 INFO  ShonitPlateleteReportTest:205 - The images were zoomed in successfully
2022-12-20 19:05:53 INFO  ScreenshotListeners:41 - 
================:  verify Maximum Zoom In Popup :====================

2022-12-20 19:06:27 ERROR BrowserSetUp:156 - verifyMaximumZoomInPopup -> FAILED due to below issues :
org.openqa.selenium.NoSuchElementException: no such element: Unable to locate element: {"method":"xpath","selector":"//body/app-root[1]/div[1]/div[1]/ngx-growl[1]/div[1]"}
  (Session info: chrome=108.0.5359.124)
  (Driver info: chromedriver=2.43.600229 (3fae4d0cda5334b4f533bede5a4787f7b832d052),platform=Mac OS X 10.16.0 x86_64) (WARNING: The server did not provide any stacktrace information)
Command duration or timeout: 0 milliseconds
For documentation on this error, please visit: https://www.seleniumhq.org/exceptions/no_such_element.html
Build info: version: '3.141.59', revision: 'e82be7d358', time: '2018-11-14T08:17:03'
System info: host: 'Sigtuples-MacBook-Pro-2.local', ip: 'fe80:0:0:0:825:f5b:92cc:3012%en0', os.name: 'Mac OS X', os.arch: 'x86_64', os.version: '10.16', java.version: '1.8.0_202'
Driver info: org.openqa.selenium.chrome.ChromeDriver
Capabilities {acceptInsecureCerts: false, acceptSslCerts: false, applicationCacheEnabled: false, browserConnectionEnabled: false, browserName: chrome, chrome: {chromedriverVersion: 2.43.600229 (3fae4d0cda5334..., userDataDir: /var/folders/1k/lnjjm94144x...}, cssSelectorsEnabled: true, databaseEnabled: false, goog:chromeOptions: {debuggerAddress: localhost:51565}, handlesAlerts: true, hasTouchScreen: false, javascriptEnabled: true, locationContextEnabled: true, mobileEmulationEnabled: false, nativeEvents: true, networkConnectionEnabled: false, pageLoadStrategy: normal, platform: MAC, platformName: MAC, rotatable: false, setWindowRect: true, takesHeapSnapshot: true, takesScreenshot: true, unexpectedAlertBehaviour: , unhandledPromptBehavior: , version: 108.0.5359.124, webStorageEnabled: true}
Session ID: 4080e5c84d7bfc3559e4d425f5a04465
*** Element info: {Using=xpath, value=//body/app-root[1]/div[1]/div[1]/ngx-growl[1]/div[1]}

2022-12-20 19:06:28 INFO  BrowserSetUp:166 - Screenshot for this failed method : Screenshot/verifyMaximumZoomInPopup.png
2022-12-20 19:06:28 INFO  ScreenshotListeners:41 - 
================:  switchtoplt Morphology Tab :====================

2022-12-20 19:06:33 INFO  ReportPage:608 - clicked on tab
2022-12-20 19:06:33 INFO  ShonitPlateleteReportTest:224 - Clicked on plt morphology Tab of Report page
2022-12-20 19:06:33 INFO  ScreenshotListeners:41 - 
================:  clickoncommenticon :====================

2022-12-20 19:06:39 INFO  ShonitPlateleteReportTest:236 - Clicked on Comment Icon Successfully
2022-12-20 19:06:39 INFO  ScreenshotListeners:41 - 
================:  loadcommentbox :====================

2022-12-20 19:06:41 INFO  ShonitPlateleteReportTest:242 - Comment Box laoded succssfully
2022-12-20 19:06:41 INFO  ScreenshotListeners:41 - 
================:  validatebox :====================

2022-12-20 19:06:44 INFO  ShonitPlateleteReportTest:249 - Comment Box is verified successfully
2022-12-20 19:06:44 INFO  ScreenshotListeners:41 - 
================:  closecommentbox :====================

2022-12-20 19:06:47 INFO  ShonitPlateleteReportTest:255 - Clicked on Comment close Icon Successfully
2022-12-20 19:06:47 INFO  ScreenshotListeners:41 - 
================:  clickoncommenticon1 :====================

2022-12-20 19:06:48 INFO  ShonitPlateleteReportTest:261 - Clicked on Comment Icon Successfully
2022-12-20 19:06:48 INFO  ScreenshotListeners:41 - 
================:  checkuser :====================

2022-12-20 19:06:50 INFO  ShonitPlateleteReportTest:267 - user can update the comment
2022-12-20 19:06:50 INFO  ScreenshotListeners:41 - 
================:  checkpostbtnclickable :====================

2022-12-20 19:06:52 INFO  ShonitPlateleteReportTest:273 - Post button is clickable 
2022-12-20 19:06:52 INFO  ScreenshotListeners:41 - 
================:  checkcommentbox :====================

2022-12-20 19:06:53 INFO  ShonitPlateleteReportTest:288 - comment box is editable for entring the comments 
2022-12-20 19:06:53 INFO  ScreenshotListeners:41 - 
================:  Platelet_entercomment :====================

2022-12-20 19:07:06 INFO  ShonitPlateleteReportTest:297 - comment pushed successfully for platelettab tab
2022-12-20 19:07:06 INFO  ScreenshotListeners:41 - 
================:  Platelet_checkcomment :====================

2022-12-20 19:07:12 INFO  ShonitPlateleteReportTest:305 - comment verificaiton Done successfully for platelettab
