2022-10-19 11:20:52 INFO  ScreenshotListeners:41 - 
================:  verify Sig Tuple Tittle :====================

2022-10-19 11:20:54 INFO  LoginTest:45 - Sigtuple title is successfully verified
2022-10-19 11:20:54 INFO  ScreenshotListeners:41 - 
================:  verify Mandara App Load :====================

2022-10-19 11:20:54 INFO  Login:47 - mandara app is loaded
2022-10-19 11:20:54 INFO  LoginTest:54 - Mandara App is loaded successfully in UI
2022-10-19 11:20:54 INFO  ScreenshotListeners:41 - 
================:  visibility Of Sigtuple Logo :====================

2022-10-19 11:20:54 INFO  Login:57 - sigtuple logo is loaded
2022-10-19 11:20:54 INFO  LoginTest:61 - Sigtuple icon visible
2022-10-19 11:20:54 INFO  ScreenshotListeners:41 - 
================:  visibility Of Login Container :====================

2022-10-19 11:20:54 INFO  Login:67 - login container is loaded
2022-10-19 11:20:54 INFO  LoginTest:68 - Login container is visible
2022-10-19 11:20:54 INFO  ScreenshotListeners:41 - 
================:  visibility Of User Name Field :====================

2022-10-19 11:20:54 INFO  Login:78 - user name field is displayed
2022-10-19 11:20:54 INFO  LoginTest:75 - verifyVisibilityOfUserNameField
2022-10-19 11:20:54 INFO  ScreenshotListeners:41 - 
================:  visibility Of Pass Name Field :====================

2022-10-19 11:20:54 INFO  Login:90 - user name field is displayed
2022-10-19 11:20:54 INFO  LoginTest:82 - verifyVisibilityOfPassNameField
2022-10-19 11:20:54 INFO  ScreenshotListeners:41 - 
================:  visibility Of Login Button :====================

2022-10-19 11:20:54 INFO  Login:102 - Login buttin is visible
2022-10-19 11:20:54 INFO  LoginTest:89 - visibilityOfLoginButton
2022-10-19 11:20:54 INFO  ScreenshotListeners:41 - 
================:  enability Of Login Button :====================

2022-10-19 11:20:54 INFO  Login:114 - Login buttin is disabled
2022-10-19 11:20:54 INFO  LoginTest:96 - enabilityOfLoginButton
2022-10-19 11:20:54 INFO  ScreenshotListeners:41 - 
================:  verify User Name Alerttest :====================

2022-10-19 11:20:55 INFO  Login:133 - user name alert Msg :Please enter your user name
2022-10-19 11:20:55 INFO  LoginTest:103 - Alert message for Username field verified
2022-10-19 11:20:55 INFO  ScreenshotListeners:41 - 
================:  verify Password Alerttest :====================

2022-10-19 11:20:55 INFO  Login:148 - password field alert Msg :Please enter your password
2022-10-19 11:20:55 INFO  LoginTest:110 - Alert message for Password field verified
2022-10-19 11:20:55 INFO  ScreenshotListeners:41 - 
================:  visibility Of Forgot Password Button :====================

2022-10-19 11:20:55 INFO  Login:158 - forgot pass button is displayed
2022-10-19 11:20:55 INFO  LoginTest:118 - visibilityOfForgotPasswordButton
2022-10-19 11:20:55 INFO  ScreenshotListeners:41 - 
================:  click On Forgot Password Button :====================

2022-10-19 11:20:56 INFO  Login:170 - clicked on forgot pass button
2022-10-19 11:20:56 INFO  LoginTest:126 - clickOnForgotPasswordButton
2022-10-19 11:20:56 INFO  ScreenshotListeners:41 - 
================:  verify Forgot Password Page Loaded :====================

2022-10-19 11:20:56 INFO  Login:181 - forgot password page loaded
2022-10-19 11:20:56 INFO  LoginTest:134 - verifyForgotPasswordPageLoaded
2022-10-19 11:20:56 INFO  ScreenshotListeners:41 - 
================:  visibility Of Email I D Field :====================

2022-10-19 11:20:56 INFO  Login:193 - Email field is displayed
2022-10-19 11:20:56 INFO  LoginTest:141 - visibilityOfForgotPasswordButton
2022-10-19 11:20:56 INFO  ScreenshotListeners:41 - 
================:  visibility Of Back To Login Button :====================

2022-10-19 11:20:56 INFO  Login:204 - back to login button is displayed
2022-10-19 11:20:56 INFO  LoginTest:148 - visibilityOfBackToLoginButton
2022-10-19 11:20:56 INFO  ScreenshotListeners:41 - 
================:  visibility Of Reser Password Button :====================

2022-10-19 11:20:56 INFO  Login:215 - password reset button is displayed and disabled
2022-10-19 11:20:56 INFO  LoginTest:155 - visibilityOfReserPasswordButton
2022-10-19 11:20:56 INFO  ScreenshotListeners:41 - 
================:  enability Of Reser Password Button :====================

2022-10-19 11:20:56 INFO  Login:227 - reset buttin is disabled
2022-10-19 11:20:56 INFO  LoginTest:162 - enabilityOfReserPasswordButton
2022-10-19 11:20:56 INFO  ScreenshotListeners:41 - 
================:  verify Email Field Alert Test :====================

2022-10-19 11:20:56 INFO  Login:246 - Email field alert Msg :Please enter valid email id
2022-10-19 11:20:56 INFO  LoginTest:169 - Alert message for Email field verified
2022-10-19 11:20:56 INFO  ScreenshotListeners:41 - 
================:  verify Alertfor Not An Emailid :====================

2022-10-19 11:20:57 INFO  Login:265 - entered text is not an email ID
2022-10-19 11:20:57 INFO  Login:267 - Email field alert Msg :Please enter valid email id
2022-10-19 11:20:57 INFO  LoginTest:176 - verifyAlertforInvalideEmail
2022-10-19 11:20:57 INFO  ScreenshotListeners:41 - 
================:  verify Alertfor Invalide Email :====================

2022-10-19 11:20:57 INFO  Login:286 - entered text is an email ID
2022-10-19 11:20:58 INFO  LoginTest:184 - verifyAlertforInvalideEmail
2022-10-19 11:20:58 INFO  ScreenshotListeners:41 - 
================:  verify Alertfor Valide Email :====================

2022-10-19 11:21:04 INFO  Login:312 - entered text is an email ID
2022-10-19 11:21:05 INFO  LoginTest:192 - verifyAlertforValideEmail
2022-10-19 11:21:05 INFO  ScreenshotListeners:41 - 
================:  clickon Back To Login :====================

2022-10-19 11:21:05 INFO  Login:331 - back to login button clicked
2022-10-19 11:21:05 INFO  LoginTest:199 - On clicking 'Back to Login' button, the user navigates to the login form window
2022-10-19 11:21:05 INFO  ScreenshotListeners:41 - 
================:  visibility Of Login Container1 :====================

2022-10-19 11:21:05 INFO  Login:67 - login container is loaded
2022-10-19 11:21:05 INFO  LoginTest:207 - Login container is visible
2022-10-19 11:21:05 INFO  ScreenshotListeners:41 - 
================:  verify Copyright On Login Page :====================

2022-10-19 11:21:05 INFO  Login:348 - copyright text : Copyright © 2015-2022 SigTuple Technologies Private Limited | All Rights Reserved
2022-10-19 11:21:05 INFO  LoginTest:218 - Copy right info is displayed to users on Login Page Copyright © 2015-2022 SigTuple Technologies Private Limited | All Rights Reserved
2022-10-19 11:21:05 INFO  ScreenshotListeners:41 - 
================:  verify Valid Login :====================

2022-10-19 11:21:06 INFO  Login:405 - clicked on login button
2022-10-19 11:21:06 INFO  LoginTest:267 - login Done successfully
2022-10-19 11:21:06 INFO  ScreenshotListeners:41 - 
================:  visibility Mandara Home Page :====================

2022-10-19 11:21:09 INFO  Login:417 - Mandara home page is loaded
2022-10-19 11:21:09 INFO  LoginTest:279 - Mandara home page is Loaded
2022-10-19 11:21:09 INFO  ScreenshotListeners:41 - 
================:  check Madara Home Page :====================

2022-10-19 11:21:10 INFO  MandaraHomeTest:34 - Mandara Home Page has loaded successfully
2022-10-19 11:21:10 INFO  ScreenshotListeners:41 - 
================:  check Sigtuple Icon :====================

2022-10-19 11:21:10 INFO  MandaraHomeTest:41 - Sigtuple mini icon on static bar is present on top left and is clickable
2022-10-19 11:21:10 INFO  ScreenshotListeners:41 - 
================:  checkusericon :====================

2022-10-19 11:21:10 INFO  MandaraHomeTest:53 - User Icon is present on static bar is present on top right and is clickable
2022-10-19 11:21:10 INFO  ScreenshotListeners:41 - 
================:  number Of Products For User :====================

2022-10-19 11:21:11 INFO  MandaraHomeTest:73 - Number of Products currently accessible to users is 4
2022-10-19 11:21:11 INFO  ScreenshotListeners:41 - 
================:  copyright Test :====================

2022-10-19 11:21:11 INFO  MandaraHomeTest:83 - Copyright info is not identified
2022-10-19 11:21:11 INFO  ScreenshotListeners:41 - 
================:  terms N Cond Test :====================

2022-10-19 11:21:11 INFO  MandaraHomeTest:90 - Terms of Service hyperlink is displayed
2022-10-19 11:21:11 INFO  MandaraHomeTest:91 - Terms of Service dialog box opened up on clicking on hyperlink
2022-10-19 11:21:11 INFO  MandaraHomeTest:92 - The header of the dialog box is 'Terms of Service'
2022-10-19 11:21:11 INFO  MandaraHomeTest:93 - Terms of Service dialog box is closed successfully
2022-10-19 11:21:11 INFO  ScreenshotListeners:41 - 
================:  privacy Policy :====================

2022-10-19 11:21:12 INFO  MandaraHomeTest:109 - The Privacy policy document is not verified
2022-10-19 11:21:12 INFO  ScreenshotListeners:41 - 
================:  availability Of Shonit Card :====================

2022-10-19 11:21:12 ERROR BrowserSetUp:156 - availabilityOfShonitCard -> FAILED due to below issues :
org.openqa.selenium.NoSuchSessionException: invalid session id
  (Driver info: chromedriver=2.43.600229 (3fae4d0cda5334b4f533bede5a4787f7b832d052),platform=Mac OS X 10.16.0 x86_64) (WARNING: The server did not provide any stacktrace information)
Command duration or timeout: 0 milliseconds
Build info: version: '3.141.59', revision: 'e82be7d358', time: '2018-11-14T08:17:03'
System info: host: 'Sigtuples-MacBook-Pro-2.local', ip: 'fe80:0:0:0:1024:1596:3ca6:5faf%en0', os.name: 'Mac OS X', os.arch: 'x86_64', os.version: '12.5', java.version: '17.0.2'
Driver info: org.openqa.selenium.chrome.ChromeDriver
Capabilities {acceptInsecureCerts: false, acceptSslCerts: false, applicationCacheEnabled: false, browserConnectionEnabled: false, browserName: chrome, chrome: {chromedriverVersion: 2.43.600229 (3fae4d0cda5334..., userDataDir: /var/folders/1k/lnjjm94144x...}, cssSelectorsEnabled: true, databaseEnabled: false, goog:chromeOptions: {debuggerAddress: localhost:49771}, handlesAlerts: true, hasTouchScreen: false, javascriptEnabled: true, locationContextEnabled: true, mobileEmulationEnabled: false, nativeEvents: true, networkConnectionEnabled: false, pageLoadStrategy: normal, platform: MAC, platformName: MAC, rotatable: false, setWindowRect: true, takesHeapSnapshot: true, takesScreenshot: true, unexpectedAlertBehaviour: , unhandledPromptBehavior: , version: 106.0.5249.119, webStorageEnabled: true}
Session ID: a231e2ca87a6fd00b0ec0e7817dd0be6
*** Element info: {Using=xpath, value=//h2[contains(text(),'Shonit')]}

2022-10-19 11:21:12 INFO  ScreenshotListeners:41 - 
================:  verify Option From User Icon :====================

2022-10-19 11:21:12 ERROR BrowserSetUp:156 - verifyOptionFromUserIcon -> FAILED due to below issues :
org.openqa.selenium.NoSuchSessionException: invalid session id
  (Driver info: chromedriver=2.43.600229 (3fae4d0cda5334b4f533bede5a4787f7b832d052),platform=Mac OS X 10.16.0 x86_64) (WARNING: The server did not provide any stacktrace information)
Command duration or timeout: 0 milliseconds
Build info: version: '3.141.59', revision: 'e82be7d358', time: '2018-11-14T08:17:03'
System info: host: 'Sigtuples-MacBook-Pro-2.local', ip: 'fe80:0:0:0:1024:1596:3ca6:5faf%en0', os.name: 'Mac OS X', os.arch: 'x86_64', os.version: '12.5', java.version: '17.0.2'
Driver info: org.openqa.selenium.chrome.ChromeDriver
Capabilities {acceptInsecureCerts: false, acceptSslCerts: false, applicationCacheEnabled: false, browserConnectionEnabled: false, browserName: chrome, chrome: {chromedriverVersion: 2.43.600229 (3fae4d0cda5334..., userDataDir: /var/folders/1k/lnjjm94144x...}, cssSelectorsEnabled: true, databaseEnabled: false, goog:chromeOptions: {debuggerAddress: localhost:49771}, handlesAlerts: true, hasTouchScreen: false, javascriptEnabled: true, locationContextEnabled: true, mobileEmulationEnabled: false, nativeEvents: true, networkConnectionEnabled: false, pageLoadStrategy: normal, platform: MAC, platformName: MAC, rotatable: false, setWindowRect: true, takesHeapSnapshot: true, takesScreenshot: true, unexpectedAlertBehaviour: , unhandledPromptBehavior: , version: 106.0.5249.119, webStorageEnabled: true}
Session ID: a231e2ca87a6fd00b0ec0e7817dd0be6
*** Element info: {Using=xpath, value=//div[@class='username']}

2022-10-19 11:21:12 INFO  ScreenshotListeners:41 - 
================:  verify Side Menu :====================

2022-10-19 11:21:12 ERROR BrowserSetUp:156 - verifySideMenu -> FAILED due to below issues :
org.openqa.selenium.NoSuchSessionException: invalid session id
  (Driver info: chromedriver=2.43.600229 (3fae4d0cda5334b4f533bede5a4787f7b832d052),platform=Mac OS X 10.16.0 x86_64) (WARNING: The server did not provide any stacktrace information)
Command duration or timeout: 0 milliseconds
Build info: version: '3.141.59', revision: 'e82be7d358', time: '2018-11-14T08:17:03'
System info: host: 'Sigtuples-MacBook-Pro-2.local', ip: 'fe80:0:0:0:1024:1596:3ca6:5faf%en0', os.name: 'Mac OS X', os.arch: 'x86_64', os.version: '12.5', java.version: '17.0.2'
Driver info: org.openqa.selenium.chrome.ChromeDriver
Capabilities {acceptInsecureCerts: false, acceptSslCerts: false, applicationCacheEnabled: false, browserConnectionEnabled: false, browserName: chrome, chrome: {chromedriverVersion: 2.43.600229 (3fae4d0cda5334..., userDataDir: /var/folders/1k/lnjjm94144x...}, cssSelectorsEnabled: true, databaseEnabled: false, goog:chromeOptions: {debuggerAddress: localhost:49771}, handlesAlerts: true, hasTouchScreen: false, javascriptEnabled: true, locationContextEnabled: true, mobileEmulationEnabled: false, nativeEvents: true, networkConnectionEnabled: false, pageLoadStrategy: normal, platform: MAC, platformName: MAC, rotatable: false, setWindowRect: true, takesHeapSnapshot: true, takesScreenshot: true, unexpectedAlertBehaviour: , unhandledPromptBehavior: , version: 106.0.5249.119, webStorageEnabled: true}
Session ID: a231e2ca87a6fd00b0ec0e7817dd0be6

2022-10-19 11:21:12 INFO  ScreenshotListeners:41 - 
================:  verify Functionality Of Select The Product :====================

2022-10-19 11:21:14 ERROR BrowserSetUp:156 - verifyFunctionalityOfSelectTheProduct -> FAILED due to below issues :
org.openqa.selenium.NoSuchSessionException: invalid session id
  (Driver info: chromedriver=2.43.600229 (3fae4d0cda5334b4f533bede5a4787f7b832d052),platform=Mac OS X 10.16.0 x86_64) (WARNING: The server did not provide any stacktrace information)
Command duration or timeout: 0 milliseconds
Build info: version: '3.141.59', revision: 'e82be7d358', time: '2018-11-14T08:17:03'
System info: host: 'Sigtuples-MacBook-Pro-2.local', ip: 'fe80:0:0:0:1024:1596:3ca6:5faf%en0', os.name: 'Mac OS X', os.arch: 'x86_64', os.version: '12.5', java.version: '17.0.2'
Driver info: org.openqa.selenium.chrome.ChromeDriver
Capabilities {acceptInsecureCerts: false, acceptSslCerts: false, applicationCacheEnabled: false, browserConnectionEnabled: false, browserName: chrome, chrome: {chromedriverVersion: 2.43.600229 (3fae4d0cda5334..., userDataDir: /var/folders/1k/lnjjm94144x...}, cssSelectorsEnabled: true, databaseEnabled: false, goog:chromeOptions: {debuggerAddress: localhost:49771}, handlesAlerts: true, hasTouchScreen: false, javascriptEnabled: true, locationContextEnabled: true, mobileEmulationEnabled: false, nativeEvents: true, networkConnectionEnabled: false, pageLoadStrategy: normal, platform: MAC, platformName: MAC, rotatable: false, setWindowRect: true, takesHeapSnapshot: true, takesScreenshot: true, unexpectedAlertBehaviour: , unhandledPromptBehavior: , version: 106.0.5249.119, webStorageEnabled: true}
Session ID: a231e2ca87a6fd00b0ec0e7817dd0be6
*** Element info: {Using=xpath, value=//span[contains(@class,'mat-select-placeholder')]}

2022-10-19 11:21:14 INFO  ScreenshotListeners:41 - 
================:  verify Click On New Release :====================

2022-10-19 11:21:14 ERROR BrowserSetUp:156 - verifyClickOnNewRelease -> FAILED due to below issues :
org.openqa.selenium.NoSuchSessionException: invalid session id
  (Driver info: chromedriver=2.43.600229 (3fae4d0cda5334b4f533bede5a4787f7b832d052),platform=Mac OS X 10.16.0 x86_64) (WARNING: The server did not provide any stacktrace information)
Command duration or timeout: 0 milliseconds
Build info: version: '3.141.59', revision: 'e82be7d358', time: '2018-11-14T08:17:03'
System info: host: 'Sigtuples-MacBook-Pro-2.local', ip: 'fe80:0:0:0:1024:1596:3ca6:5faf%en0', os.name: 'Mac OS X', os.arch: 'x86_64', os.version: '12.5', java.version: '17.0.2'
Driver info: org.openqa.selenium.chrome.ChromeDriver
Capabilities {acceptInsecureCerts: false, acceptSslCerts: false, applicationCacheEnabled: false, browserConnectionEnabled: false, browserName: chrome, chrome: {chromedriverVersion: 2.43.600229 (3fae4d0cda5334..., userDataDir: /var/folders/1k/lnjjm94144x...}, cssSelectorsEnabled: true, databaseEnabled: false, goog:chromeOptions: {debuggerAddress: localhost:49771}, handlesAlerts: true, hasTouchScreen: false, javascriptEnabled: true, locationContextEnabled: true, mobileEmulationEnabled: false, nativeEvents: true, networkConnectionEnabled: false, pageLoadStrategy: normal, platform: MAC, platformName: MAC, rotatable: false, setWindowRect: true, takesHeapSnapshot: true, takesScreenshot: true, unexpectedAlertBehaviour: , unhandledPromptBehavior: , version: 106.0.5249.119, webStorageEnabled: true}
Session ID: a231e2ca87a6fd00b0ec0e7817dd0be6
*** Element info: {Using=xpath, value=//span[normalize-space()='New Release +']}

2022-10-19 11:21:14 INFO  ScreenshotListeners:41 - 
================:  presence Of Shonit Product Name :====================

2022-10-19 11:21:14 ERROR BrowserSetUp:156 - presenceOfShonitProductName -> FAILED due to below issues :
org.openqa.selenium.NoSuchSessionException: invalid session id
  (Driver info: chromedriver=2.43.600229 (3fae4d0cda5334b4f533bede5a4787f7b832d052),platform=Mac OS X 10.16.0 x86_64) (WARNING: The server did not provide any stacktrace information)
Command duration or timeout: 0 milliseconds
Build info: version: '3.141.59', revision: 'e82be7d358', time: '2018-11-14T08:17:03'
System info: host: 'Sigtuples-MacBook-Pro-2.local', ip: 'fe80:0:0:0:1024:1596:3ca6:5faf%en0', os.name: 'Mac OS X', os.arch: 'x86_64', os.version: '12.5', java.version: '17.0.2'
Driver info: org.openqa.selenium.chrome.ChromeDriver
Capabilities {acceptInsecureCerts: false, acceptSslCerts: false, applicationCacheEnabled: false, browserConnectionEnabled: false, browserName: chrome, chrome: {chromedriverVersion: 2.43.600229 (3fae4d0cda5334..., userDataDir: /var/folders/1k/lnjjm94144x...}, cssSelectorsEnabled: true, databaseEnabled: false, goog:chromeOptions: {debuggerAddress: localhost:49771}, handlesAlerts: true, hasTouchScreen: false, javascriptEnabled: true, locationContextEnabled: true, mobileEmulationEnabled: false, nativeEvents: true, networkConnectionEnabled: false, pageLoadStrategy: normal, platform: MAC, platformName: MAC, rotatable: false, setWindowRect: true, takesHeapSnapshot: true, takesScreenshot: true, unexpectedAlertBehaviour: , unhandledPromptBehavior: , version: 106.0.5249.119, webStorageEnabled: true}
Session ID: a231e2ca87a6fd00b0ec0e7817dd0be6
*** Element info: {Using=xpath, value=//div[@class='product-name']//span[contains(text(),'Shonit')]}

2022-10-19 11:21:14 INFO  ScreenshotListeners:41 - 
================:  verify Releaseversion Number :====================

2022-10-19 11:21:14 ERROR BrowserSetUp:156 - verifyReleaseversionNumber -> FAILED due to below issues :
org.openqa.selenium.NoSuchSessionException: invalid session id
  (Driver info: chromedriver=2.43.600229 (3fae4d0cda5334b4f533bede5a4787f7b832d052),platform=Mac OS X 10.16.0 x86_64) (WARNING: The server did not provide any stacktrace information)
Command duration or timeout: 0 milliseconds
Build info: version: '3.141.59', revision: 'e82be7d358', time: '2018-11-14T08:17:03'
System info: host: 'Sigtuples-MacBook-Pro-2.local', ip: 'fe80:0:0:0:1024:1596:3ca6:5faf%en0', os.name: 'Mac OS X', os.arch: 'x86_64', os.version: '12.5', java.version: '17.0.2'
Driver info: org.openqa.selenium.chrome.ChromeDriver
Capabilities {acceptInsecureCerts: false, acceptSslCerts: false, applicationCacheEnabled: false, browserConnectionEnabled: false, browserName: chrome, chrome: {chromedriverVersion: 2.43.600229 (3fae4d0cda5334..., userDataDir: /var/folders/1k/lnjjm94144x...}, cssSelectorsEnabled: true, databaseEnabled: false, goog:chromeOptions: {debuggerAddress: localhost:49771}, handlesAlerts: true, hasTouchScreen: false, javascriptEnabled: true, locationContextEnabled: true, mobileEmulationEnabled: false, nativeEvents: true, networkConnectionEnabled: false, pageLoadStrategy: normal, platform: MAC, platformName: MAC, rotatable: false, setWindowRect: true, takesHeapSnapshot: true, takesScreenshot: true, unexpectedAlertBehaviour: , unhandledPromptBehavior: , version: 106.0.5249.119, webStorageEnabled: true}
Session ID: a231e2ca87a6fd00b0ec0e7817dd0be6
*** Element info: {Using=xpath, value=//div[@class='input-field-container']//div[@class='mat-form-field-infix']/child::input}

2022-10-19 11:21:14 INFO  ScreenshotListeners:41 - 
================:  selecting Release Type :====================

2022-10-19 11:21:14 ERROR BrowserSetUp:156 - selectingReleaseType -> FAILED due to below issues :
org.openqa.selenium.NoSuchSessionException: invalid session id
  (Driver info: chromedriver=2.43.600229 (3fae4d0cda5334b4f533bede5a4787f7b832d052),platform=Mac OS X 10.16.0 x86_64) (WARNING: The server did not provide any stacktrace information)
Command duration or timeout: 0 milliseconds
Build info: version: '3.141.59', revision: 'e82be7d358', time: '2018-11-14T08:17:03'
System info: host: 'Sigtuples-MacBook-Pro-2.local', ip: 'fe80:0:0:0:1024:1596:3ca6:5faf%en0', os.name: 'Mac OS X', os.arch: 'x86_64', os.version: '12.5', java.version: '17.0.2'
Driver info: org.openqa.selenium.chrome.ChromeDriver
Capabilities {acceptInsecureCerts: false, acceptSslCerts: false, applicationCacheEnabled: false, browserConnectionEnabled: false, browserName: chrome, chrome: {chromedriverVersion: 2.43.600229 (3fae4d0cda5334..., userDataDir: /var/folders/1k/lnjjm94144x...}, cssSelectorsEnabled: true, databaseEnabled: false, goog:chromeOptions: {debuggerAddress: localhost:49771}, handlesAlerts: true, hasTouchScreen: false, javascriptEnabled: true, locationContextEnabled: true, mobileEmulationEnabled: false, nativeEvents: true, networkConnectionEnabled: false, pageLoadStrategy: normal, platform: MAC, platformName: MAC, rotatable: false, setWindowRect: true, takesHeapSnapshot: true, takesScreenshot: true, unexpectedAlertBehaviour: , unhandledPromptBehavior: , version: 106.0.5249.119, webStorageEnabled: true}
Session ID: a231e2ca87a6fd00b0ec0e7817dd0be6
*** Element info: {Using=xpath, value=//span[contains(text(),'Release type')]}

2022-10-19 11:21:14 INFO  ScreenshotListeners:41 - 
================:  presence Of Description Option :====================

2022-10-19 11:21:14 ERROR BrowserSetUp:156 - presenceOfDescriptionOption -> FAILED due to below issues :
org.openqa.selenium.NoSuchSessionException: invalid session id
  (Driver info: chromedriver=2.43.600229 (3fae4d0cda5334b4f533bede5a4787f7b832d052),platform=Mac OS X 10.16.0 x86_64) (WARNING: The server did not provide any stacktrace information)
Command duration or timeout: 0 milliseconds
Build info: version: '3.141.59', revision: 'e82be7d358', time: '2018-11-14T08:17:03'
System info: host: 'Sigtuples-MacBook-Pro-2.local', ip: 'fe80:0:0:0:1024:1596:3ca6:5faf%en0', os.name: 'Mac OS X', os.arch: 'x86_64', os.version: '12.5', java.version: '17.0.2'
Driver info: org.openqa.selenium.chrome.ChromeDriver
Capabilities {acceptInsecureCerts: false, acceptSslCerts: false, applicationCacheEnabled: false, browserConnectionEnabled: false, browserName: chrome, chrome: {chromedriverVersion: 2.43.600229 (3fae4d0cda5334..., userDataDir: /var/folders/1k/lnjjm94144x...}, cssSelectorsEnabled: true, databaseEnabled: false, goog:chromeOptions: {debuggerAddress: localhost:49771}, handlesAlerts: true, hasTouchScreen: false, javascriptEnabled: true, locationContextEnabled: true, mobileEmulationEnabled: false, nativeEvents: true, networkConnectionEnabled: false, pageLoadStrategy: normal, platform: MAC, platformName: MAC, rotatable: false, setWindowRect: true, takesHeapSnapshot: true, takesScreenshot: true, unexpectedAlertBehaviour: , unhandledPromptBehavior: , version: 106.0.5249.119, webStorageEnabled: true}
Session ID: a231e2ca87a6fd00b0ec0e7817dd0be6
*** Element info: {Using=xpath, value=//label[normalize-space()='Description (Optional)']}

2022-10-19 11:21:14 INFO  ScreenshotListeners:41 - 
================:  visibility Of Instruction Of Deployment :====================

2022-10-19 11:21:14 ERROR BrowserSetUp:156 - visibilityOfInstructionOfDeployment -> FAILED due to below issues :
org.openqa.selenium.NoSuchSessionException: invalid session id
  (Driver info: chromedriver=2.43.600229 (3fae4d0cda5334b4f533bede5a4787f7b832d052),platform=Mac OS X 10.16.0 x86_64) (WARNING: The server did not provide any stacktrace information)
Command duration or timeout: 0 milliseconds
Build info: version: '3.141.59', revision: 'e82be7d358', time: '2018-11-14T08:17:03'
System info: host: 'Sigtuples-MacBook-Pro-2.local', ip: 'fe80:0:0:0:1024:1596:3ca6:5faf%en0', os.name: 'Mac OS X', os.arch: 'x86_64', os.version: '12.5', java.version: '17.0.2'
Driver info: org.openqa.selenium.chrome.ChromeDriver
Capabilities {acceptInsecureCerts: false, acceptSslCerts: false, applicationCacheEnabled: false, browserConnectionEnabled: false, browserName: chrome, chrome: {chromedriverVersion: 2.43.600229 (3fae4d0cda5334..., userDataDir: /var/folders/1k/lnjjm94144x...}, cssSelectorsEnabled: true, databaseEnabled: false, goog:chromeOptions: {debuggerAddress: localhost:49771}, handlesAlerts: true, hasTouchScreen: false, javascriptEnabled: true, locationContextEnabled: true, mobileEmulationEnabled: false, nativeEvents: true, networkConnectionEnabled: false, pageLoadStrategy: normal, platform: MAC, platformName: MAC, rotatable: false, setWindowRect: true, takesHeapSnapshot: true, takesScreenshot: true, unexpectedAlertBehaviour: , unhandledPromptBehavior: , version: 106.0.5249.119, webStorageEnabled: true}
Session ID: a231e2ca87a6fd00b0ec0e7817dd0be6
*** Element info: {Using=xpath, value=//label[normalize-space()='Instructions for Deployment (Optional)']}

2022-10-19 11:21:14 INFO  ScreenshotListeners:41 - 
================:  presence Of Vasuki :====================

2022-10-19 11:21:14 ERROR BrowserSetUp:156 - presenceOfVasuki -> FAILED due to below issues :
org.openqa.selenium.NoSuchSessionException: invalid session id
  (Driver info: chromedriver=2.43.600229 (3fae4d0cda5334b4f533bede5a4787f7b832d052),platform=Mac OS X 10.16.0 x86_64) (WARNING: The server did not provide any stacktrace information)
Command duration or timeout: 0 milliseconds
Build info: version: '3.141.59', revision: 'e82be7d358', time: '2018-11-14T08:17:03'
System info: host: 'Sigtuples-MacBook-Pro-2.local', ip: 'fe80:0:0:0:1024:1596:3ca6:5faf%en0', os.name: 'Mac OS X', os.arch: 'x86_64', os.version: '12.5', java.version: '17.0.2'
Driver info: org.openqa.selenium.chrome.ChromeDriver
Capabilities {acceptInsecureCerts: false, acceptSslCerts: false, applicationCacheEnabled: false, browserConnectionEnabled: false, browserName: chrome, chrome: {chromedriverVersion: 2.43.600229 (3fae4d0cda5334..., userDataDir: /var/folders/1k/lnjjm94144x...}, cssSelectorsEnabled: true, databaseEnabled: false, goog:chromeOptions: {debuggerAddress: localhost:49771}, handlesAlerts: true, hasTouchScreen: false, javascriptEnabled: true, locationContextEnabled: true, mobileEmulationEnabled: false, nativeEvents: true, networkConnectionEnabled: false, pageLoadStrategy: normal, platform: MAC, platformName: MAC, rotatable: false, setWindowRect: true, takesHeapSnapshot: true, takesScreenshot: true, unexpectedAlertBehaviour: , unhandledPromptBehavior: , version: 106.0.5249.119, webStorageEnabled: true}
Session ID: a231e2ca87a6fd00b0ec0e7817dd0be6
*** Element info: {Using=xpath, value=//label[normalize-space()='Vasuki']}

2022-10-19 11:21:14 INFO  ScreenshotListeners:41 - 
================:  verify Uploading Pdf File :====================

2022-10-19 11:21:14 ERROR BrowserSetUp:156 - verifyUploadingPdfFile -> FAILED due to below issues :
org.openqa.selenium.NoSuchSessionException: invalid session id
  (Driver info: chromedriver=2.43.600229 (3fae4d0cda5334b4f533bede5a4787f7b832d052),platform=Mac OS X 10.16.0 x86_64) (WARNING: The server did not provide any stacktrace information)
Command duration or timeout: 0 milliseconds
Build info: version: '3.141.59', revision: 'e82be7d358', time: '2018-11-14T08:17:03'
System info: host: 'Sigtuples-MacBook-Pro-2.local', ip: 'fe80:0:0:0:1024:1596:3ca6:5faf%en0', os.name: 'Mac OS X', os.arch: 'x86_64', os.version: '12.5', java.version: '17.0.2'
Driver info: org.openqa.selenium.chrome.ChromeDriver
Capabilities {acceptInsecureCerts: false, acceptSslCerts: false, applicationCacheEnabled: false, browserConnectionEnabled: false, browserName: chrome, chrome: {chromedriverVersion: 2.43.600229 (3fae4d0cda5334..., userDataDir: /var/folders/1k/lnjjm94144x...}, cssSelectorsEnabled: true, databaseEnabled: false, goog:chromeOptions: {debuggerAddress: localhost:49771}, handlesAlerts: true, hasTouchScreen: false, javascriptEnabled: true, locationContextEnabled: true, mobileEmulationEnabled: false, nativeEvents: true, networkConnectionEnabled: false, pageLoadStrategy: normal, platform: MAC, platformName: MAC, rotatable: false, setWindowRect: true, takesHeapSnapshot: true, takesScreenshot: true, unexpectedAlertBehaviour: , unhandledPromptBehavior: , version: 106.0.5249.119, webStorageEnabled: true}
Session ID: a231e2ca87a6fd00b0ec0e7817dd0be6
*** Element info: {Using=xpath, value=//input[@id='release_notes_file']}

2022-10-19 11:21:14 INFO  ScreenshotListeners:41 - 
================:  visibility Of Report Template :====================

2022-10-19 11:21:14 ERROR BrowserSetUp:156 - visibilityOfReportTemplate -> FAILED due to below issues :
org.openqa.selenium.NoSuchSessionException: invalid session id
  (Driver info: chromedriver=2.43.600229 (3fae4d0cda5334b4f533bede5a4787f7b832d052),platform=Mac OS X 10.16.0 x86_64) (WARNING: The server did not provide any stacktrace information)
Command duration or timeout: 0 milliseconds
Build info: version: '3.141.59', revision: 'e82be7d358', time: '2018-11-14T08:17:03'
System info: host: 'Sigtuples-MacBook-Pro-2.local', ip: 'fe80:0:0:0:1024:1596:3ca6:5faf%en0', os.name: 'Mac OS X', os.arch: 'x86_64', os.version: '12.5', java.version: '17.0.2'
Driver info: org.openqa.selenium.chrome.ChromeDriver
Capabilities {acceptInsecureCerts: false, acceptSslCerts: false, applicationCacheEnabled: false, browserConnectionEnabled: false, browserName: chrome, chrome: {chromedriverVersion: 2.43.600229 (3fae4d0cda5334..., userDataDir: /var/folders/1k/lnjjm94144x...}, cssSelectorsEnabled: true, databaseEnabled: false, goog:chromeOptions: {debuggerAddress: localhost:49771}, handlesAlerts: true, hasTouchScreen: false, javascriptEnabled: true, locationContextEnabled: true, mobileEmulationEnabled: false, nativeEvents: true, networkConnectionEnabled: false, pageLoadStrategy: normal, platform: MAC, platformName: MAC, rotatable: false, setWindowRect: true, takesHeapSnapshot: true, takesScreenshot: true, unexpectedAlertBehaviour: , unhandledPromptBehavior: , version: 106.0.5249.119, webStorageEnabled: true}
Session ID: a231e2ca87a6fd00b0ec0e7817dd0be6
*** Element info: {Using=xpath, value=//label[normalize-space()='Report template']}

2022-10-19 11:21:14 INFO  ScreenshotListeners:41 - 
================:  visibility Of User Manual Pdf :====================

2022-10-19 11:21:14 ERROR BrowserSetUp:156 - visibilityOfUserManualPdf -> FAILED due to below issues :
org.openqa.selenium.NoSuchSessionException: invalid session id
  (Driver info: chromedriver=2.43.600229 (3fae4d0cda5334b4f533bede5a4787f7b832d052),platform=Mac OS X 10.16.0 x86_64) (WARNING: The server did not provide any stacktrace information)
Command duration or timeout: 0 milliseconds
Build info: version: '3.141.59', revision: 'e82be7d358', time: '2018-11-14T08:17:03'
System info: host: 'Sigtuples-MacBook-Pro-2.local', ip: 'fe80:0:0:0:1024:1596:3ca6:5faf%en0', os.name: 'Mac OS X', os.arch: 'x86_64', os.version: '12.5', java.version: '17.0.2'
Driver info: org.openqa.selenium.chrome.ChromeDriver
Capabilities {acceptInsecureCerts: false, acceptSslCerts: false, applicationCacheEnabled: false, browserConnectionEnabled: false, browserName: chrome, chrome: {chromedriverVersion: 2.43.600229 (3fae4d0cda5334..., userDataDir: /var/folders/1k/lnjjm94144x...}, cssSelectorsEnabled: true, databaseEnabled: false, goog:chromeOptions: {debuggerAddress: localhost:49771}, handlesAlerts: true, hasTouchScreen: false, javascriptEnabled: true, locationContextEnabled: true, mobileEmulationEnabled: false, nativeEvents: true, networkConnectionEnabled: false, pageLoadStrategy: normal, platform: MAC, platformName: MAC, rotatable: false, setWindowRect: true, takesHeapSnapshot: true, takesScreenshot: true, unexpectedAlertBehaviour: , unhandledPromptBehavior: , version: 106.0.5249.119, webStorageEnabled: true}
Session ID: a231e2ca87a6fd00b0ec0e7817dd0be6
*** Element info: {Using=xpath, value=//label[normalize-space()='User Manual (PDF)']}

2022-10-19 11:21:14 INFO  ScreenshotListeners:41 - 
================:  Uploading User Manual Pdf File :====================

2022-10-19 11:21:14 ERROR BrowserSetUp:156 - UploadingUserManualPdfFile -> FAILED due to below issues :
org.openqa.selenium.NoSuchSessionException: invalid session id
  (Driver info: chromedriver=2.43.600229 (3fae4d0cda5334b4f533bede5a4787f7b832d052),platform=Mac OS X 10.16.0 x86_64) (WARNING: The server did not provide any stacktrace information)
Command duration or timeout: 0 milliseconds
Build info: version: '3.141.59', revision: 'e82be7d358', time: '2018-11-14T08:17:03'
System info: host: 'Sigtuples-MacBook-Pro-2.local', ip: 'fe80:0:0:0:1024:1596:3ca6:5faf%en0', os.name: 'Mac OS X', os.arch: 'x86_64', os.version: '12.5', java.version: '17.0.2'
Driver info: org.openqa.selenium.chrome.ChromeDriver
Capabilities {acceptInsecureCerts: false, acceptSslCerts: false, applicationCacheEnabled: false, browserConnectionEnabled: false, browserName: chrome, chrome: {chromedriverVersion: 2.43.600229 (3fae4d0cda5334..., userDataDir: /var/folders/1k/lnjjm94144x...}, cssSelectorsEnabled: true, databaseEnabled: false, goog:chromeOptions: {debuggerAddress: localhost:49771}, handlesAlerts: true, hasTouchScreen: false, javascriptEnabled: true, locationContextEnabled: true, mobileEmulationEnabled: false, nativeEvents: true, networkConnectionEnabled: false, pageLoadStrategy: normal, platform: MAC, platformName: MAC, rotatable: false, setWindowRect: true, takesHeapSnapshot: true, takesScreenshot: true, unexpectedAlertBehaviour: , unhandledPromptBehavior: , version: 106.0.5249.119, webStorageEnabled: true}
Session ID: a231e2ca87a6fd00b0ec0e7817dd0be6
*** Element info: {Using=xpath, value=//input[@id='user_manual']}

2022-10-19 11:21:14 INFO  ScreenshotListeners:41 - 
================:  Uploading Report Template Pdf File :====================

2022-10-19 11:21:14 ERROR BrowserSetUp:156 - UploadingReportTemplatePdfFile -> FAILED due to below issues :
org.openqa.selenium.NoSuchSessionException: invalid session id
  (Driver info: chromedriver=2.43.600229 (3fae4d0cda5334b4f533bede5a4787f7b832d052),platform=Mac OS X 10.16.0 x86_64) (WARNING: The server did not provide any stacktrace information)
Command duration or timeout: 0 milliseconds
Build info: version: '3.141.59', revision: 'e82be7d358', time: '2018-11-14T08:17:03'
System info: host: 'Sigtuples-MacBook-Pro-2.local', ip: 'fe80:0:0:0:1024:1596:3ca6:5faf%en0', os.name: 'Mac OS X', os.arch: 'x86_64', os.version: '12.5', java.version: '17.0.2'
Driver info: org.openqa.selenium.chrome.ChromeDriver
Capabilities {acceptInsecureCerts: false, acceptSslCerts: false, applicationCacheEnabled: false, browserConnectionEnabled: false, browserName: chrome, chrome: {chromedriverVersion: 2.43.600229 (3fae4d0cda5334..., userDataDir: /var/folders/1k/lnjjm94144x...}, cssSelectorsEnabled: true, databaseEnabled: false, goog:chromeOptions: {debuggerAddress: localhost:49771}, handlesAlerts: true, hasTouchScreen: false, javascriptEnabled: true, locationContextEnabled: true, mobileEmulationEnabled: false, nativeEvents: true, networkConnectionEnabled: false, pageLoadStrategy: normal, platform: MAC, platformName: MAC, rotatable: false, setWindowRect: true, takesHeapSnapshot: true, takesScreenshot: true, unexpectedAlertBehaviour: , unhandledPromptBehavior: , version: 106.0.5249.119, webStorageEnabled: true}
Session ID: a231e2ca87a6fd00b0ec0e7817dd0be6
*** Element info: {Using=xpath, value=//input[@id='report_template']}

2022-10-19 11:21:14 INFO  ScreenshotListeners:41 - 
================:  Uploading Email Template Pdf File :====================

2022-10-19 11:21:14 ERROR BrowserSetUp:156 - UploadingEmailTemplatePdfFile -> FAILED due to below issues :
org.openqa.selenium.NoSuchSessionException: invalid session id
  (Driver info: chromedriver=2.43.600229 (3fae4d0cda5334b4f533bede5a4787f7b832d052),platform=Mac OS X 10.16.0 x86_64) (WARNING: The server did not provide any stacktrace information)
Command duration or timeout: 0 milliseconds
Build info: version: '3.141.59', revision: 'e82be7d358', time: '2018-11-14T08:17:03'
System info: host: 'Sigtuples-MacBook-Pro-2.local', ip: 'fe80:0:0:0:1024:1596:3ca6:5faf%en0', os.name: 'Mac OS X', os.arch: 'x86_64', os.version: '12.5', java.version: '17.0.2'
Driver info: org.openqa.selenium.chrome.ChromeDriver
Capabilities {acceptInsecureCerts: false, acceptSslCerts: false, applicationCacheEnabled: false, browserConnectionEnabled: false, browserName: chrome, chrome: {chromedriverVersion: 2.43.600229 (3fae4d0cda5334..., userDataDir: /var/folders/1k/lnjjm94144x...}, cssSelectorsEnabled: true, databaseEnabled: false, goog:chromeOptions: {debuggerAddress: localhost:49771}, handlesAlerts: true, hasTouchScreen: false, javascriptEnabled: true, locationContextEnabled: true, mobileEmulationEnabled: false, nativeEvents: true, networkConnectionEnabled: false, pageLoadStrategy: normal, platform: MAC, platformName: MAC, rotatable: false, setWindowRect: true, takesHeapSnapshot: true, takesScreenshot: true, unexpectedAlertBehaviour: , unhandledPromptBehavior: , version: 106.0.5249.119, webStorageEnabled: true}
Session ID: a231e2ca87a6fd00b0ec0e7817dd0be6
*** Element info: {Using=xpath, value=//input[@id='email_template']}

2022-10-19 11:21:14 INFO  ScreenshotListeners:41 - 
================:  selecting Package Version Type :====================

2022-10-19 11:21:14 ERROR BrowserSetUp:156 - selectingPackageVersionType -> FAILED due to below issues :
org.openqa.selenium.NoSuchSessionException: invalid session id
  (Driver info: chromedriver=2.43.600229 (3fae4d0cda5334b4f533bede5a4787f7b832d052),platform=Mac OS X 10.16.0 x86_64) (WARNING: The server did not provide any stacktrace information)
Command duration or timeout: 0 milliseconds
Build info: version: '3.141.59', revision: 'e82be7d358', time: '2018-11-14T08:17:03'
System info: host: 'Sigtuples-MacBook-Pro-2.local', ip: 'fe80:0:0:0:1024:1596:3ca6:5faf%en0', os.name: 'Mac OS X', os.arch: 'x86_64', os.version: '12.5', java.version: '17.0.2'
Driver info: org.openqa.selenium.chrome.ChromeDriver
Capabilities {acceptInsecureCerts: false, acceptSslCerts: false, applicationCacheEnabled: false, browserConnectionEnabled: false, browserName: chrome, chrome: {chromedriverVersion: 2.43.600229 (3fae4d0cda5334..., userDataDir: /var/folders/1k/lnjjm94144x...}, cssSelectorsEnabled: true, databaseEnabled: false, goog:chromeOptions: {debuggerAddress: localhost:49771}, handlesAlerts: true, hasTouchScreen: false, javascriptEnabled: true, locationContextEnabled: true, mobileEmulationEnabled: false, nativeEvents: true, networkConnectionEnabled: false, pageLoadStrategy: normal, platform: MAC, platformName: MAC, rotatable: false, setWindowRect: true, takesHeapSnapshot: true, takesScreenshot: true, unexpectedAlertBehaviour: , unhandledPromptBehavior: , version: 106.0.5249.119, webStorageEnabled: true}
Session ID: a231e2ca87a6fd00b0ec0e7817dd0be6
*** Element info: {Using=xpath, value=//mat-select[@placeholder='Package Version']//div[@class='mat-select-value']}

2022-10-19 11:21:14 INFO  ScreenshotListeners:41 - 
================:  Verifying Visibility Of Analyser :====================

2022-10-19 11:21:14 ERROR BrowserSetUp:156 - VerifyingVisibilityOfAnalyser -> FAILED due to below issues :
org.openqa.selenium.NoSuchSessionException: invalid session id
  (Driver info: chromedriver=2.43.600229 (3fae4d0cda5334b4f533bede5a4787f7b832d052),platform=Mac OS X 10.16.0 x86_64) (WARNING: The server did not provide any stacktrace information)
Command duration or timeout: 0 milliseconds
Build info: version: '3.141.59', revision: 'e82be7d358', time: '2018-11-14T08:17:03'
System info: host: 'Sigtuples-MacBook-Pro-2.local', ip: 'fe80:0:0:0:1024:1596:3ca6:5faf%en0', os.name: 'Mac OS X', os.arch: 'x86_64', os.version: '12.5', java.version: '17.0.2'
Driver info: org.openqa.selenium.chrome.ChromeDriver
Capabilities {acceptInsecureCerts: false, acceptSslCerts: false, applicationCacheEnabled: false, browserConnectionEnabled: false, browserName: chrome, chrome: {chromedriverVersion: 2.43.600229 (3fae4d0cda5334..., userDataDir: /var/folders/1k/lnjjm94144x...}, cssSelectorsEnabled: true, databaseEnabled: false, goog:chromeOptions: {debuggerAddress: localhost:49771}, handlesAlerts: true, hasTouchScreen: false, javascriptEnabled: true, locationContextEnabled: true, mobileEmulationEnabled: false, nativeEvents: true, networkConnectionEnabled: false, pageLoadStrategy: normal, platform: MAC, platformName: MAC, rotatable: false, setWindowRect: true, takesHeapSnapshot: true, takesScreenshot: true, unexpectedAlertBehaviour: , unhandledPromptBehavior: , version: 106.0.5249.119, webStorageEnabled: true}
Session ID: a231e2ca87a6fd00b0ec0e7817dd0be6
*** Element info: {Using=xpath, value=//label[normalize-space()='Analyser']}

2022-10-19 11:21:14 INFO  ScreenshotListeners:41 - 
================:  Uploading Analyser Json File :====================

2022-10-19 11:21:14 ERROR BrowserSetUp:156 - UploadingAnalyserJsonFile -> FAILED due to below issues :
org.openqa.selenium.NoSuchSessionException: invalid session id
  (Driver info: chromedriver=2.43.600229 (3fae4d0cda5334b4f533bede5a4787f7b832d052),platform=Mac OS X 10.16.0 x86_64) (WARNING: The server did not provide any stacktrace information)
Command duration or timeout: 0 milliseconds
Build info: version: '3.141.59', revision: 'e82be7d358', time: '2018-11-14T08:17:03'
System info: host: 'Sigtuples-MacBook-Pro-2.local', ip: 'fe80:0:0:0:1024:1596:3ca6:5faf%en0', os.name: 'Mac OS X', os.arch: 'x86_64', os.version: '12.5', java.version: '17.0.2'
Driver info: org.openqa.selenium.chrome.ChromeDriver
Capabilities {acceptInsecureCerts: false, acceptSslCerts: false, applicationCacheEnabled: false, browserConnectionEnabled: false, browserName: chrome, chrome: {chromedriverVersion: 2.43.600229 (3fae4d0cda5334..., userDataDir: /var/folders/1k/lnjjm94144x...}, cssSelectorsEnabled: true, databaseEnabled: false, goog:chromeOptions: {debuggerAddress: localhost:49771}, handlesAlerts: true, hasTouchScreen: false, javascriptEnabled: true, locationContextEnabled: true, mobileEmulationEnabled: false, nativeEvents: true, networkConnectionEnabled: false, pageLoadStrategy: normal, platform: MAC, platformName: MAC, rotatable: false, setWindowRect: true, takesHeapSnapshot: true, takesScreenshot: true, unexpectedAlertBehaviour: , unhandledPromptBehavior: , version: 106.0.5249.119, webStorageEnabled: true}
Session ID: a231e2ca87a6fd00b0ec0e7817dd0be6
*** Element info: {Using=xpath, value=//input[@id='analyser_file']}

2022-10-19 11:21:14 INFO  ScreenshotListeners:41 - 
================:  selecting Product Version Type :====================

2022-10-19 11:21:14 ERROR BrowserSetUp:156 - selectingProductVersionType -> FAILED due to below issues :
org.openqa.selenium.NoSuchSessionException: invalid session id
  (Driver info: chromedriver=2.43.600229 (3fae4d0cda5334b4f533bede5a4787f7b832d052),platform=Mac OS X 10.16.0 x86_64) (WARNING: The server did not provide any stacktrace information)
Command duration or timeout: 0 milliseconds
Build info: version: '3.141.59', revision: 'e82be7d358', time: '2018-11-14T08:17:03'
System info: host: 'Sigtuples-MacBook-Pro-2.local', ip: 'fe80:0:0:0:1024:1596:3ca6:5faf%en0', os.name: 'Mac OS X', os.arch: 'x86_64', os.version: '12.5', java.version: '17.0.2'
Driver info: org.openqa.selenium.chrome.ChromeDriver
Capabilities {acceptInsecureCerts: false, acceptSslCerts: false, applicationCacheEnabled: false, browserConnectionEnabled: false, browserName: chrome, chrome: {chromedriverVersion: 2.43.600229 (3fae4d0cda5334..., userDataDir: /var/folders/1k/lnjjm94144x...}, cssSelectorsEnabled: true, databaseEnabled: false, goog:chromeOptions: {debuggerAddress: localhost:49771}, handlesAlerts: true, hasTouchScreen: false, javascriptEnabled: true, locationContextEnabled: true, mobileEmulationEnabled: false, nativeEvents: true, networkConnectionEnabled: false, pageLoadStrategy: normal, platform: MAC, platformName: MAC, rotatable: false, setWindowRect: true, takesHeapSnapshot: true, takesScreenshot: true, unexpectedAlertBehaviour: , unhandledPromptBehavior: , version: 106.0.5249.119, webStorageEnabled: true}
Session ID: a231e2ca87a6fd00b0ec0e7817dd0be6
*** Element info: {Using=xpath, value=//span[contains(text(),'Product Version')]}

2022-10-19 11:21:14 INFO  ScreenshotListeners:41 - 
================:  selecting Analyser Version Type :====================

2022-10-19 11:21:14 ERROR BrowserSetUp:156 - selectingAnalyserVersionType -> FAILED due to below issues :
org.openqa.selenium.NoSuchSessionException: invalid session id
  (Driver info: chromedriver=2.43.600229 (3fae4d0cda5334b4f533bede5a4787f7b832d052),platform=Mac OS X 10.16.0 x86_64) (WARNING: The server did not provide any stacktrace information)
Command duration or timeout: 0 milliseconds
Build info: version: '3.141.59', revision: 'e82be7d358', time: '2018-11-14T08:17:03'
System info: host: 'Sigtuples-MacBook-Pro-2.local', ip: 'fe80:0:0:0:1024:1596:3ca6:5faf%en0', os.name: 'Mac OS X', os.arch: 'x86_64', os.version: '12.5', java.version: '17.0.2'
Driver info: org.openqa.selenium.chrome.ChromeDriver
Capabilities {acceptInsecureCerts: false, acceptSslCerts: false, applicationCacheEnabled: false, browserConnectionEnabled: false, browserName: chrome, chrome: {chromedriverVersion: 2.43.600229 (3fae4d0cda5334..., userDataDir: /var/folders/1k/lnjjm94144x...}, cssSelectorsEnabled: true, databaseEnabled: false, goog:chromeOptions: {debuggerAddress: localhost:49771}, handlesAlerts: true, hasTouchScreen: false, javascriptEnabled: true, locationContextEnabled: true, mobileEmulationEnabled: false, nativeEvents: true, networkConnectionEnabled: false, pageLoadStrategy: normal, platform: MAC, platformName: MAC, rotatable: false, setWindowRect: true, takesHeapSnapshot: true, takesScreenshot: true, unexpectedAlertBehaviour: , unhandledPromptBehavior: , version: 106.0.5249.119, webStorageEnabled: true}
Session ID: a231e2ca87a6fd00b0ec0e7817dd0be6
*** Element info: {Using=xpath, value=//span[contains(text(),'Analyser Version')]}

2022-10-19 11:21:14 INFO  ScreenshotListeners:41 - 
================:  visibility Of Cancel Button :====================

2022-10-19 11:21:14 ERROR BrowserSetUp:156 - visibilityOfCancelButton -> FAILED due to below issues :
org.openqa.selenium.NoSuchSessionException: invalid session id
  (Driver info: chromedriver=2.43.600229 (3fae4d0cda5334b4f533bede5a4787f7b832d052),platform=Mac OS X 10.16.0 x86_64) (WARNING: The server did not provide any stacktrace information)
Command duration or timeout: 0 milliseconds
Build info: version: '3.141.59', revision: 'e82be7d358', time: '2018-11-14T08:17:03'
System info: host: 'Sigtuples-MacBook-Pro-2.local', ip: 'fe80:0:0:0:1024:1596:3ca6:5faf%en0', os.name: 'Mac OS X', os.arch: 'x86_64', os.version: '12.5', java.version: '17.0.2'
Driver info: org.openqa.selenium.chrome.ChromeDriver
Capabilities {acceptInsecureCerts: false, acceptSslCerts: false, applicationCacheEnabled: false, browserConnectionEnabled: false, browserName: chrome, chrome: {chromedriverVersion: 2.43.600229 (3fae4d0cda5334..., userDataDir: /var/folders/1k/lnjjm94144x...}, cssSelectorsEnabled: true, databaseEnabled: false, goog:chromeOptions: {debuggerAddress: localhost:49771}, handlesAlerts: true, hasTouchScreen: false, javascriptEnabled: true, locationContextEnabled: true, mobileEmulationEnabled: false, nativeEvents: true, networkConnectionEnabled: false, pageLoadStrategy: normal, platform: MAC, platformName: MAC, rotatable: false, setWindowRect: true, takesHeapSnapshot: true, takesScreenshot: true, unexpectedAlertBehaviour: , unhandledPromptBehavior: , version: 106.0.5249.119, webStorageEnabled: true}
Session ID: a231e2ca87a6fd00b0ec0e7817dd0be6
*** Element info: {Using=xpath, value=//div[@class='btn-container']/child::button[2]}

2022-10-19 11:21:14 INFO  ScreenshotListeners:41 - 
================:  click On Update :====================

2022-10-19 11:21:16 ERROR BrowserSetUp:156 - clickOnUpdate -> FAILED due to below issues :
org.openqa.selenium.NoSuchSessionException: invalid session id
  (Driver info: chromedriver=2.43.600229 (3fae4d0cda5334b4f533bede5a4787f7b832d052),platform=Mac OS X 10.16.0 x86_64) (WARNING: The server did not provide any stacktrace information)
Command duration or timeout: 0 milliseconds
Build info: version: '3.141.59', revision: 'e82be7d358', time: '2018-11-14T08:17:03'
System info: host: 'Sigtuples-MacBook-Pro-2.local', ip: 'fe80:0:0:0:1024:1596:3ca6:5faf%en0', os.name: 'Mac OS X', os.arch: 'x86_64', os.version: '12.5', java.version: '17.0.2'
Driver info: org.openqa.selenium.chrome.ChromeDriver
Capabilities {acceptInsecureCerts: false, acceptSslCerts: false, applicationCacheEnabled: false, browserConnectionEnabled: false, browserName: chrome, chrome: {chromedriverVersion: 2.43.600229 (3fae4d0cda5334..., userDataDir: /var/folders/1k/lnjjm94144x...}, cssSelectorsEnabled: true, databaseEnabled: false, goog:chromeOptions: {debuggerAddress: localhost:49771}, handlesAlerts: true, hasTouchScreen: false, javascriptEnabled: true, locationContextEnabled: true, mobileEmulationEnabled: false, nativeEvents: true, networkConnectionEnabled: false, pageLoadStrategy: normal, platform: MAC, platformName: MAC, rotatable: false, setWindowRect: true, takesHeapSnapshot: true, takesScreenshot: true, unexpectedAlertBehaviour: , unhandledPromptBehavior: , version: 106.0.5249.119, webStorageEnabled: true}
Session ID: a231e2ca87a6fd00b0ec0e7817dd0be6
*** Element info: {Using=xpath, value=//div[@class='btn-container']/child::button[1]}

