2022-11-22 17:49:29 INFO  ScreenshotListeners:41 - 
================:  verify Sig Tuple Tittle :====================

2022-11-22 17:49:30 INFO  LoginTest:45 - Sigtuple title is successfully verified
2022-11-22 17:49:30 INFO  ScreenshotListeners:41 - 
================:  verify Mandara App Load :====================

2022-11-22 17:49:31 INFO  Login:47 - mandara app is loaded
2022-11-22 17:49:31 INFO  LoginTest:54 - Mandara App is loaded successfully in UI
2022-11-22 17:49:31 INFO  ScreenshotListeners:41 - 
================:  visibility Of Sigtuple Logo :====================

2022-11-22 17:49:31 INFO  Login:57 - sigtuple logo is loaded
2022-11-22 17:49:31 INFO  LoginTest:61 - Sigtuple icon visible
2022-11-22 17:49:31 INFO  ScreenshotListeners:41 - 
================:  visibility Of Login Container :====================

2022-11-22 17:49:31 INFO  Login:67 - login container is loaded
2022-11-22 17:49:31 INFO  LoginTest:68 - Login container is visible
2022-11-22 17:49:31 INFO  ScreenshotListeners:41 - 
================:  visibility Of User Name Field :====================

2022-11-22 17:49:31 INFO  Login:78 - user name field is displayed
2022-11-22 17:49:31 INFO  LoginTest:75 - verifyVisibilityOfUserNameField
2022-11-22 17:49:31 INFO  ScreenshotListeners:41 - 
================:  visibility Of Pass Name Field :====================

2022-11-22 17:49:31 INFO  Login:90 - user name field is displayed
2022-11-22 17:49:31 INFO  LoginTest:82 - verifyVisibilityOfPassNameField
2022-11-22 17:49:31 INFO  ScreenshotListeners:41 - 
================:  visibility Of Login Button :====================

2022-11-22 17:49:31 INFO  Login:102 - Login buttin is visible
2022-11-22 17:49:31 INFO  LoginTest:89 - visibilityOfLoginButton
2022-11-22 17:49:31 INFO  ScreenshotListeners:41 - 
================:  enability Of Login Button :====================

2022-11-22 17:49:31 INFO  Login:114 - Login buttin is disabled
2022-11-22 17:49:31 INFO  LoginTest:96 - enabilityOfLoginButton
2022-11-22 17:49:31 INFO  ScreenshotListeners:41 - 
================:  verify User Name Alerttest :====================

2022-11-22 17:49:32 INFO  Login:133 - user name alert Msg :Please enter your user name
2022-11-22 17:49:32 INFO  LoginTest:103 - Alert message for Username field verified
2022-11-22 17:49:32 INFO  ScreenshotListeners:41 - 
================:  verify Password Alerttest :====================

2022-11-22 17:49:33 INFO  Login:148 - password field alert Msg :Please enter your password
2022-11-22 17:49:33 INFO  LoginTest:110 - Alert message for Password field verified
2022-11-22 17:49:33 INFO  ScreenshotListeners:41 - 
================:  visibility Of Forgot Password Button :====================

2022-11-22 17:49:33 INFO  Login:158 - forgot pass button is displayed
2022-11-22 17:49:33 INFO  LoginTest:118 - visibilityOfForgotPasswordButton
2022-11-22 17:49:33 INFO  ScreenshotListeners:41 - 
================:  click On Forgot Password Button :====================

2022-11-22 17:49:33 INFO  Login:170 - clicked on forgot pass button
2022-11-22 17:49:33 INFO  LoginTest:126 - clickOnForgotPasswordButton
2022-11-22 17:49:33 INFO  ScreenshotListeners:41 - 
================:  verify Forgot Password Page Loaded :====================

2022-11-22 17:49:33 INFO  Login:181 - forgot password page loaded
2022-11-22 17:49:33 INFO  LoginTest:134 - verifyForgotPasswordPageLoaded
2022-11-22 17:49:33 INFO  ScreenshotListeners:41 - 
================:  visibility Of Email I D Field :====================

2022-11-22 17:49:33 INFO  Login:193 - Email field is displayed
2022-11-22 17:49:33 INFO  LoginTest:141 - visibilityOfForgotPasswordButton
2022-11-22 17:49:33 INFO  ScreenshotListeners:41 - 
================:  visibility Of Back To Login Button :====================

2022-11-22 17:49:33 INFO  Login:204 - back to login button is displayed
2022-11-22 17:49:33 INFO  LoginTest:148 - visibilityOfBackToLoginButton
2022-11-22 17:49:33 INFO  ScreenshotListeners:41 - 
================:  visibility Of Reser Password Button :====================

2022-11-22 17:49:33 INFO  Login:215 - password reset button is displayed and disabled
2022-11-22 17:49:33 INFO  LoginTest:155 - visibilityOfReserPasswordButton
2022-11-22 17:49:33 INFO  ScreenshotListeners:41 - 
================:  enability Of Reser Password Button :====================

2022-11-22 17:49:33 INFO  Login:227 - reset buttin is disabled
2022-11-22 17:49:33 INFO  LoginTest:162 - enabilityOfReserPasswordButton
2022-11-22 17:49:33 INFO  ScreenshotListeners:41 - 
================:  verify Email Field Alert Test :====================

2022-11-22 17:49:33 INFO  Login:246 - Email field alert Msg :Please enter valid email id
2022-11-22 17:49:33 INFO  LoginTest:169 - Alert message for Email field verified
2022-11-22 17:49:33 INFO  ScreenshotListeners:41 - 
================:  verify Alertfor Not An Emailid :====================

2022-11-22 17:49:34 INFO  Login:265 - entered text is not an email ID
2022-11-22 17:49:34 INFO  Login:267 - Email field alert Msg :Please enter valid email id
2022-11-22 17:49:34 INFO  LoginTest:176 - verifyAlertforInvalideEmail
2022-11-22 17:49:34 INFO  ScreenshotListeners:41 - 
================:  verify Alertfor Invalide Email :====================

2022-11-22 17:49:35 INFO  Login:286 - entered text is an email ID
2022-11-22 17:49:36 INFO  LoginTest:184 - verifyAlertforInvalideEmail
2022-11-22 17:49:36 INFO  ScreenshotListeners:41 - 
================:  verify Alertfor Valide Email :====================

2022-11-22 17:49:42 INFO  Login:312 - entered text is an email ID
2022-11-22 17:49:43 INFO  LoginTest:192 - verifyAlertforValideEmail
2022-11-22 17:49:43 INFO  ScreenshotListeners:41 - 
================:  clickon Back To Login :====================

2022-11-22 17:49:43 INFO  Login:331 - back to login button clicked
2022-11-22 17:49:44 INFO  LoginTest:199 - On clicking 'Back to Login' button, the user navigates to the login form window
2022-11-22 17:49:44 INFO  ScreenshotListeners:41 - 
================:  visibility Of Login Container1 :====================

2022-11-22 17:49:44 INFO  Login:67 - login container is loaded
2022-11-22 17:49:44 INFO  LoginTest:207 - Login container is visible
2022-11-22 17:49:44 INFO  ScreenshotListeners:41 - 
================:  verify Copyright On Login Page :====================

2022-11-22 17:49:44 INFO  Login:348 - copyright text : Copyright © 2015-2022 SigTuple Technologies Private Limited | All Rights Reserved
2022-11-22 17:49:44 INFO  LoginTest:218 - Copy right info is displayed to users on Login Page Copyright © 2015-2022 SigTuple Technologies Private Limited | All Rights Reserved
2022-11-22 17:49:44 INFO  ScreenshotListeners:41 - 
================:  verify Valid Login :====================

2022-11-22 17:49:44 INFO  Login:405 - clicked on login button
2022-11-22 17:49:44 INFO  LoginTest:267 - login Done successfully
2022-11-22 17:49:44 INFO  ScreenshotListeners:41 - 
================:  visibility Mandara Home Page :====================

2022-11-22 17:49:50 INFO  Login:417 - Mandara home page is loaded
2022-11-22 17:49:50 INFO  LoginTest:279 - Mandara home page is Loaded
2022-11-22 17:49:50 INFO  ScreenshotListeners:41 - 
================:  check Madara Home Page :====================

2022-11-22 17:49:50 INFO  MandaraHomeTest:34 - Mandara Home Page has loaded successfully
2022-11-22 17:49:50 INFO  ScreenshotListeners:41 - 
================:  check Sigtuple Icon :====================

2022-11-22 17:49:50 INFO  MandaraHomeTest:41 - Sigtuple mini icon on static bar is present on top left and is clickable
2022-11-22 17:49:50 INFO  ScreenshotListeners:41 - 
================:  checkusericon :====================

2022-11-22 17:49:50 INFO  MandaraHomeTest:53 - User Icon is present on static bar is present on top right and is clickable
2022-11-22 17:49:50 INFO  ScreenshotListeners:41 - 
================:  number Of Products For User :====================

2022-11-22 17:49:50 INFO  MandaraHomeTest:73 - Number of Products currently accessible to users is 4
2022-11-22 17:49:50 INFO  ScreenshotListeners:41 - 
================:  copyright Test :====================

2022-11-22 17:49:50 INFO  MandaraHomeTest:83 - Copyright info is not identified
2022-11-22 17:49:50 INFO  ScreenshotListeners:41 - 
================:  terms N Cond Test :====================

2022-11-22 17:49:53 INFO  MandaraHomeTest:90 - Terms of Service hyperlink is displayed
2022-11-22 17:49:53 INFO  MandaraHomeTest:91 - Terms of Service dialog box opened up on clicking on hyperlink
2022-11-22 17:49:53 INFO  MandaraHomeTest:92 - The header of the dialog box is 'Terms of Service'
2022-11-22 17:49:53 INFO  MandaraHomeTest:93 - Terms of Service dialog box is closed successfully
2022-11-22 17:49:53 INFO  ScreenshotListeners:41 - 
================:  privacy Policy :====================

2022-11-22 17:49:57 INFO  MandaraHomeTest:100 - Privacy policy window opened on the text browser tab
2022-11-22 17:49:57 INFO  MandaraHomeTest:106 - The Privacy policy document is closed
2022-11-22 17:49:57 INFO  ScreenshotListeners:41 - 
================:  availability Of Shonit Card :====================

2022-11-22 17:49:57 INFO  MandaraHomeTest:159 - Shonit product is available for current user
2022-11-22 17:49:57 INFO  ScreenshotListeners:41 - 
================:  verify Option From User Icon :====================

2022-11-22 17:50:02 INFO  MandaraHomeTest:65 - All expected option are available after click on user icon
2022-11-22 17:50:02 INFO  ScreenshotListeners:41 - 
================:  verify Shonit Carddetails :====================

2022-11-22 17:50:03 INFO  MandaraHome:168 -  all details of this card is verified 
2022-11-22 17:50:03 INFO  MandaraHomeTest:201 - All details on shonit card is verified 
2022-11-22 17:50:03 INFO  ScreenshotListeners:41 - 
================:  clickon List Report Test :====================

2022-11-22 17:50:03 INFO  ListReportTest:47 - Clicked on List Report Successfully to load
2022-11-22 17:50:03 INFO  ScreenshotListeners:41 - 
================:  visibility Of Version Card :====================

2022-11-22 17:50:03 INFO  ListReportTest:56 - about app is opened
2022-11-22 17:50:03 INFO  ScreenshotListeners:41 - 
================:  visibility Of Plateform Version :====================

2022-11-22 17:50:03 INFO  ListReportTest:66 - plateform version is verified
2022-11-22 17:50:03 INFO  ScreenshotListeners:41 - 
================:  visibility Of Product Name :====================

2022-11-22 17:50:04 INFO  ListReportTest:91 - product name is verified
2022-11-22 17:50:04 INFO  ScreenshotListeners:41 - 
================:  visibility Of Software Version :====================

2022-11-22 17:50:04 INFO  ListReportTest:100 - software version is verified
2022-11-22 17:50:04 INFO  ScreenshotListeners:41 - 
================:  closeproduct Version Card :====================

2022-11-22 17:50:05 INFO  ListReportTest:109 - about app is closed
2022-11-22 17:50:05 INFO  ScreenshotListeners:41 - 
================:  verify List Reportpage :====================

2022-11-22 17:50:05 INFO  ListReportTest:120 - List Report page loaded
2022-11-22 17:50:05 INFO  ScreenshotListeners:41 - 
================:  visibility Of Help Icon :====================

2022-11-22 17:50:05 INFO  ListReportTest:74 - help icon is verified
2022-11-22 17:50:05 INFO  ScreenshotListeners:41 - 
================:  Verify Click On Notification Icon :====================

2022-11-22 17:50:05 INFO  ListReportTest:82 - Clicked on notification icon Successfully 
2022-11-22 17:50:05 INFO  ScreenshotListeners:41 - 
================:  verify Visibilioty O Flag Colour :====================

2022-11-22 17:50:08 INFO  ListReportTest:131 -  automatically flag colour is verified
2022-11-22 17:50:08 INFO  ScreenshotListeners:41 - 
================:  verify Notpad Icon :====================

2022-11-22 17:50:08 INFO  ListReportTest:153 - Notepad Icon is available before 'Analysis Reports' text
2022-11-22 17:50:08 INFO  ScreenshotListeners:41 - 
================:  verifymodulname :====================

2022-11-22 17:50:08 INFO  ListReportTest:146 - Modul name contains :Shonit
2022-11-22 17:50:08 INFO  ScreenshotListeners:41 - 
================:  verifyfilter Icon :====================

2022-11-22 17:50:08 INFO  ListReportTest:167 - Filter icon is displayed
2022-11-22 17:50:08 INFO  ScreenshotListeners:41 - 
================:  verifyrefreshicon :====================

2022-11-22 17:50:08 INFO  ListReportTest:174 - Refresh icon is displayed
2022-11-22 17:50:08 INFO  ScreenshotListeners:41 - 
================:  verify Option From User Icon On Shonit Report Page :====================

2022-11-22 17:50:14 INFO  ListReportTest:187 - All expected option are available after click on user icon
2022-11-22 17:50:14 INFO  ScreenshotListeners:41 - 
================:  verifytableheader :====================

2022-11-22 17:50:14 INFO  ListReportTest:208 - Success: validation of list of columns in Shonit list Report ,PRIORITY,FLAG
  filter_alt,SLIDE ID,DESCRIPTION,INSTALLATION,SUBMITTED BY,SUBMITTED AT,REVIEWER,STATUS,FLAGGED ON
  filter_alt,
2022-11-22 17:50:14 INFO  ScreenshotListeners:41 - 
================:  terms N Cond Test On Shonit Report Page :====================

2022-11-22 17:50:15 INFO  ListReportTest:193 - Terms of Service hyperlink is displayed
2022-11-22 17:50:15 INFO  ListReportTest:194 - Terms of Service dialog box opened up on clicking on hyperlink
2022-11-22 17:50:15 INFO  ListReportTest:195 - The header of the dialog box is 'Terms of Service'
2022-11-22 17:50:15 INFO  ListReportTest:196 - Terms of Service dialog box is closed successfully
2022-11-22 17:50:15 INFO  ScreenshotListeners:41 - 
================:  checkpaginationeditbox :====================

2022-11-22 17:50:15 INFO  ListReportTest:215 - edit box is visible to enter page number 
2022-11-22 17:50:15 INFO  ScreenshotListeners:41 - 
================:  checkpaginationchevronicons :====================

2022-11-22 17:50:15 INFO  ListReportTest:229 - chevron icons are visible at the bottom of page
2022-11-22 17:50:15 INFO  ScreenshotListeners:41 - 
================:  checkpaginationposition :====================

2022-11-22 17:50:15 INFO  ListReportTest:222 - table page numbers are visible
2022-11-22 17:50:15 INFO  ScreenshotListeners:41 - 
================:  verify Search Enter Text :====================

2022-11-22 17:50:20 INFO  ListReportTest:295 - Search Text passed successfully
2022-11-22 17:50:20 INFO  ScreenshotListeners:41 - 
================:  verify Add Assignee :====================

2022-11-22 17:50:23 ERROR BrowserSetUp:156 - verifyAddAssignee -> FAILED due to below issues :
org.openqa.selenium.WebDriverException: unknown error: Element <mat-icon _ngcontent-c12="" class="...-icon mat-icon notranslate material-icons mat-icon-no-color" role="img" aria-hidden="true">close</mat-icon> is not clickable at point (1189, 168). Other element would receive the click: <div class="cdk-overlay-backdrop cdk-overlay-dark-backdrop cdk-overlay-backdrop-showing"></div>
  (Session info: chrome=107.0.5304.110)
  (Driver info: chromedriver=2.43.600229 (3fae4d0cda5334b4f533bede5a4787f7b832d052),platform=Mac OS X 10.16.0 x86_64) (WARNING: The server did not provide any stacktrace information)
Command duration or timeout: 0 milliseconds
Build info: version: '3.141.59', revision: 'e82be7d358', time: '2018-11-14T08:17:03'
System info: host: 'Sigtuples-MacBook-Pro-2.local', ip: '2409:4071:d81:56a5:fdb4:a572:97a0:a65e%en0', os.name: 'Mac OS X', os.arch: 'x86_64', os.version: '10.16', java.version: '1.8.0_202'
Driver info: org.openqa.selenium.chrome.ChromeDriver
Capabilities {acceptInsecureCerts: false, acceptSslCerts: false, applicationCacheEnabled: false, browserConnectionEnabled: false, browserName: chrome, chrome: {chromedriverVersion: 2.43.600229 (3fae4d0cda5334..., userDataDir: /var/folders/1k/lnjjm94144x...}, cssSelectorsEnabled: true, databaseEnabled: false, goog:chromeOptions: {debuggerAddress: localhost:60203}, handlesAlerts: true, hasTouchScreen: false, javascriptEnabled: true, locationContextEnabled: true, mobileEmulationEnabled: false, nativeEvents: true, networkConnectionEnabled: false, pageLoadStrategy: normal, platform: MAC, platformName: MAC, rotatable: false, setWindowRect: true, takesHeapSnapshot: true, takesScreenshot: true, unexpectedAlertBehaviour: , unhandledPromptBehavior: , version: 107.0.5304.110, webStorageEnabled: true}
Session ID: 40e2a710ef5a15d30dd36437431244d3

2022-11-22 17:50:24 INFO  BrowserSetUp:166 - Screenshot for this failed method : Screenshot/verifyAddAssignee.png
2022-11-22 17:50:24 INFO  ScreenshotListeners:41 - 
================:  verify Searchdata :====================

2022-11-22 17:50:59 ERROR BrowserSetUp:156 - verifySearchdata -> FAILED due to below issues :
org.openqa.selenium.TimeoutException: Expected condition failed: waiting for visibility of all elements located by By.xpath: //tbody//tr (tried for 30 second(s) with 500 milliseconds interval)
Build info: version: '3.141.59', revision: 'e82be7d358', time: '2018-11-14T08:17:03'
System info: host: 'Sigtuples-MacBook-Pro-2.local', ip: '2409:4071:d81:56a5:fdb4:a572:97a0:a65e%en0', os.name: 'Mac OS X', os.arch: 'x86_64', os.version: '10.16', java.version: '1.8.0_202'
Driver info: org.openqa.selenium.chrome.ChromeDriver
Capabilities {acceptInsecureCerts: false, acceptSslCerts: false, applicationCacheEnabled: false, browserConnectionEnabled: false, browserName: chrome, chrome: {chromedriverVersion: 2.43.600229 (3fae4d0cda5334..., userDataDir: /var/folders/1k/lnjjm94144x...}, cssSelectorsEnabled: true, databaseEnabled: false, goog:chromeOptions: {debuggerAddress: localhost:60203}, handlesAlerts: true, hasTouchScreen: false, javascriptEnabled: true, locationContextEnabled: true, mobileEmulationEnabled: false, nativeEvents: true, networkConnectionEnabled: false, pageLoadStrategy: normal, platform: MAC, platformName: MAC, rotatable: false, setWindowRect: true, takesHeapSnapshot: true, takesScreenshot: true, unexpectedAlertBehaviour: , unhandledPromptBehavior: , version: 107.0.5304.110, webStorageEnabled: true}
Session ID: 40e2a710ef5a15d30dd36437431244d3

2022-11-22 17:51:00 INFO  BrowserSetUp:166 - Screenshot for this failed method : Screenshot/verifySearchdata.png
2022-11-22 17:51:00 INFO  ScreenshotListeners:41 - 
================:  searchfilter Present Test :====================

2022-11-22 17:51:00 INFO  SearchFilterTest:36 - Search filter is enabled
2022-11-22 17:51:00 INFO  ScreenshotListeners:41 - 
================:  open Filterbox Test :====================

2022-11-22 17:51:03 INFO  SearchFilterTest:44 - Search modal window is opened successfully
2022-11-22 17:51:03 INFO  ScreenshotListeners:41 - 
================:  default Field Values Test :====================

2022-11-22 17:51:03 INFO  SearchFilterTest:53 - All fields are present and set to their default value
2022-11-22 17:51:03 INFO  ScreenshotListeners:41 - 
================:  default Field Name Test :====================

2022-11-22 17:51:03 ERROR BrowserSetUp:156 - defaultFieldNameTest -> FAILED due to below issues :
java.lang.NullPointerException

2022-11-22 17:51:04 INFO  BrowserSetUp:166 - Screenshot for this failed method : Screenshot/defaultFieldNameTest.png
2022-11-22 17:51:04 INFO  ScreenshotListeners:41 - 
================:  default Date Field Test :====================

2022-11-22 17:51:24 INFO  SearchFilterTest:76 - Fields needs to be reset back
2022-11-22 17:51:24 INFO  ScreenshotListeners:41 - 
================:  modalfooter Test :====================

2022-11-22 17:51:24 INFO  SearchFilterTest:92 - Cancel, Reset and Apply buttons are enabled to be clicked.
2022-11-22 17:51:24 INFO  ScreenshotListeners:41 - 
================:  click Reset :====================

2022-11-22 17:51:34 INFO  SearchFilterTest:103 - All fields are set to default values again
2022-11-22 17:51:34 INFO  ScreenshotListeners:41 - 
================:  click Cancel Test :====================

2022-11-22 17:51:34 INFO  SearchFilterTest:115 - On clicking Cancel button, the screen gets redirected to the List Page by default
2022-11-22 17:51:34 INFO  ScreenshotListeners:41 - 
================:  click Apply Test :====================

2022-11-22 17:51:37 INFO  SearchFilterTest:124 - On clicking Apply button, the screen gets redirected to the List Page by default
2022-11-22 17:51:37 INFO  ScreenshotListeners:41 - 
================:  verify Installation I D :====================

2022-11-22 17:52:06 INFO  SearchFilterTest:162 - The actual installation id is SIG-Sig-1294-1
2022-11-22 17:52:06 INFO  ScreenshotListeners:41 - 
================:  select By Reviewer Test :====================

2022-11-22 17:52:31 INFO  SearchFilterTest:182 - The search is successful for selected branch and Reviewer name 
2022-11-22 17:52:31 INFO  ScreenshotListeners:41 - 
================:  verify Filter Result Consistency Test :====================

2022-11-22 17:52:50 ERROR BrowserSetUp:156 - verifyFilterResultConsistencyTest -> FAILED due to below issues :
java.lang.AssertionError: expected [true] but found [false]

2022-11-22 17:52:50 INFO  BrowserSetUp:166 - Screenshot for this failed method : Screenshot/verifyFilterResultConsistencyTest.png
2022-11-22 17:52:50 INFO  ScreenshotListeners:41 - 
================:  verify Filter Data Test :====================

2022-11-22 17:53:50 INFO  SearchFilterTest:238 - Applied Filter Values staying same after opening the Filter again. 
2022-11-22 17:53:50 INFO  ScreenshotListeners:41 - 
================:  select By Review Status For Approve Test :====================

2022-11-22 17:53:51 ERROR BrowserSetUp:156 - selectByReviewStatusForApproveTest -> FAILED due to below issues :
org.openqa.selenium.WebDriverException: unknown error: Element <i _ngcontent-c10="" class="material-icons pointer color-hover filter-applied" title="Filter">...</i> is not clickable at point (1300, 167). Other element would receive the click: <div class="cdk-overlay-backdrop cdk-overlay-dark-backdrop cdk-overlay-backdrop-showing"></div>
  (Session info: chrome=107.0.5304.110)
  (Driver info: chromedriver=2.43.600229 (3fae4d0cda5334b4f533bede5a4787f7b832d052),platform=Mac OS X 10.16.0 x86_64) (WARNING: The server did not provide any stacktrace information)
Command duration or timeout: 0 milliseconds
Build info: version: '3.141.59', revision: 'e82be7d358', time: '2018-11-14T08:17:03'
System info: host: 'Sigtuples-MacBook-Pro-2.local', ip: '2409:4071:d81:56a5:fdb4:a572:97a0:a65e%en0', os.name: 'Mac OS X', os.arch: 'x86_64', os.version: '10.16', java.version: '1.8.0_202'
Driver info: org.openqa.selenium.chrome.ChromeDriver
Capabilities {acceptInsecureCerts: false, acceptSslCerts: false, applicationCacheEnabled: false, browserConnectionEnabled: false, browserName: chrome, chrome: {chromedriverVersion: 2.43.600229 (3fae4d0cda5334..., userDataDir: /var/folders/1k/lnjjm94144x...}, cssSelectorsEnabled: true, databaseEnabled: false, goog:chromeOptions: {debuggerAddress: localhost:60203}, handlesAlerts: true, hasTouchScreen: false, javascriptEnabled: true, locationContextEnabled: true, mobileEmulationEnabled: false, nativeEvents: true, networkConnectionEnabled: false, pageLoadStrategy: normal, platform: MAC, platformName: MAC, rotatable: false, setWindowRect: true, takesHeapSnapshot: true, takesScreenshot: true, unexpectedAlertBehaviour: , unhandledPromptBehavior: , version: 107.0.5304.110, webStorageEnabled: true}
Session ID: 40e2a710ef5a15d30dd36437431244d3

2022-11-22 17:53:51 INFO  BrowserSetUp:166 - Screenshot for this failed method : Screenshot/selectByReviewStatusForApproveTest.png
2022-11-22 17:53:51 INFO  ScreenshotListeners:41 - 
================:  select By Review Status For Reject Test :====================

2022-11-22 17:53:53 ERROR BrowserSetUp:156 - selectByReviewStatusForRejectTest -> FAILED due to below issues :
org.openqa.selenium.WebDriverException: unknown error: Element <i _ngcontent-c10="" class="material-icons pointer color-hover filter-applied" title="Filter">...</i> is not clickable at point (1300, 167). Other element would receive the click: <div class="cdk-overlay-backdrop cdk-overlay-dark-backdrop cdk-overlay-backdrop-showing"></div>
  (Session info: chrome=107.0.5304.110)
  (Driver info: chromedriver=2.43.600229 (3fae4d0cda5334b4f533bede5a4787f7b832d052),platform=Mac OS X 10.16.0 x86_64) (WARNING: The server did not provide any stacktrace information)
Command duration or timeout: 0 milliseconds
Build info: version: '3.141.59', revision: 'e82be7d358', time: '2018-11-14T08:17:03'
System info: host: 'Sigtuples-MacBook-Pro-2.local', ip: '2409:4071:d81:56a5:fdb4:a572:97a0:a65e%en0', os.name: 'Mac OS X', os.arch: 'x86_64', os.version: '10.16', java.version: '1.8.0_202'
Driver info: org.openqa.selenium.chrome.ChromeDriver
Capabilities {acceptInsecureCerts: false, acceptSslCerts: false, applicationCacheEnabled: false, browserConnectionEnabled: false, browserName: chrome, chrome: {chromedriverVersion: 2.43.600229 (3fae4d0cda5334..., userDataDir: /var/folders/1k/lnjjm94144x...}, cssSelectorsEnabled: true, databaseEnabled: false, goog:chromeOptions: {debuggerAddress: localhost:60203}, handlesAlerts: true, hasTouchScreen: false, javascriptEnabled: true, locationContextEnabled: true, mobileEmulationEnabled: false, nativeEvents: true, networkConnectionEnabled: false, pageLoadStrategy: normal, platform: MAC, platformName: MAC, rotatable: false, setWindowRect: true, takesHeapSnapshot: true, takesScreenshot: true, unexpectedAlertBehaviour: , unhandledPromptBehavior: , version: 107.0.5304.110, webStorageEnabled: true}
Session ID: 40e2a710ef5a15d30dd36437431244d3

2022-11-22 17:53:53 INFO  BrowserSetUp:166 - Screenshot for this failed method : Screenshot/selectByReviewStatusForRejectTest.png
2022-11-22 17:53:53 INFO  ScreenshotListeners:41 - 
================:  select Unassigned Review Test :====================

2022-11-22 17:53:54 ERROR BrowserSetUp:156 - selectUnassignedReviewTest -> FAILED due to below issues :
org.openqa.selenium.WebDriverException: unknown error: Element <i _ngcontent-c10="" class="material-icons pointer color-hover filter-applied" title="Filter">...</i> is not clickable at point (1300, 167). Other element would receive the click: <div class="cdk-overlay-backdrop cdk-overlay-dark-backdrop cdk-overlay-backdrop-showing"></div>
  (Session info: chrome=107.0.5304.110)
  (Driver info: chromedriver=2.43.600229 (3fae4d0cda5334b4f533bede5a4787f7b832d052),platform=Mac OS X 10.16.0 x86_64) (WARNING: The server did not provide any stacktrace information)
Command duration or timeout: 0 milliseconds
Build info: version: '3.141.59', revision: 'e82be7d358', time: '2018-11-14T08:17:03'
System info: host: 'Sigtuples-MacBook-Pro-2.local', ip: '2409:4071:d81:56a5:fdb4:a572:97a0:a65e%en0', os.name: 'Mac OS X', os.arch: 'x86_64', os.version: '10.16', java.version: '1.8.0_202'
Driver info: org.openqa.selenium.chrome.ChromeDriver
Capabilities {acceptInsecureCerts: false, acceptSslCerts: false, applicationCacheEnabled: false, browserConnectionEnabled: false, browserName: chrome, chrome: {chromedriverVersion: 2.43.600229 (3fae4d0cda5334..., userDataDir: /var/folders/1k/lnjjm94144x...}, cssSelectorsEnabled: true, databaseEnabled: false, goog:chromeOptions: {debuggerAddress: localhost:60203}, handlesAlerts: true, hasTouchScreen: false, javascriptEnabled: true, locationContextEnabled: true, mobileEmulationEnabled: false, nativeEvents: true, networkConnectionEnabled: false, pageLoadStrategy: normal, platform: MAC, platformName: MAC, rotatable: false, setWindowRect: true, takesHeapSnapshot: true, takesScreenshot: true, unexpectedAlertBehaviour: , unhandledPromptBehavior: , version: 107.0.5304.110, webStorageEnabled: true}
Session ID: 40e2a710ef5a15d30dd36437431244d3

2022-11-22 17:53:55 INFO  BrowserSetUp:166 - Screenshot for this failed method : Screenshot/selectUnassignedReviewTest.png
2022-11-22 17:53:55 INFO  ScreenshotListeners:41 - 
================:  select Assigned Review Test :====================

2022-11-22 17:53:56 ERROR BrowserSetUp:156 - selectAssignedReviewTest -> FAILED due to below issues :
org.openqa.selenium.WebDriverException: unknown error: Element <i _ngcontent-c10="" class="material-icons pointer color-hover filter-applied" title="Filter">...</i> is not clickable at point (1300, 167). Other element would receive the click: <div class="cdk-overlay-backdrop cdk-overlay-dark-backdrop cdk-overlay-backdrop-showing"></div>
  (Session info: chrome=107.0.5304.110)
  (Driver info: chromedriver=2.43.600229 (3fae4d0cda5334b4f533bede5a4787f7b832d052),platform=Mac OS X 10.16.0 x86_64) (WARNING: The server did not provide any stacktrace information)
Command duration or timeout: 0 milliseconds
Build info: version: '3.141.59', revision: 'e82be7d358', time: '2018-11-14T08:17:03'
System info: host: 'Sigtuples-MacBook-Pro-2.local', ip: '2409:4071:d81:56a5:fdb4:a572:97a0:a65e%en0', os.name: 'Mac OS X', os.arch: 'x86_64', os.version: '10.16', java.version: '1.8.0_202'
Driver info: org.openqa.selenium.chrome.ChromeDriver
Capabilities {acceptInsecureCerts: false, acceptSslCerts: false, applicationCacheEnabled: false, browserConnectionEnabled: false, browserName: chrome, chrome: {chromedriverVersion: 2.43.600229 (3fae4d0cda5334..., userDataDir: /var/folders/1k/lnjjm94144x...}, cssSelectorsEnabled: true, databaseEnabled: false, goog:chromeOptions: {debuggerAddress: localhost:60203}, handlesAlerts: true, hasTouchScreen: false, javascriptEnabled: true, locationContextEnabled: true, mobileEmulationEnabled: false, nativeEvents: true, networkConnectionEnabled: false, pageLoadStrategy: normal, platform: MAC, platformName: MAC, rotatable: false, setWindowRect: true, takesHeapSnapshot: true, takesScreenshot: true, unexpectedAlertBehaviour: , unhandledPromptBehavior: , version: 107.0.5304.110, webStorageEnabled: true}
Session ID: 40e2a710ef5a15d30dd36437431244d3

2022-11-22 17:53:56 INFO  BrowserSetUp:166 - Screenshot for this failed method : Screenshot/selectAssignedReviewTest.png
2022-11-22 17:53:56 INFO  ScreenshotListeners:41 - 
================:  select Filters For Reviewer And Status Test :====================

2022-11-22 17:53:58 ERROR BrowserSetUp:156 - selectFiltersForReviewerAndStatusTest -> FAILED due to below issues :
org.openqa.selenium.WebDriverException: unknown error: Element <i _ngcontent-c10="" class="material-icons pointer color-hover filter-applied" title="Filter">...</i> is not clickable at point (1300, 167). Other element would receive the click: <div class="cdk-overlay-backdrop cdk-overlay-dark-backdrop cdk-overlay-backdrop-showing"></div>
  (Session info: chrome=107.0.5304.110)
  (Driver info: chromedriver=2.43.600229 (3fae4d0cda5334b4f533bede5a4787f7b832d052),platform=Mac OS X 10.16.0 x86_64) (WARNING: The server did not provide any stacktrace information)
Command duration or timeout: 0 milliseconds
Build info: version: '3.141.59', revision: 'e82be7d358', time: '2018-11-14T08:17:03'
System info: host: 'Sigtuples-MacBook-Pro-2.local', ip: '2409:4071:d81:56a5:fdb4:a572:97a0:a65e%en0', os.name: 'Mac OS X', os.arch: 'x86_64', os.version: '10.16', java.version: '1.8.0_202'
Driver info: org.openqa.selenium.chrome.ChromeDriver
Capabilities {acceptInsecureCerts: false, acceptSslCerts: false, applicationCacheEnabled: false, browserConnectionEnabled: false, browserName: chrome, chrome: {chromedriverVersion: 2.43.600229 (3fae4d0cda5334..., userDataDir: /var/folders/1k/lnjjm94144x...}, cssSelectorsEnabled: true, databaseEnabled: false, goog:chromeOptions: {debuggerAddress: localhost:60203}, handlesAlerts: true, hasTouchScreen: false, javascriptEnabled: true, locationContextEnabled: true, mobileEmulationEnabled: false, nativeEvents: true, networkConnectionEnabled: false, pageLoadStrategy: normal, platform: MAC, platformName: MAC, rotatable: false, setWindowRect: true, takesHeapSnapshot: true, takesScreenshot: true, unexpectedAlertBehaviour: , unhandledPromptBehavior: , version: 107.0.5304.110, webStorageEnabled: true}
Session ID: 40e2a710ef5a15d30dd36437431244d3

2022-11-22 17:53:59 INFO  BrowserSetUp:166 - Screenshot for this failed method : Screenshot/selectFiltersForReviewerAndStatusTest.png
2022-11-22 17:53:59 INFO  ScreenshotListeners:41 - 
================:  apply Multiple Filters Test :====================

2022-11-22 17:54:00 INFO  SearchFilterTest:345 - The search is successful for multiple filters
2022-11-22 17:54:00 INFO  ScreenshotListeners:41 - 
================:  select By Date Filter Test :====================

2022-11-22 17:54:00 ERROR BrowserSetUp:156 - selectByDateFilterTest -> FAILED due to below issues :
org.openqa.selenium.WebDriverException: unknown error: Element <i _ngcontent-c10="" class="material-icons pointer color-hover filter-applied" title="Filter">...</i> is not clickable at point (1300, 167). Other element would receive the click: <div class="cdk-overlay-backdrop cdk-overlay-dark-backdrop cdk-overlay-backdrop-showing"></div>
  (Session info: chrome=107.0.5304.110)
  (Driver info: chromedriver=2.43.600229 (3fae4d0cda5334b4f533bede5a4787f7b832d052),platform=Mac OS X 10.16.0 x86_64) (WARNING: The server did not provide any stacktrace information)
Command duration or timeout: 0 milliseconds
Build info: version: '3.141.59', revision: 'e82be7d358', time: '2018-11-14T08:17:03'
System info: host: 'Sigtuples-MacBook-Pro-2.local', ip: '2409:4071:d81:56a5:fdb4:a572:97a0:a65e%en0', os.name: 'Mac OS X', os.arch: 'x86_64', os.version: '10.16', java.version: '1.8.0_202'
Driver info: org.openqa.selenium.chrome.ChromeDriver
Capabilities {acceptInsecureCerts: false, acceptSslCerts: false, applicationCacheEnabled: false, browserConnectionEnabled: false, browserName: chrome, chrome: {chromedriverVersion: 2.43.600229 (3fae4d0cda5334..., userDataDir: /var/folders/1k/lnjjm94144x...}, cssSelectorsEnabled: true, databaseEnabled: false, goog:chromeOptions: {debuggerAddress: localhost:60203}, handlesAlerts: true, hasTouchScreen: false, javascriptEnabled: true, locationContextEnabled: true, mobileEmulationEnabled: false, nativeEvents: true, networkConnectionEnabled: false, pageLoadStrategy: normal, platform: MAC, platformName: MAC, rotatable: false, setWindowRect: true, takesHeapSnapshot: true, takesScreenshot: true, unexpectedAlertBehaviour: , unhandledPromptBehavior: , version: 107.0.5304.110, webStorageEnabled: true}
Session ID: 40e2a710ef5a15d30dd36437431244d3

2022-11-22 17:54:00 INFO  BrowserSetUp:166 - Screenshot for this failed method : Screenshot/selectByDateFilterTest.png
