2022-12-22 13:39:18 INFO  ScreenshotListeners:41 - 
================:  verify Sig Tuple Tittle :====================

2022-12-22 13:39:20 INFO  LoginTest:45 - Sigtuple title is successfully verified
2022-12-22 13:39:20 INFO  ScreenshotListeners:41 - 
================:  verify Mandara App Load :====================

2022-12-22 13:39:20 INFO  Login:47 - mandara app is loaded
2022-12-22 13:39:20 INFO  LoginTest:54 - Mandara App is loaded successfully in UI
2022-12-22 13:39:20 INFO  ScreenshotListeners:41 - 
================:  visibility Of Sigtuple Logo :====================

2022-12-22 13:39:20 INFO  Login:57 - sigtuple logo is loaded
2022-12-22 13:39:20 INFO  LoginTest:61 - Sigtuple icon visible
2022-12-22 13:39:20 INFO  ScreenshotListeners:41 - 
================:  visibility Of Login Container :====================

2022-12-22 13:39:20 INFO  Login:67 - login container is loaded
2022-12-22 13:39:20 INFO  LoginTest:68 - Login container is visible
2022-12-22 13:39:20 INFO  ScreenshotListeners:41 - 
================:  visibility Of User Name Field :====================

2022-12-22 13:39:20 INFO  Login:78 - user name field is displayed
2022-12-22 13:39:20 INFO  LoginTest:75 - verifyVisibilityOfUserNameField
2022-12-22 13:39:20 INFO  ScreenshotListeners:41 - 
================:  visibility Of Pass Name Field :====================

2022-12-22 13:39:20 INFO  Login:90 - user name field is displayed
2022-12-22 13:39:20 INFO  LoginTest:82 - verifyVisibilityOfPassNameField
2022-12-22 13:39:20 INFO  ScreenshotListeners:41 - 
================:  visibility Of Login Button :====================

2022-12-22 13:39:20 INFO  Login:102 - Login buttin is visible
2022-12-22 13:39:20 INFO  LoginTest:89 - visibilityOfLoginButton
2022-12-22 13:39:20 INFO  ScreenshotListeners:41 - 
================:  enability Of Login Button :====================

2022-12-22 13:39:20 INFO  Login:114 - Login buttin is disabled
2022-12-22 13:39:20 INFO  LoginTest:96 - enabilityOfLoginButton
2022-12-22 13:39:20 INFO  ScreenshotListeners:41 - 
================:  verify User Name Alerttest :====================

2022-12-22 13:39:21 INFO  Login:133 - user name alert Msg :Please enter your user name
2022-12-22 13:39:21 INFO  LoginTest:103 - Alert message for Username field verified
2022-12-22 13:39:21 INFO  ScreenshotListeners:41 - 
================:  verify Password Alerttest :====================

2022-12-22 13:39:22 INFO  Login:148 - password field alert Msg :Please enter your password
2022-12-22 13:39:22 INFO  LoginTest:110 - Alert message for Password field verified
2022-12-22 13:39:22 INFO  ScreenshotListeners:41 - 
================:  visibility Of Forgot Password Button :====================

2022-12-22 13:39:22 INFO  Login:158 - forgot pass button is displayed
2022-12-22 13:39:22 INFO  LoginTest:118 - visibilityOfForgotPasswordButton
2022-12-22 13:39:22 INFO  ScreenshotListeners:41 - 
================:  click On Forgot Password Button :====================

2022-12-22 13:39:22 INFO  Login:170 - clicked on forgot pass button
2022-12-22 13:39:22 INFO  LoginTest:126 - clickOnForgotPasswordButton
2022-12-22 13:39:22 INFO  ScreenshotListeners:41 - 
================:  verify Forgot Password Page Loaded :====================

2022-12-22 13:39:22 INFO  Login:181 - forgot password page loaded
2022-12-22 13:39:22 INFO  LoginTest:134 - verifyForgotPasswordPageLoaded
2022-12-22 13:39:22 INFO  ScreenshotListeners:41 - 
================:  visibility Of Email I D Field :====================

2022-12-22 13:39:22 INFO  Login:193 - Email field is displayed
2022-12-22 13:39:22 INFO  LoginTest:141 - visibilityOfForgotPasswordButton
2022-12-22 13:39:22 INFO  ScreenshotListeners:41 - 
================:  visibility Of Back To Login Button :====================

2022-12-22 13:39:22 INFO  Login:204 - back to login button is displayed
2022-12-22 13:39:22 INFO  LoginTest:148 - visibilityOfBackToLoginButton
2022-12-22 13:39:22 INFO  ScreenshotListeners:41 - 
================:  visibility Of Reser Password Button :====================

2022-12-22 13:39:22 INFO  Login:215 - password reset button is displayed and disabled
2022-12-22 13:39:22 INFO  LoginTest:155 - visibilityOfReserPasswordButton
2022-12-22 13:39:22 INFO  ScreenshotListeners:41 - 
================:  enability Of Reser Password Button :====================

2022-12-22 13:39:22 INFO  Login:227 - reset buttin is disabled
2022-12-22 13:39:22 INFO  LoginTest:162 - enabilityOfReserPasswordButton
2022-12-22 13:39:22 INFO  ScreenshotListeners:41 - 
================:  verify Email Field Alert Test :====================

2022-12-22 13:39:22 INFO  Login:246 - Email field alert Msg :Please enter valid email id
2022-12-22 13:39:22 INFO  LoginTest:169 - Alert message for Email field verified
2022-12-22 13:39:22 INFO  ScreenshotListeners:41 - 
================:  verify Alertfor Not An Emailid :====================

2022-12-22 13:39:23 INFO  Login:265 - entered text is not an email ID
2022-12-22 13:39:23 INFO  Login:267 - Email field alert Msg :Please enter valid email id
2022-12-22 13:39:23 INFO  LoginTest:176 - verifyAlertforInvalideEmail
2022-12-22 13:39:23 INFO  ScreenshotListeners:41 - 
================:  verify Alertfor Invalide Email :====================

2022-12-22 13:39:24 INFO  Login:286 - entered text is an email ID
2022-12-22 13:39:25 INFO  LoginTest:184 - verifyAlertforInvalideEmail
2022-12-22 13:39:25 INFO  ScreenshotListeners:41 - 
================:  verify Alertfor Valide Email :====================

2022-12-22 13:39:30 INFO  Login:312 - entered text is an email ID
2022-12-22 13:39:31 INFO  LoginTest:192 - verifyAlertforValideEmail
2022-12-22 13:39:31 INFO  ScreenshotListeners:41 - 
================:  clickon Back To Login :====================

2022-12-22 13:39:31 INFO  Login:331 - back to login button clicked
2022-12-22 13:39:32 INFO  LoginTest:199 - On clicking 'Back to Login' button, the user navigates to the login form window
2022-12-22 13:39:32 INFO  ScreenshotListeners:41 - 
================:  visibility Of Login Container1 :====================

2022-12-22 13:39:32 INFO  Login:67 - login container is loaded
2022-12-22 13:39:32 INFO  LoginTest:207 - Login container is visible
2022-12-22 13:39:32 INFO  ScreenshotListeners:41 - 
================:  verify Valid Login :====================

2022-12-22 13:39:32 INFO  Login:405 - clicked on login button
2022-12-22 13:39:32 INFO  LoginTest:267 - login Done successfully
2022-12-22 13:39:32 INFO  ScreenshotListeners:41 - 
================:  visibility Mandara Home Page :====================

2022-12-22 13:39:36 INFO  Login:417 - Mandara home page is loaded
2022-12-22 13:39:36 INFO  LoginTest:279 - Mandara home page is Loaded
2022-12-22 13:39:36 INFO  ScreenshotListeners:41 - 
================:  check Madara Home Page :====================

2022-12-22 13:39:36 INFO  MandaraHomeTest:34 - Mandara Home Page has loaded successfully
2022-12-22 13:39:36 INFO  ScreenshotListeners:41 - 
================:  check Sigtuple Icon :====================

2022-12-22 13:39:36 INFO  MandaraHomeTest:41 - Sigtuple mini icon on static bar is present on top left and is clickable
2022-12-22 13:39:36 INFO  ScreenshotListeners:41 - 
================:  checkusericon :====================

2022-12-22 13:39:36 INFO  MandaraHomeTest:53 - User Icon is present on static bar is present on top right and is clickable
2022-12-22 13:39:36 INFO  ScreenshotListeners:41 - 
================:  number Of Products For User :====================

2022-12-22 13:39:36 INFO  MandaraHomeTest:73 - Number of Products currently accessible to users is 4
2022-12-22 13:39:36 INFO  ScreenshotListeners:41 - 
================:  availability Of Shonit Card :====================

2022-12-22 13:39:36 INFO  MandaraHomeTest:159 - Shonit product is available for current user
2022-12-22 13:39:36 INFO  ScreenshotListeners:41 - 
================:  verify Option From User Icon :====================

2022-12-22 13:39:43 INFO  MandaraHomeTest:65 - All expected option are available after click on user icon
2022-12-22 13:39:43 INFO  ScreenshotListeners:41 - 
================:  verify Shonit Carddetails :====================

2022-12-22 13:39:43 INFO  MandaraHome:168 -  all details of this card is verified 
2022-12-22 13:39:43 INFO  MandaraHomeTest:201 - All details on shonit card is verified 
2022-12-22 13:39:43 INFO  ScreenshotListeners:41 - 
================:  clickon List Report Test :====================

2022-12-22 13:39:44 INFO  ListReportTest:47 - Clicked on List Report Successfully to load
2022-12-22 13:39:44 INFO  ScreenshotListeners:41 - 
================:  visibility Of Version Card :====================

2022-12-22 13:39:44 INFO  ListReportTest:56 - about app is opened
2022-12-22 13:39:44 INFO  ScreenshotListeners:41 - 
================:  visibility Of Plateform Version :====================

2022-12-22 13:39:44 INFO  ListReportTest:66 - plateform version is verified
2022-12-22 13:39:44 INFO  ScreenshotListeners:41 - 
================:  visibility Of Product Name :====================

2022-12-22 13:39:45 INFO  ListReportTest:91 - product name is verified
2022-12-22 13:39:45 INFO  ScreenshotListeners:41 - 
================:  visibility Of Software Version :====================

2022-12-22 13:39:45 INFO  ListReportTest:100 - software version is verified
2022-12-22 13:39:45 INFO  ScreenshotListeners:41 - 
================:  closeproduct Version Card :====================

2022-12-22 13:39:45 INFO  ListReportTest:109 - about app is closed
2022-12-22 13:39:45 INFO  ScreenshotListeners:41 - 
================:  verify List Reportpage :====================

2022-12-22 13:39:45 INFO  ListReportTest:120 - List Report page loaded
2022-12-22 13:39:45 INFO  ScreenshotListeners:41 - 
================:  visibility Of Help Icon :====================

2022-12-22 13:39:45 INFO  ListReportTest:74 - help icon is verified
2022-12-22 13:39:45 INFO  ScreenshotListeners:41 - 
================:  Verify Click On Notification Icon :====================

2022-12-22 13:39:45 INFO  ListReportTest:82 - Clicked on notification icon Successfully 
2022-12-22 13:39:45 INFO  ScreenshotListeners:41 - 
================:  verify Visibilioty O Flag Colour :====================

2022-12-22 13:39:48 INFO  ListReportTest:131 -  automatically flag colour is verified
2022-12-22 13:39:48 INFO  ScreenshotListeners:41 - 
================:  verify Notpad Icon :====================

2022-12-22 13:39:48 INFO  ListReportTest:153 - Notepad Icon is available before 'Analysis Reports' text
2022-12-22 13:39:48 INFO  ScreenshotListeners:41 - 
================:  verifymodulname :====================

2022-12-22 13:39:48 INFO  ListReportTest:146 - Modul name contains :Shonit
2022-12-22 13:39:48 INFO  ScreenshotListeners:41 - 
================:  verifyfilter Icon :====================

2022-12-22 13:39:48 INFO  ListReportTest:167 - Filter icon is displayed
2022-12-22 13:39:48 INFO  ScreenshotListeners:41 - 
================:  verifyrefreshicon :====================

2022-12-22 13:39:49 INFO  ListReportTest:174 - Refresh icon is displayed
2022-12-22 13:39:49 INFO  ScreenshotListeners:41 - 
================:  verify Option From User Icon On Shonit Report Page :====================

2022-12-22 13:39:54 INFO  ListReportTest:187 - All expected option are available after click on user icon
2022-12-22 13:39:54 INFO  ScreenshotListeners:41 - 
================:  verifytableheader :====================

2022-12-22 13:39:54 INFO  ListReportTest:208 - Success: validation of list of columns in Shonit list Report ,PRIORITY,FLAG
  filter_alt,SLIDE ID,DESCRIPTION,INSTALLATION,SUBMITTED BY,SUBMITTED AT,REVIEWER,STATUS,FLAGGED ON
  filter_alt,
2022-12-22 13:39:54 INFO  ScreenshotListeners:41 - 
================:  terms N Cond Test On Shonit Report Page :====================

2022-12-22 13:39:55 INFO  ListReportTest:193 - Terms of Service hyperlink is displayed
2022-12-22 13:39:55 INFO  ListReportTest:194 - Terms of Service dialog box opened up on clicking on hyperlink
2022-12-22 13:39:55 INFO  ListReportTest:195 - The header of the dialog box is 'Terms of Service'
2022-12-22 13:39:55 INFO  ListReportTest:196 - Terms of Service dialog box is closed successfully
2022-12-22 13:39:55 INFO  ScreenshotListeners:41 - 
================:  checkpaginationeditbox :====================

2022-12-22 13:39:55 INFO  ListReportTest:215 - edit box is visible to enter page number 
2022-12-22 13:39:55 INFO  ScreenshotListeners:41 - 
================:  checkpaginationchevronicons :====================

2022-12-22 13:39:55 INFO  ListReportTest:229 - chevron icons are visible at the bottom of page
2022-12-22 13:39:55 INFO  ScreenshotListeners:41 - 
================:  checkpaginationposition :====================

2022-12-22 13:39:55 INFO  ListReportTest:222 - table page numbers are visible
2022-12-22 13:39:55 INFO  ScreenshotListeners:41 - 
================:  verify Search Enter Text :====================

2022-12-22 13:39:59 INFO  ListReportTest:295 - Search Text passed successfully
2022-12-22 13:39:59 INFO  ScreenshotListeners:41 - 
================:  verify Add Assignee :====================

2022-12-22 13:40:02 INFO  ListReportTest:301 - reviewer is assigned for verify the report
2022-12-22 13:40:02 INFO  ScreenshotListeners:41 - 
================:  searchsample I D :====================

2022-12-22 13:40:12 INFO  ReportPageTest:51 - sample is searched for get the reprot for page
2022-12-22 13:40:12 INFO  ScreenshotListeners:41 - 
================:  verifysample Detail At Report Page :====================

2022-12-22 13:40:12 INFO  ScreenshotListeners:41 - 
================:  verify Slide I D :====================

2022-12-22 13:40:14 INFO  ReportPageTest:66 - Slid id is verified successfully Slide ID: DGHJ
2022-12-22 13:40:14 INFO  ScreenshotListeners:41 - 
================:  verifyslide Detail At Report Page :====================

2022-12-22 13:40:19 INFO  ReportPageTest:84 - details are verifiedDescription:Submitted By:Scan Mode:Product Version:Submitted At:
2022-12-22 13:40:19 INFO  ScreenshotListeners:41 - 
================:  verify Header On Report Page :====================

2022-12-22 13:40:19 ERROR BrowserSetUp:156 - verifyHeaderOnReportPage -> FAILED due to below issues :
java.lang.AssertionError: expected [Summary
WBC
RBC
Platelet
Microscopic View
Quality Assessment] but found [Summary
WBC
RBC
Platelet
Malaria
Microscopic View
Quality Assessment]

2022-12-22 13:40:19 INFO  BrowserSetUp:166 - Screenshot for this failed method : Screenshot/verifyHeaderOnReportPage.png
2022-12-22 13:40:19 INFO  ScreenshotListeners:41 - 
================:  verify P B S Report Header :====================

2022-12-22 13:40:19 INFO  ReportPageTest:107 -  expected header is present on report page
2022-12-22 13:40:19 INFO  ScreenshotListeners:41 - 
================:  verify All Reports Name :====================

2022-12-22 13:40:20 INFO  ReportPageTest:115 - expected reports types are present on report page
2022-12-22 13:40:20 INFO  ScreenshotListeners:41 - 
================:  verify Ps Impression Header :====================

2022-12-22 13:40:20 INFO  ReportPageTest:122 -  expected header is present on  psImpression report page
2022-12-22 13:40:20 INFO  ScreenshotListeners:41 - 
================:  verify Ps Impressions Name :====================

2022-12-22 13:40:20 INFO  ReportPageTest:129 -  all  expected names are present on report page
2022-12-22 13:40:20 INFO  ScreenshotListeners:41 - 
================:  verifying Original Report :====================

2022-12-22 13:40:40 ERROR BrowserSetUp:156 - verifyingOriginalReport -> FAILED due to below issues :
org.openqa.selenium.NoSuchElementException: no such element: Unable to locate element: {"method":"xpath","selector":"//*[contains(text(),'Original')]"}
  (Session info: chrome=108.0.5359.124)
  (Driver info: chromedriver=2.43.600229 (3fae4d0cda5334b4f533bede5a4787f7b832d052),platform=Mac OS X 10.16.0 x86_64) (WARNING: The server did not provide any stacktrace information)
Command duration or timeout: 0 milliseconds
For documentation on this error, please visit: https://www.seleniumhq.org/exceptions/no_such_element.html
Build info: version: '3.141.59', revision: 'e82be7d358', time: '2018-11-14T08:17:03'
System info: host: 'Sigtuples-MacBook-Pro-2.local', ip: 'fe80:0:0:0:1cbc:40a3:397d:f354%en0', os.name: 'Mac OS X', os.arch: 'x86_64', os.version: '10.16', java.version: '1.8.0_202'
Driver info: org.openqa.selenium.chrome.ChromeDriver
Capabilities {acceptInsecureCerts: false, acceptSslCerts: false, applicationCacheEnabled: false, browserConnectionEnabled: false, browserName: chrome, chrome: {chromedriverVersion: 2.43.600229 (3fae4d0cda5334..., userDataDir: /var/folders/1k/lnjjm94144x...}, cssSelectorsEnabled: true, databaseEnabled: false, goog:chromeOptions: {debuggerAddress: localhost:65110}, handlesAlerts: true, hasTouchScreen: false, javascriptEnabled: true, locationContextEnabled: true, mobileEmulationEnabled: false, nativeEvents: true, networkConnectionEnabled: false, pageLoadStrategy: normal, platform: MAC, platformName: MAC, rotatable: false, setWindowRect: true, takesHeapSnapshot: true, takesScreenshot: true, unexpectedAlertBehaviour: , unhandledPromptBehavior: , version: 108.0.5359.124, webStorageEnabled: true}
Session ID: dc07fe0b623211077ec7fc778bb29f93
*** Element info: {Using=xpath, value=//*[contains(text(),'Original')]}

2022-12-22 13:40:40 INFO  BrowserSetUp:166 - Screenshot for this failed method : Screenshot/verifyingOriginalReport.png
2022-12-22 13:40:40 INFO  ScreenshotListeners:41 - 
================:  verify Download Report :====================

2022-12-22 13:40:43 INFO  ReportPageTest:143 -  xls report format is present on downloads at report page 
2022-12-22 13:40:43 INFO  ScreenshotListeners:41 - 
================:  verify Report Page :====================

2022-12-22 13:40:43 INFO  ReportPageTest:180 - Report page is opened successfully 
2022-12-22 13:40:43 INFO  ScreenshotListeners:41 - 
================:  switchto W B C Tab :====================

2022-12-22 13:40:47 INFO  ReportPage:595 - clicked on tab
2022-12-22 13:40:47 INFO  ShonitWBCReportTest:51 - Clicked on WBC Tab of Report page
2022-12-22 13:40:47 INFO  ScreenshotListeners:41 - 
================:  verify W B C Tab :====================

2022-12-22 13:40:49 INFO  ShonitWBCReportTest:60 - List of tabels in WBC tab is verified
2022-12-22 13:40:49 INFO  ScreenshotListeners:41 - 
================:  checkusericon :====================

2022-12-22 13:40:49 INFO  ShonitWBCReportTest:66 - User Icon is present on static bar is present on top right and is clickable
2022-12-22 13:40:49 INFO  ScreenshotListeners:41 - 
================:  verify Option From User Icon :====================

2022-12-22 13:40:55 INFO  ShonitWBCReportTest:78 - All expected option are available after click on user icon
2022-12-22 13:40:55 INFO  ScreenshotListeners:41 - 
================:  visibility Of Hamburger Icon :====================

2022-12-22 13:41:35 ERROR BrowserSetUp:156 - visibilityOfHamburgerIcon -> FAILED due to below issues :
org.openqa.selenium.TimeoutException: Expected condition failed: waiting for element to be clickable: By.xpath: .app-sidenav (tried for 40 second(s) with 500 milliseconds interval)

2022-12-22 13:41:35 INFO  BrowserSetUp:166 - Screenshot for this failed method : Screenshot/visibilityOfHamburgerIcon.png
2022-12-22 13:41:35 INFO  ScreenshotListeners:41 - 
================:  visibility Of Help Icon :====================

2022-12-22 13:41:36 INFO  ScreenshotListeners:41 - 
================:  verify Slide I D :====================

2022-12-22 13:41:36 INFO  ShonitWBCReportTest:118 - Slid id is verified successfully Slide ID: DGHJ
2022-12-22 13:41:36 INFO  ScreenshotListeners:41 - 
================:  verify Audit Log :====================

2022-12-22 13:41:42 INFO  ShonitWBCReportTest:132 - audit log is verified on report page
2022-12-22 13:41:42 INFO  ScreenshotListeners:41 - 
================:  verifyslide Detail At Report Page :====================

2022-12-22 13:42:37 ERROR BrowserSetUp:156 - verifyslideDetailAtReportPage -> FAILED due to below issues :
org.openqa.selenium.TimeoutException: Expected condition failed: waiting for visibility of element located by By.xpath: //span[normalize-space()='Description:'] (tried for 50 second(s) with 500 milliseconds interval)
Build info: version: '3.141.59', revision: 'e82be7d358', time: '2018-11-14T08:17:03'
System info: host: 'Sigtuples-MacBook-Pro-2.local', ip: 'fe80:0:0:0:1cbc:40a3:397d:f354%en0', os.name: 'Mac OS X', os.arch: 'x86_64', os.version: '10.16', java.version: '1.8.0_202'
Driver info: org.openqa.selenium.chrome.ChromeDriver
Capabilities {acceptInsecureCerts: false, acceptSslCerts: false, applicationCacheEnabled: false, browserConnectionEnabled: false, browserName: chrome, chrome: {chromedriverVersion: 2.43.600229 (3fae4d0cda5334..., userDataDir: /var/folders/1k/lnjjm94144x...}, cssSelectorsEnabled: true, databaseEnabled: false, goog:chromeOptions: {debuggerAddress: localhost:65110}, handlesAlerts: true, hasTouchScreen: false, javascriptEnabled: true, locationContextEnabled: true, mobileEmulationEnabled: false, nativeEvents: true, networkConnectionEnabled: false, pageLoadStrategy: normal, platform: MAC, platformName: MAC, rotatable: false, setWindowRect: true, takesHeapSnapshot: true, takesScreenshot: true, unexpectedAlertBehaviour: , unhandledPromptBehavior: , version: 108.0.5359.124, webStorageEnabled: true}
Session ID: dc07fe0b623211077ec7fc778bb29f93

2022-12-22 13:42:37 INFO  BrowserSetUp:166 - Screenshot for this failed method : Screenshot/verifyslideDetailAtReportPage.png
2022-12-22 13:42:37 INFO  ScreenshotListeners:41 - 
================:  verify Download Report :====================

2022-12-22 13:42:40 INFO  ShonitWBCReportTest:148 -  xls report format is present on downloads at report page 
2022-12-22 13:42:40 INFO  ScreenshotListeners:41 - 
================:  Download C S V And X L S Report :====================

2022-12-22 13:42:40 INFO  ShonitWBCReportTest:155 - reports are downloaded in csv and xls format
2022-12-22 13:42:40 INFO  ScreenshotListeners:41 - 
================:  verify W B Cabsolute Percentage Total :====================

2022-12-22 13:42:42 INFO  ReportPage:661 - Total Percentage : 99.98 : 100.0
2022-12-22 13:42:42 INFO  ReportPage:662 - Total Counts : 191 : 191
2022-12-22 13:42:42 ERROR BrowserSetUp:156 - verifyWBCabsolutePercentageTotal -> FAILED due to below issues :
java.lang.AssertionError: expected [true] but found [false]

2022-12-22 13:42:43 INFO  BrowserSetUp:166 - Screenshot for this failed method : Screenshot/verifyWBCabsolutePercentageTotal.png
2022-12-22 13:42:43 INFO  ScreenshotListeners:41 - 
================:  verify W B C Absolute Columns :====================

2022-12-22 13:42:43 INFO  ShonitWBCReportTest:211 - List of columns of WBCAbsolute is verified
2022-12-22 13:42:43 INFO  ScreenshotListeners:41 - 
================:  verify W B C Absolute Rows :====================

2022-12-22 13:42:44 INFO  ShonitWBCReportTest:219 - List of Rows in WBCAbsolute is verified
2022-12-22 13:42:44 INFO  ScreenshotListeners:41 - 
================:  verify Same Cell On Top Of Patches :====================

2022-12-22 13:42:47 ERROR BrowserSetUp:156 - verifySameCellOnTopOfPatches -> FAILED due to below issues :
org.openqa.selenium.WebDriverException: unknown error: Element <span _ngcontent-c64="" class="material-icons custom-image" title="references" style="color: rgb(96, 96, 96);">...</span> is not clickable at point (1332, 457). Other element would receive the click: <div class="cdk-overlay-backdrop cdk-overlay-transparent-backdrop cdk-overlay-backdrop-showing"></div>
  (Session info: chrome=108.0.5359.124)
  (Driver info: chromedriver=2.43.600229 (3fae4d0cda5334b4f533bede5a4787f7b832d052),platform=Mac OS X 10.16.0 x86_64) (WARNING: The server did not provide any stacktrace information)
Command duration or timeout: 0 milliseconds
Build info: version: '3.141.59', revision: 'e82be7d358', time: '2018-11-14T08:17:03'
System info: host: 'Sigtuples-MacBook-Pro-2.local', ip: 'fe80:0:0:0:1cbc:40a3:397d:f354%en0', os.name: 'Mac OS X', os.arch: 'x86_64', os.version: '10.16', java.version: '1.8.0_202'
Driver info: org.openqa.selenium.chrome.ChromeDriver
Capabilities {acceptInsecureCerts: false, acceptSslCerts: false, applicationCacheEnabled: false, browserConnectionEnabled: false, browserName: chrome, chrome: {chromedriverVersion: 2.43.600229 (3fae4d0cda5334..., userDataDir: /var/folders/1k/lnjjm94144x...}, cssSelectorsEnabled: true, databaseEnabled: false, goog:chromeOptions: {debuggerAddress: localhost:65110}, handlesAlerts: true, hasTouchScreen: false, javascriptEnabled: true, locationContextEnabled: true, mobileEmulationEnabled: false, nativeEvents: true, networkConnectionEnabled: false, pageLoadStrategy: normal, platform: MAC, platformName: MAC, rotatable: false, setWindowRect: true, takesHeapSnapshot: true, takesScreenshot: true, unexpectedAlertBehaviour: , unhandledPromptBehavior: , version: 108.0.5359.124, webStorageEnabled: true}
Session ID: dc07fe0b623211077ec7fc778bb29f93

2022-12-22 13:42:47 INFO  BrowserSetUp:166 - Screenshot for this failed method : Screenshot/verifySameCellOnTopOfPatches.png
2022-12-22 13:42:47 INFO  ScreenshotListeners:41 - 
================:  verify All Options On View Setting :====================

2022-12-22 13:42:48 ERROR BrowserSetUp:156 - verifyAllOptionsOnViewSetting -> FAILED due to below issues :
org.openqa.selenium.WebDriverException: unknown error: Element <mat-select _ngcontent-c64="" class="mat-select ng-tns-c28-197 ng-untouched ng-pristine ng-valid ng-star-inserted" role="listbox" id="mat-select-52" tabindex="0" aria-required="false" aria-disabled="false" aria-invalid="false" aria-multiselectable="false">...</mat-select> is not clickable at point (1077, 456). Other element would receive the click: <div class="cdk-overlay-backdrop cdk-overlay-transparent-backdrop cdk-overlay-backdrop-showing"></div>
  (Session info: chrome=108.0.5359.124)
  (Driver info: chromedriver=2.43.600229 (3fae4d0cda5334b4f533bede5a4787f7b832d052),platform=Mac OS X 10.16.0 x86_64) (WARNING: The server did not provide any stacktrace information)
Command duration or timeout: 0 milliseconds
Build info: version: '3.141.59', revision: 'e82be7d358', time: '2018-11-14T08:17:03'
System info: host: 'Sigtuples-MacBook-Pro-2.local', ip: 'fe80:0:0:0:1cbc:40a3:397d:f354%en0', os.name: 'Mac OS X', os.arch: 'x86_64', os.version: '10.16', java.version: '1.8.0_202'
Driver info: org.openqa.selenium.chrome.ChromeDriver
Capabilities {acceptInsecureCerts: false, acceptSslCerts: false, applicationCacheEnabled: false, browserConnectionEnabled: false, browserName: chrome, chrome: {chromedriverVersion: 2.43.600229 (3fae4d0cda5334..., userDataDir: /var/folders/1k/lnjjm94144x...}, cssSelectorsEnabled: true, databaseEnabled: false, goog:chromeOptions: {debuggerAddress: localhost:65110}, handlesAlerts: true, hasTouchScreen: false, javascriptEnabled: true, locationContextEnabled: true, mobileEmulationEnabled: false, nativeEvents: true, networkConnectionEnabled: false, pageLoadStrategy: normal, platform: MAC, platformName: MAC, rotatable: false, setWindowRect: true, takesHeapSnapshot: true, takesScreenshot: true, unexpectedAlertBehaviour: , unhandledPromptBehavior: , version: 108.0.5359.124, webStorageEnabled: true}
Session ID: dc07fe0b623211077ec7fc778bb29f93

2022-12-22 13:42:49 INFO  BrowserSetUp:166 - Screenshot for this failed method : Screenshot/verifyAllOptionsOnViewSetting.png
2022-12-22 13:42:49 INFO  ScreenshotListeners:41 - 
================:  verify Enable Or Disable View Setting :====================

2022-12-22 13:42:49 INFO  ShonitWBCReportTest:248 -  view setting is disabled before selection of any cell 
2022-12-22 13:42:49 INFO  ScreenshotListeners:41 - 
================:  verify Expand Button :====================

2022-12-22 13:43:09 ERROR BrowserSetUp:156 - verifyExpandButton -> FAILED due to below issues :
org.openqa.selenium.ElementNotVisibleException: element not interactable
  (Session info: chrome=108.0.5359.124)
  (Driver info: chromedriver=2.43.600229 (3fae4d0cda5334b4f533bede5a4787f7b832d052),platform=Mac OS X 10.16.0 x86_64) (WARNING: The server did not provide any stacktrace information)
Command duration or timeout: 0 milliseconds
Build info: version: '3.141.59', revision: 'e82be7d358', time: '2018-11-14T08:17:03'
System info: host: 'Sigtuples-MacBook-Pro-2.local', ip: 'fe80:0:0:0:1cbc:40a3:397d:f354%en0', os.name: 'Mac OS X', os.arch: 'x86_64', os.version: '10.16', java.version: '1.8.0_202'
Driver info: org.openqa.selenium.chrome.ChromeDriver
Capabilities {acceptInsecureCerts: false, acceptSslCerts: false, applicationCacheEnabled: false, browserConnectionEnabled: false, browserName: chrome, chrome: {chromedriverVersion: 2.43.600229 (3fae4d0cda5334..., userDataDir: /var/folders/1k/lnjjm94144x...}, cssSelectorsEnabled: true, databaseEnabled: false, goog:chromeOptions: {debuggerAddress: localhost:65110}, handlesAlerts: true, hasTouchScreen: false, javascriptEnabled: true, locationContextEnabled: true, mobileEmulationEnabled: false, nativeEvents: true, networkConnectionEnabled: false, pageLoadStrategy: normal, platform: MAC, platformName: MAC, rotatable: false, setWindowRect: true, takesHeapSnapshot: true, takesScreenshot: true, unexpectedAlertBehaviour: , unhandledPromptBehavior: , version: 108.0.5359.124, webStorageEnabled: true}
Session ID: dc07fe0b623211077ec7fc778bb29f93

2022-12-22 13:43:10 INFO  BrowserSetUp:166 - Screenshot for this failed method : Screenshot/verifyExpandButton.png
2022-12-22 13:43:10 INFO  ScreenshotListeners:41 - 
================:  verify Sub Classsification Content :====================

2022-12-22 13:43:12 INFO  ShonitWBCReportTest:270 -  all cell name is present when click on subclassification menu
2022-12-22 13:43:12 INFO  ScreenshotListeners:41 - 
================:  reclassified Neutrophil To Giant Platelet :====================

2022-12-22 13:43:26 INFO  ReportPage:595 - clicked on tab
2022-12-22 13:43:28 INFO  ReportPage:595 - clicked on tab
2022-12-22 13:43:32 INFO  ReportPage:595 - clicked on tab
2022-12-22 13:43:32 INFO  ShonitWBCReport:482 - cell  count value is incremented by one
2022-12-22 13:43:32 ERROR BrowserSetUp:156 - reclassifiedNeutrophilToGiantPlatelet -> FAILED due to below issues :
java.lang.NumberFormatException: For input string: ""

2022-12-22 13:43:32 INFO  BrowserSetUp:166 - Screenshot for this failed method : Screenshot/reclassifiedNeutrophilToGiantPlatelet.png
2022-12-22 13:43:32 INFO  ScreenshotListeners:41 - 
================:  reclassified Neutrophil To Platelet Clumps :====================

2022-12-22 13:43:45 ERROR BrowserSetUp:156 - reclassifiedNeutrophilToPlateletClumps -> FAILED due to below issues :
org.openqa.selenium.InvalidSelectorException: invalid selector: Unable to locate an element with the xpath expression //button[normalize-sapce()='Platelet Clumps'] because of the following error:
SyntaxError: Failed to execute 'evaluate' on 'Document': The string '//button[normalize-sapce()='Platelet Clumps']' is not a valid XPath expression.
  (Session info: chrome=108.0.5359.124)
  (Driver info: chromedriver=2.43.600229 (3fae4d0cda5334b4f533bede5a4787f7b832d052),platform=Mac OS X 10.16.0 x86_64) (WARNING: The server did not provide any stacktrace information)
Command duration or timeout: 0 milliseconds
For documentation on this error, please visit: https://www.seleniumhq.org/exceptions/invalid_selector_exception.html
Build info: version: '3.141.59', revision: 'e82be7d358', time: '2018-11-14T08:17:03'
System info: host: 'Sigtuples-MacBook-Pro-2.local', ip: 'fe80:0:0:0:1cbc:40a3:397d:f354%en0', os.name: 'Mac OS X', os.arch: 'x86_64', os.version: '10.16', java.version: '1.8.0_202'
Driver info: org.openqa.selenium.chrome.ChromeDriver
Capabilities {acceptInsecureCerts: false, acceptSslCerts: false, applicationCacheEnabled: false, browserConnectionEnabled: false, browserName: chrome, chrome: {chromedriverVersion: 2.43.600229 (3fae4d0cda5334..., userDataDir: /var/folders/1k/lnjjm94144x...}, cssSelectorsEnabled: true, databaseEnabled: false, goog:chromeOptions: {debuggerAddress: localhost:65110}, handlesAlerts: true, hasTouchScreen: false, javascriptEnabled: true, locationContextEnabled: true, mobileEmulationEnabled: false, nativeEvents: true, networkConnectionEnabled: false, pageLoadStrategy: normal, platform: MAC, platformName: MAC, rotatable: false, setWindowRect: true, takesHeapSnapshot: true, takesScreenshot: true, unexpectedAlertBehaviour: , unhandledPromptBehavior: , version: 108.0.5359.124, webStorageEnabled: true}
Session ID: dc07fe0b623211077ec7fc778bb29f93
*** Element info: {Using=xpath, value=//button[normalize-sapce()='Platelet Clumps']}

2022-12-22 13:43:45 INFO  BrowserSetUp:166 - Screenshot for this failed method : Screenshot/reclassifiedNeutrophilToPlateletClumps.png
2022-12-22 13:43:45 INFO  ScreenshotListeners:41 - 
================:  switchtoplt Tab :====================

2022-12-22 13:43:53 INFO  ReportPage:595 - clicked on tab
2022-12-22 13:43:53 INFO  ShonitPlateleteReportTest:49 - Clicked on plt Tab of Report page
2022-12-22 13:43:53 INFO  ScreenshotListeners:41 - 
================:  verifyplt Tab :====================

2022-12-22 13:43:56 INFO  ShonitPlateleteReportTest:60 - List of tabels in plt tab is verified
2022-12-22 13:43:56 INFO  ScreenshotListeners:41 - 
================:  verifyplt Absolute Columns :====================

2022-12-22 13:43:56 INFO  ShonitPlateleteReportTest:69 - List of columns of plt Absolute is verified
2022-12-22 13:43:56 INFO  ScreenshotListeners:41 - 
================:  verify Platelet Modified Note :====================

2022-12-22 13:43:56 INFO  ShonitPlateleteReportTest:77 - The platelet modified note is Platelet counts can be modified at FOV level as needed and clicking on ’Update’ will save all the changes.
2022-12-22 13:43:56 INFO  ScreenshotListeners:41 - 
================:  verifyplt Absolute Rows :====================

2022-12-22 13:43:56 INFO  ShonitPlateleteReportTest:85 - The platelet cell name ara Normal Platelets (N)Macro Platelets ** (M)Giant Platelets (G)
2022-12-22 13:43:56 INFO  ScreenshotListeners:41 - 
================:  verfy Avarage Count :====================

2022-12-22 13:43:56 INFO  ShonitPlateleteReportTest:94 - The average count is 835.2 And Expected count is 835.2
2022-12-22 13:43:56 INFO  ScreenshotListeners:41 - 
================:  get Detection Text :====================

2022-12-22 13:43:56 INFO  ShonitPlateleteReportTest:102 - Detected The text is present on table
2022-12-22 13:43:56 INFO  ScreenshotListeners:41 - 
================:  Verify N M Gwith Colour Code :====================

2022-12-22 13:43:56 INFO  ShonitPlateleteReportTest:110 - NMG The NMG and colour code are verified
2022-12-22 13:43:56 INFO  ScreenshotListeners:41 - 
================:  Verify Presence Of100x F O Vnote :====================

2022-12-22 13:43:56 INFO  ShonitPlateleteReportTest:117 - the 100x fov note is present and note as Area of the image is equivalent to the area of a 100x FOV
2022-12-22 13:43:56 INFO  ScreenshotListeners:41 - 
================:  Verify Normal Platlet Averagecount :====================

2022-12-22 13:43:56 ERROR BrowserSetUp:156 - VerifyNormalPlatletAveragecount -> FAILED due to below issues :
java.lang.NullPointerException

2022-12-22 13:43:57 INFO  BrowserSetUp:166 - Screenshot for this failed method : Screenshot/VerifyNormalPlatletAveragecount.png
2022-12-22 13:43:57 INFO  ScreenshotListeners:41 - 
================:  Verifymacro Platlet Averagecount :====================

2022-12-22 13:43:57 ERROR BrowserSetUp:156 - VerifymacroPlatletAveragecount -> FAILED due to below issues :
java.lang.NullPointerException

2022-12-22 13:43:57 INFO  BrowserSetUp:166 - Screenshot for this failed method : Screenshot/VerifymacroPlatletAveragecount.png
2022-12-22 13:43:57 INFO  ScreenshotListeners:41 - 
================:  Verify Giant Platlet Averagecount :====================

2022-12-22 13:43:57 ERROR BrowserSetUp:156 - VerifyGiantPlatletAveragecount -> FAILED due to below issues :
java.lang.NullPointerException

2022-12-22 13:43:58 INFO  BrowserSetUp:166 - Screenshot for this failed method : Screenshot/VerifyGiantPlatletAveragecount.png
2022-12-22 13:43:58 INFO  ScreenshotListeners:41 - 
================:  Verify Total Number Of Platlete F O Vcount :====================

2022-12-22 13:43:58 INFO  ShonitPlateleteReportTest:166 - FOV 1FOV 2FOV 3FOV 4FOV 5FOV 6FOV 7FOV 8FOV 9FOV 10 There are 10 FOV are present
2022-12-22 13:43:58 INFO  ScreenshotListeners:41 - 
================:  verify Go To Next Image :====================

2022-12-22 13:44:04 INFO  ImgDiffPercent:49 - diff b/w images : 1.8530900344578458
2022-12-22 13:44:07 INFO  ShonitPlateleteReportTest:174 - next image is loaded successfully 
2022-12-22 13:44:07 INFO  ScreenshotListeners:41 - 
================:  verify Go To Prev Image :====================

2022-12-22 13:44:12 INFO  ImgDiffPercent:49 - diff b/w images : 1.8530900344578458
2022-12-22 13:44:15 INFO  ShonitPlateleteReportTest:185 - previous image is loaded successfully 
2022-12-22 13:44:15 INFO  ScreenshotListeners:41 - 
================:  verify Click On Right Arrow And Verify F O Vnumber :====================

2022-12-22 13:44:43 INFO  ShonitPlateleteReportTest:194 - clicked on right arrow on fov is verifioed
2022-12-22 13:44:43 INFO  ScreenshotListeners:41 - 
================:  verify Platelet Revaping For Normal :====================

2022-12-22 13:44:53 INFO  ShonitPlateleteReportTest:207 - platlet revaping happen successfully for Normal
2022-12-22 13:44:53 INFO  ScreenshotListeners:41 - 
================:  verify Platelet Revaping For Macro :====================

2022-12-22 13:45:03 INFO  ShonitPlateleteReportTest:213 - platlet revaping happen successfully for Macro
2022-12-22 13:45:03 INFO  ScreenshotListeners:41 - 
================:  verify Platelet Revaping For Giant :====================

2022-12-22 13:45:11 INFO  ShonitPlateleteReportTest:219 - platlet revaping happen successfully for Giant
2022-12-22 13:45:11 INFO  ScreenshotListeners:41 - 
================:  verify Image Zoom In :====================

2022-12-22 13:45:17 INFO  ImgDiffPercent:49 - diff b/w images : 10.50631157865972
2022-12-22 13:45:17 INFO  ShonitPlateleteReportTest:231 - The images were zoomed in successfully
2022-12-22 13:45:17 INFO  ScreenshotListeners:41 - 
================:  verify Image Zoom Out :====================

2022-12-22 13:45:22 INFO  ImgDiffPercent:49 - diff b/w images : 0.9477551455146778
2022-12-22 13:45:22 INFO  ShonitPlateleteReportTest:244 - The images were zoomed in successfully
2022-12-22 13:45:22 INFO  ScreenshotListeners:41 - 
================:  verify Maximum Zoom In Popup :====================

2022-12-22 13:46:00 INFO  ShonitPlateleteReportTest:257 - maximum zoom in popup is appear ×
Sorry
Maximum zoom in limit reached
2022-12-22 13:46:00 INFO  ScreenshotListeners:41 - 
================:  verify Image Size Reset :====================

2022-12-22 13:46:07 INFO  ImgDiffPercent:49 - diff b/w images : 4.4821723697115345
2022-12-22 13:46:07 INFO  ShonitPlateleteReportTest:267 - The images were zoomed in successfully
2022-12-22 13:46:07 INFO  ScreenshotListeners:41 - 
================:  verify Maximum Zoom Out Popup :====================

2022-12-22 13:46:11 INFO  ShonitPlateleteReportTest:278 - maximum zoom in popup is appear Sorry
Minimum zoom out limit reached
2022-12-22 13:46:11 INFO  ScreenshotListeners:41 - 
================:  switchtoplt Morphology Tab :====================

2022-12-22 13:46:16 INFO  ReportPage:595 - clicked on tab
2022-12-22 13:46:16 INFO  ShonitPlateleteReportTest:286 - Clicked on plt morphology Tab of Report page
2022-12-22 13:46:16 INFO  ScreenshotListeners:41 - 
================:  verify The Header Name For Morphology Tab :====================

2022-12-22 13:46:18 INFO  ShonitPlateleteReportTest:293 - The headers fo morphology tab are NameCountResults
2022-12-22 13:46:18 INFO  ScreenshotListeners:41 - 
================:  verify The Cell Name For Morphology Tab :====================

2022-12-22 13:46:20 INFO  ShonitPlateleteReportTest:300 - The headers fo morphology tab are Giant PlateletPlatelet Clump
2022-12-22 13:46:20 INFO  ScreenshotListeners:41 - 
================:  verify Defected Or Not Detected Note O F Giant :====================

2022-12-22 13:46:20 INFO  ShonitPlateleteReportTest:307 - successufully varified
2022-12-22 13:46:20 INFO  ScreenshotListeners:41 - 
================:  verify Defected Or Not Detected Note O F Platelet Clump :====================

2022-12-22 13:46:20 INFO  ShonitPlateleteReportTest:313 - successufully varified
2022-12-22 13:46:20 INFO  ScreenshotListeners:41 - 
================:  verify The Giantand Clump Platelet Note :====================

2022-12-22 13:46:20 INFO  ShonitPlateleteReportTest:324 - The note is  Note: Giant platelet and Platelet clumps are computed from 120 FOVs (40x)
2022-12-22 13:46:20 INFO  ScreenshotListeners:41 - 
================:  verify Reclassification O F Gaint T O Clump :====================

2022-12-22 13:46:24 ERROR BrowserSetUp:156 - verifyReclassificationOFGaintTOClump -> FAILED due to below issues :
java.lang.NullPointerException

2022-12-22 13:46:24 INFO  BrowserSetUp:166 - Screenshot for this failed method : Screenshot/verifyReclassificationOFGaintTOClump.png
2022-12-22 13:46:24 INFO  ScreenshotListeners:41 - 
================:  verify Reclassification O F Clump T O Giant :====================

2022-12-22 13:46:29 ERROR BrowserSetUp:156 - verifyReclassificationOFClumpTOGiant -> FAILED due to below issues :
java.lang.NullPointerException

2022-12-22 13:46:29 INFO  BrowserSetUp:166 - Screenshot for this failed method : Screenshot/verifyReclassificationOFClumpTOGiant.png
2022-12-22 13:46:29 INFO  ScreenshotListeners:41 - 
================:  verify The Refrence Images Of Giant And Platelet Clump :====================

2022-12-22 13:46:51 INFO  ShonitPlateleteReportTest:349 - The Refrence images count is 4 
2022-12-22 13:46:51 INFO  ScreenshotListeners:41 - 
================:  clickoncommenticon :====================

2022-12-22 13:46:57 INFO  ShonitPlateleteReportTest:358 - Clicked on Comment Icon Successfully
2022-12-22 13:46:57 INFO  ScreenshotListeners:41 - 
================:  loadcommentbox :====================

2022-12-22 13:46:58 INFO  ShonitPlateleteReportTest:364 - Comment Box laoded succssfully
2022-12-22 13:46:58 INFO  ScreenshotListeners:41 - 
================:  validatebox :====================

2022-12-22 13:47:01 INFO  ShonitPlateleteReportTest:371 - Comment Box is verified successfully
2022-12-22 13:47:01 INFO  ScreenshotListeners:41 - 
================:  closecommentbox :====================

2022-12-22 13:47:04 INFO  ShonitPlateleteReportTest:377 - Clicked on Comment close Icon Successfully
2022-12-22 13:47:04 INFO  ScreenshotListeners:41 - 
================:  clickoncommenticon1 :====================

2022-12-22 13:47:05 INFO  ShonitPlateleteReportTest:383 - Clicked on Comment Icon Successfully
2022-12-22 13:47:05 INFO  ScreenshotListeners:41 - 
================:  checkuser :====================

2022-12-22 13:47:07 INFO  ShonitPlateleteReportTest:389 - user can update the comment
2022-12-22 13:47:07 INFO  ScreenshotListeners:41 - 
================:  checkpostbtnclickable :====================

2022-12-22 13:47:09 INFO  ShonitPlateleteReportTest:395 - Post button is clickable 
2022-12-22 13:47:09 INFO  ScreenshotListeners:41 - 
================:  checkcommentbox :====================

2022-12-22 13:47:11 INFO  ShonitPlateleteReportTest:410 - comment box is editable for entring the comments 
2022-12-22 13:47:11 INFO  ScreenshotListeners:41 - 
================:  Platelet_entercomment :====================

2022-12-22 13:47:25 INFO  ShonitPlateleteReportTest:419 - comment pushed successfully for platelettab tab
2022-12-22 13:47:25 INFO  ScreenshotListeners:41 - 
================:  Platelet_checkcomment :====================

2022-12-22 13:47:31 INFO  ShonitPlateleteReportTest:427 - comment verificaiton Done successfully for platelettab
