<?xml version="1.0" encoding="UTF-8"?>
<!-- Generated by org.testng.reporters.JUnitReportReporter -->
<testsuite hostname="Dushs-MBP" failures="0" tests="23" name="com.Shrava.LoginTest" time="40.105" errors="1" timestamp="18 Dec 2023 11:15:49 GMT">
  <testcase classname="com.Shrava.LoginTest" name="visibilityMandaraHomePage" time="1.051"/>
  <testcase classname="com.Shrava.LoginTest" name="verifyPasswordAlerttest" time="0.661"/>
  <testcase classname="com.Shrava.LoginTest" name="verifyForgotPasswordPageLoaded" time="0.030"/>
  <testcase classname="com.Shrava.LoginTest" name="clickonBackToLogin" time="0.890"/>
  <testcase classname="com.Shrava.LoginTest" name="visibilityOfUserNameField" time="0.037"/>
  <testcase classname="com.Shrava.LoginTest" name="verifyUserNameAlerttest" time="0.684"/>
  <testcase classname="com.Shrava.LoginTest" name="visibilityOfForgotPasswordButton" time="0.032"/>
  <testcase classname="com.Shrava.LoginTest" name="visibilityOfLoginButton" time="0.449"/>
  <testcase classname="com.Shrava.LoginTest" name="visibilityOfEmailIDField" time="0.030"/>
  <testcase classname="com.Shrava.LoginTest" name="verifyAlertforInvalideEmail" time="0.953"/>
  <testcase classname="com.Shrava.LoginTest" name="verifyValidLogin" time="0.433"/>
  <testcase classname="com.Shrava.LoginTest" name="clickOnForgotPasswordButton" time="0.065"/>
  <testcase classname="com.Shrava.LoginTest" name="visibilityOfLoginContainer1" time="0.028"/>
  <testcase classname="com.Shrava.LoginTest" name="visibilityOfLoginContainer" time="0.030"/>
  <testcase classname="com.Shrava.LoginTest" name="verifySigTupleTittle" time="29.174"/>
  <testcase classname="com.Shrava.LoginTest" name="verifyAlertforValideEmail" time="5.283">
    <error message="expected [true] but found [false]" type="java.lang.AssertionError">
      <![CDATA[java.lang.AssertionError: expected [true] but found [false]
	at org.testng.Assert.fail(Assert.java:94)
	at org.testng.Assert.failNotEquals(Assert.java:494)
	at org.testng.Assert.assertTrue(Assert.java:42)
	at org.testng.Assert.assertTrue(Assert.java:52)
	at com.Shrava.LoginTest.verifyAlertforValideEmail(LoginTest.java:193)
	at java.base/jdk.internal.reflect.DirectMethodHandleAccessor.invoke(DirectMethodHandleAccessor.java:104)
	at java.base/java.lang.reflect.Method.invoke(Method.java:578)
	at org.testng.internal.MethodInvocationHelper.invokeMethod(MethodInvocationHelper.java:85)
	at org.testng.internal.Invoker.invokeMethod(Invoker.java:696)
	at org.testng.internal.Invoker.invokeTestMethod(Invoker.java:882)
	at org.testng.internal.Invoker.invokeTestMethods(Invoker.java:1189)
	at org.testng.internal.TestMethodWorker.invokeTestMethods(TestMethodWorker.java:124)
	at org.testng.internal.TestMethodWorker.run(TestMethodWorker.java:108)
	at org.testng.TestRunner.privateRun(TestRunner.java:767)
	at org.testng.TestRunner.run(TestRunner.java:617)
	at org.testng.SuiteRunner.runTest(SuiteRunner.java:348)
	at org.testng.SuiteRunner.runSequentially(SuiteRunner.java:343)
	at org.testng.SuiteRunner.privateRun(SuiteRunner.java:305)
	at org.testng.SuiteRunner.run(SuiteRunner.java:254)
	at org.testng.SuiteRunnerWorker.runSuite(SuiteRunnerWorker.java:52)
	at org.testng.SuiteRunnerWorker.run(SuiteRunnerWorker.java:86)
	at org.testng.TestNG.runSuitesSequentially(TestNG.java:1224)
	at org.testng.TestNG.runSuitesLocally(TestNG.java:1149)
	at org.testng.TestNG.run(TestNG.java:1057)
	at com.intellij.rt.testng.IDEARemoteTestNG.run(IDEARemoteTestNG.java:66)
	at com.intellij.rt.testng.RemoteTestNGStarter.main(RemoteTestNGStarter.java:109)
]]>
    </error>
  </testcase> <!-- verifyAlertforValideEmail -->
  <testcase classname="com.Shrava.LoginTest" name="visibilityOfBackToLoginButton" time="0.036"/>
  <testcase classname="com.Shrava.LoginTest" name="visibilityOfPassNameField" time="0.041"/>
  <testcase classname="com.Shrava.LoginTest" name="enabilityOfReserPasswordButton" time="0.068"/>
  <testcase classname="com.Shrava.LoginTest" name="verifyMandaraAppLoad" time="0.033"/>
  <testcase classname="com.Shrava.LoginTest" name="visibilityOfReserPasswordButton" time="0.028"/>
  <testcase classname="com.Shrava.LoginTest" name="visibilityOfSigtupleLogo" time="0.044"/>
  <testcase classname="com.Shrava.LoginTest" name="enabilityOfLoginButton" time="0.025"/>
</testsuite> <!-- com.Shrava.LoginTest -->
