2023-03-13 15:19:49 INFO  ScreenshotListeners:41 - 
================:  verify Sig Tuple Tittle :====================

2023-03-13 15:19:51 INFO  LoginTest:46 - Sigtuple title is successfully verified
2023-03-13 15:19:51 INFO  ScreenshotListeners:41 - 
================:  verify Mandara App Load :====================

2023-03-13 15:19:51 INFO  Login:45 - mandara app is loaded
2023-03-13 15:19:51 INFO  LoginTest:55 - Mandara App is loaded successfully in UI
2023-03-13 15:19:51 INFO  ScreenshotListeners:41 - 
================:  visibility Of Sigtuple Logo :====================

2023-03-13 15:19:51 INFO  Login:55 - sigtuple logo is loaded
2023-03-13 15:19:51 INFO  LoginTest:62 - Sigtuple icon visible
2023-03-13 15:19:51 INFO  ScreenshotListeners:41 - 
================:  visibility Of Login Container :====================

2023-03-13 15:19:51 INFO  Login:65 - login container is loaded
2023-03-13 15:19:51 INFO  LoginTest:69 - Login container is visible
2023-03-13 15:19:51 INFO  ScreenshotListeners:41 - 
================:  visibility Of User Name Field :====================

2023-03-13 15:19:51 INFO  Login:76 - user name field is displayed
2023-03-13 15:19:51 INFO  LoginTest:76 - verifyVisibilityOfUserNameField
2023-03-13 15:19:51 INFO  ScreenshotListeners:41 - 
================:  visibility Of Pass Name Field :====================

2023-03-13 15:19:51 INFO  Login:88 - user name field is displayed
2023-03-13 15:19:51 INFO  LoginTest:83 - verifyVisibilityOfPassNameField
2023-03-13 15:19:51 INFO  ScreenshotListeners:41 - 
================:  visibility Of Login Button :====================

2023-03-13 15:19:51 INFO  Login:100 - Login buttin is visible
2023-03-13 15:19:51 INFO  LoginTest:90 - visibilityOfLoginButton
2023-03-13 15:19:51 INFO  ScreenshotListeners:41 - 
================:  enability Of Login Button :====================

2023-03-13 15:19:51 INFO  Login:112 - Login buttin is disabled
2023-03-13 15:19:51 INFO  LoginTest:97 - enabilityOfLoginButton
2023-03-13 15:19:51 INFO  ScreenshotListeners:41 - 
================:  verify User Name Alerttest :====================

2023-03-13 15:19:52 INFO  Login:131 - user name alert Msg :Please enter your user name
2023-03-13 15:19:52 INFO  LoginTest:104 - Alert message for Username field verified
2023-03-13 15:19:52 INFO  ScreenshotListeners:41 - 
================:  verify Password Alerttest :====================

2023-03-13 15:19:53 INFO  Login:146 - password field alert Msg :Please enter your password
2023-03-13 15:19:53 INFO  LoginTest:111 - Alert message for Password field verified
2023-03-13 15:19:53 INFO  ScreenshotListeners:41 - 
================:  visibility Of Forgot Password Button :====================

2023-03-13 15:19:53 INFO  Login:156 - forgot pass button is displayed
2023-03-13 15:19:53 INFO  LoginTest:119 - visibilityOfForgotPasswordButton
2023-03-13 15:19:53 INFO  ScreenshotListeners:41 - 
================:  click On Forgot Password Button :====================

2023-03-13 15:19:53 INFO  Login:168 - clicked on forgot pass button
2023-03-13 15:19:53 INFO  LoginTest:127 - clickOnForgotPasswordButton
2023-03-13 15:19:53 INFO  ScreenshotListeners:41 - 
================:  verify Forgot Password Page Loaded :====================

2023-03-13 15:19:53 INFO  Login:179 - forgot password page loaded
2023-03-13 15:19:53 INFO  LoginTest:135 - verifyForgotPasswordPageLoaded
2023-03-13 15:19:53 INFO  ScreenshotListeners:41 - 
================:  visibility Of Email I D Field :====================

2023-03-13 15:19:53 INFO  Login:191 - Email field is displayed
2023-03-13 15:19:53 INFO  LoginTest:142 - visibilityOfForgotPasswordButton
2023-03-13 15:19:53 INFO  ScreenshotListeners:41 - 
================:  visibility Of Back To Login Button :====================

2023-03-13 15:19:53 INFO  Login:202 - back to login button is displayed
2023-03-13 15:19:53 INFO  LoginTest:149 - visibilityOfBackToLoginButton
2023-03-13 15:19:53 INFO  ScreenshotListeners:41 - 
================:  visibility Of Reser Password Button :====================

2023-03-13 15:19:53 INFO  Login:213 - password reset button is displayed and disabled
2023-03-13 15:19:53 INFO  LoginTest:156 - visibilityOfReserPasswordButton
2023-03-13 15:19:53 INFO  ScreenshotListeners:41 - 
================:  enability Of Reser Password Button :====================

2023-03-13 15:19:53 INFO  Login:225 - reset buttin is disabled
2023-03-13 15:19:53 INFO  LoginTest:163 - enabilityOfReserPasswordButton
2023-03-13 15:19:53 INFO  ScreenshotListeners:41 - 
================:  verify Email Field Alert Test :====================

2023-03-13 15:19:53 INFO  Login:244 - Email field alert Msg :Please enter valid email id
2023-03-13 15:19:53 INFO  LoginTest:170 - Alert message for Email field verified
2023-03-13 15:19:53 INFO  ScreenshotListeners:41 - 
================:  verify Alertfor Not An Emailid :====================

2023-03-13 15:19:54 INFO  Login:263 - entered text is not an email ID
2023-03-13 15:19:54 INFO  Login:265 - Email field alert Msg :Please enter valid email id
2023-03-13 15:19:54 INFO  LoginTest:177 - verifyAlertforInvalideEmail
2023-03-13 15:19:54 INFO  ScreenshotListeners:41 - 
================:  verify Alertfor Invalide Email :====================

2023-03-13 15:19:55 INFO  Login:284 - entered text is an email ID
2023-03-13 15:19:56 INFO  LoginTest:185 - verifyAlertforInvalideEmail
2023-03-13 15:19:56 INFO  ScreenshotListeners:41 - 
================:  verify Alertfor Valide Email :====================

2023-03-13 15:20:08 INFO  Login:310 - entered text is an email ID
2023-03-13 15:20:14 INFO  LoginTest:193 - verifyAlertforValideEmail
2023-03-13 15:20:14 INFO  ScreenshotListeners:41 - 
================:  clickon Back To Login :====================

2023-03-13 15:20:20 INFO  Login:329 - back to login button clicked
2023-03-13 15:20:24 INFO  LoginTest:200 - On clicking 'Back to Login' button, the user navigates to the login form window
2023-03-13 15:20:24 INFO  ScreenshotListeners:41 - 
================:  visibility Of Login Container1 :====================

2023-03-13 15:20:54 ERROR BrowserSetUp:156 - visibilityOfLoginContainer1 -> FAILED due to below issues :
org.openqa.selenium.TimeoutException: Expected condition failed: waiting for visibility of element located by By.xpath: //div[contains(@class,'login-container')] (tried for 30 second(s) with 500 milliseconds interval)

2023-03-13 15:21:12 INFO  ScreenshotListeners:41 - 
================:  verify Valid Login :====================

2023-03-13 15:21:13 ERROR BrowserSetUp:156 - verifyValidLogin -> FAILED due to below issues :
org.openqa.selenium.WebDriverException: unknown error: session deleted because of page crash
from unknown error: cannot determine loading status
from tab crashed
  (Session info: chrome=110.0.5481.177)
  (Driver info: chromedriver=2.43.600229 (3fae4d0cda5334b4f533bede5a4787f7b832d052),platform=Mac OS X 10.16.0 x86_64) (WARNING: The server did not provide any stacktrace information)
Command duration or timeout: 0 milliseconds
Build info: version: '3.141.59', revision: 'e82be7d358', time: '2018-11-14T08:17:03'
System info: host: 'Sigtuples-MacBook-Pro-2.local', ip: '2409:408c:be83:399c:e50c:9c6b:dd99:776%en0', os.name: 'Mac OS X', os.arch: 'x86_64', os.version: '13.1', java.version: '17.0.2'
Driver info: org.openqa.selenium.chrome.ChromeDriver
Capabilities {acceptInsecureCerts: false, acceptSslCerts: false, applicationCacheEnabled: false, browserConnectionEnabled: false, browserName: chrome, chrome: {chromedriverVersion: 2.43.600229 (3fae4d0cda5334..., userDataDir: /var/folders/1k/lnjjm94144x...}, cssSelectorsEnabled: true, databaseEnabled: false, goog:chromeOptions: {debuggerAddress: localhost:65219}, handlesAlerts: true, hasTouchScreen: false, javascriptEnabled: true, locationContextEnabled: true, mobileEmulationEnabled: false, nativeEvents: true, networkConnectionEnabled: false, pageLoadStrategy: normal, platform: MAC, platformName: MAC, rotatable: false, setWindowRect: true, takesHeapSnapshot: true, takesScreenshot: true, unexpectedAlertBehaviour: , unhandledPromptBehavior: , version: 110.0.5481.177, webStorageEnabled: true}
Session ID: c82a362242a6dbed910d09d7d1648c3e
*** Element info: {Using=xpath, value=//input[@placeholder='User Name']}

2023-03-13 15:21:13 INFO  ScreenshotListeners:41 - 
================:  visibility Mandara Home Page :====================

2023-03-13 15:21:13 ERROR BrowserSetUp:156 - visibilityMandaraHomePage -> FAILED due to below issues :
org.openqa.selenium.NoSuchSessionException: invalid session id
  (Driver info: chromedriver=2.43.600229 (3fae4d0cda5334b4f533bede5a4787f7b832d052),platform=Mac OS X 10.16.0 x86_64) (WARNING: The server did not provide any stacktrace information)
Command duration or timeout: 0 milliseconds
Build info: version: '3.141.59', revision: 'e82be7d358', time: '2018-11-14T08:17:03'
System info: host: 'Sigtuples-MacBook-Pro-2.local', ip: '2409:408c:be83:399c:e50c:9c6b:dd99:776%en0', os.name: 'Mac OS X', os.arch: 'x86_64', os.version: '13.1', java.version: '17.0.2'
Driver info: org.openqa.selenium.chrome.ChromeDriver
Capabilities {acceptInsecureCerts: false, acceptSslCerts: false, applicationCacheEnabled: false, browserConnectionEnabled: false, browserName: chrome, chrome: {chromedriverVersion: 2.43.600229 (3fae4d0cda5334..., userDataDir: /var/folders/1k/lnjjm94144x...}, cssSelectorsEnabled: true, databaseEnabled: false, goog:chromeOptions: {debuggerAddress: localhost:65219}, handlesAlerts: true, hasTouchScreen: false, javascriptEnabled: true, locationContextEnabled: true, mobileEmulationEnabled: false, nativeEvents: true, networkConnectionEnabled: false, pageLoadStrategy: normal, platform: MAC, platformName: MAC, rotatable: false, setWindowRect: true, takesHeapSnapshot: true, takesScreenshot: true, unexpectedAlertBehaviour: , unhandledPromptBehavior: , version: 110.0.5481.177, webStorageEnabled: true}
Session ID: c82a362242a6dbed910d09d7d1648c3e
*** Element info: {Using=xpath, value=//div[contains(@class,'dashboard-background')]}

2023-03-13 15:21:13 INFO  ScreenshotListeners:41 - 
================:  check Madara Home Page :====================

2023-03-13 15:21:13 ERROR BrowserSetUp:156 - checkMadaraHomePage -> FAILED due to below issues :
org.openqa.selenium.NoSuchSessionException: invalid session id
  (Driver info: chromedriver=2.43.600229 (3fae4d0cda5334b4f533bede5a4787f7b832d052),platform=Mac OS X 10.16.0 x86_64) (WARNING: The server did not provide any stacktrace information)
Command duration or timeout: 0 milliseconds
Build info: version: '3.141.59', revision: 'e82be7d358', time: '2018-11-14T08:17:03'
System info: host: 'Sigtuples-MacBook-Pro-2.local', ip: '2409:408c:be83:399c:e50c:9c6b:dd99:776%en0', os.name: 'Mac OS X', os.arch: 'x86_64', os.version: '13.1', java.version: '17.0.2'
Driver info: org.openqa.selenium.chrome.ChromeDriver
Capabilities {acceptInsecureCerts: false, acceptSslCerts: false, applicationCacheEnabled: false, browserConnectionEnabled: false, browserName: chrome, chrome: {chromedriverVersion: 2.43.600229 (3fae4d0cda5334..., userDataDir: /var/folders/1k/lnjjm94144x...}, cssSelectorsEnabled: true, databaseEnabled: false, goog:chromeOptions: {debuggerAddress: localhost:65219}, handlesAlerts: true, hasTouchScreen: false, javascriptEnabled: true, locationContextEnabled: true, mobileEmulationEnabled: false, nativeEvents: true, networkConnectionEnabled: false, pageLoadStrategy: normal, platform: MAC, platformName: MAC, rotatable: false, setWindowRect: true, takesHeapSnapshot: true, takesScreenshot: true, unexpectedAlertBehaviour: , unhandledPromptBehavior: , version: 110.0.5481.177, webStorageEnabled: true}
Session ID: c82a362242a6dbed910d09d7d1648c3e
*** Element info: {Using=xpath, value=//app-dashboard-page//mat-toolbar//*[@class='select-product']}

2023-03-13 15:21:13 INFO  ScreenshotListeners:41 - 
================:  verify Shonit Carddetails :====================

2023-03-13 15:21:13 ERROR BrowserSetUp:156 - verifyShonitCarddetails -> FAILED due to below issues :
org.openqa.selenium.NoSuchSessionException: invalid session id
  (Driver info: chromedriver=2.43.600229 (3fae4d0cda5334b4f533bede5a4787f7b832d052),platform=Mac OS X 10.16.0 x86_64) (WARNING: The server did not provide any stacktrace information)
Command duration or timeout: 0 milliseconds
Build info: version: '3.141.59', revision: 'e82be7d358', time: '2018-11-14T08:17:03'
System info: host: 'Sigtuples-MacBook-Pro-2.local', ip: '2409:408c:be83:399c:e50c:9c6b:dd99:776%en0', os.name: 'Mac OS X', os.arch: 'x86_64', os.version: '13.1', java.version: '17.0.2'
Driver info: org.openqa.selenium.chrome.ChromeDriver
Capabilities {acceptInsecureCerts: false, acceptSslCerts: false, applicationCacheEnabled: false, browserConnectionEnabled: false, browserName: chrome, chrome: {chromedriverVersion: 2.43.600229 (3fae4d0cda5334..., userDataDir: /var/folders/1k/lnjjm94144x...}, cssSelectorsEnabled: true, databaseEnabled: false, goog:chromeOptions: {debuggerAddress: localhost:65219}, handlesAlerts: true, hasTouchScreen: false, javascriptEnabled: true, locationContextEnabled: true, mobileEmulationEnabled: false, nativeEvents: true, networkConnectionEnabled: false, pageLoadStrategy: normal, platform: MAC, platformName: MAC, rotatable: false, setWindowRect: true, takesHeapSnapshot: true, takesScreenshot: true, unexpectedAlertBehaviour: , unhandledPromptBehavior: , version: 110.0.5481.177, webStorageEnabled: true}
Session ID: c82a362242a6dbed910d09d7d1648c3e
*** Element info: {Using=xpath, value=//h2[contains(text(),'Shrava')]//parent::div//parent::div//parent::mat-card}

2023-03-13 15:21:13 INFO  ScreenshotListeners:41 - 
================:  clickon List Report Test :====================

2023-03-13 15:21:13 ERROR BrowserSetUp:156 - clickonListReportTest -> FAILED due to below issues :
org.openqa.selenium.NoSuchSessionException: invalid session id
  (Driver info: chromedriver=2.43.600229 (3fae4d0cda5334b4f533bede5a4787f7b832d052),platform=Mac OS X 10.16.0 x86_64) (WARNING: The server did not provide any stacktrace information)
Command duration or timeout: 0 milliseconds
Build info: version: '3.141.59', revision: 'e82be7d358', time: '2018-11-14T08:17:03'
System info: host: 'Sigtuples-MacBook-Pro-2.local', ip: '2409:408c:be83:399c:e50c:9c6b:dd99:776%en0', os.name: 'Mac OS X', os.arch: 'x86_64', os.version: '13.1', java.version: '17.0.2'
Driver info: org.openqa.selenium.chrome.ChromeDriver
Capabilities {acceptInsecureCerts: false, acceptSslCerts: false, applicationCacheEnabled: false, browserConnectionEnabled: false, browserName: chrome, chrome: {chromedriverVersion: 2.43.600229 (3fae4d0cda5334..., userDataDir: /var/folders/1k/lnjjm94144x...}, cssSelectorsEnabled: true, databaseEnabled: false, goog:chromeOptions: {debuggerAddress: localhost:65219}, handlesAlerts: true, hasTouchScreen: false, javascriptEnabled: true, locationContextEnabled: true, mobileEmulationEnabled: false, nativeEvents: true, networkConnectionEnabled: false, pageLoadStrategy: normal, platform: MAC, platformName: MAC, rotatable: false, setWindowRect: true, takesHeapSnapshot: true, takesScreenshot: true, unexpectedAlertBehaviour: , unhandledPromptBehavior: , version: 110.0.5481.177, webStorageEnabled: true}
Session ID: c82a362242a6dbed910d09d7d1648c3e

2023-03-13 15:21:13 INFO  ScreenshotListeners:41 - 
================:  visibility Of Version Card :====================

2023-03-13 15:21:13 INFO  ScreenshotListeners:41 - 
================:  visibility Of Plateform Version :====================

2023-03-13 15:21:13 INFO  ScreenshotListeners:41 - 
================:  visibility Of Product Name :====================

2023-03-13 15:21:13 INFO  ScreenshotListeners:41 - 
================:  visibility Of Software Version :====================

2023-03-13 15:21:13 INFO  ScreenshotListeners:41 - 
================:  closeproduct Version Card :====================

2023-03-13 15:21:13 INFO  ScreenshotListeners:41 - 
================:  verify List Reportpage :====================

2023-03-13 15:21:13 ERROR BrowserSetUp:156 - verifyListReportpage -> FAILED due to below issues :
org.openqa.selenium.NoSuchSessionException: invalid session id
  (Driver info: chromedriver=2.43.600229 (3fae4d0cda5334b4f533bede5a4787f7b832d052),platform=Mac OS X 10.16.0 x86_64) (WARNING: The server did not provide any stacktrace information)
Command duration or timeout: 0 milliseconds
Build info: version: '3.141.59', revision: 'e82be7d358', time: '2018-11-14T08:17:03'
System info: host: 'Sigtuples-MacBook-Pro-2.local', ip: '2409:408c:be83:399c:e50c:9c6b:dd99:776%en0', os.name: 'Mac OS X', os.arch: 'x86_64', os.version: '13.1', java.version: '17.0.2'
Driver info: org.openqa.selenium.chrome.ChromeDriver
Capabilities {acceptInsecureCerts: false, acceptSslCerts: false, applicationCacheEnabled: false, browserConnectionEnabled: false, browserName: chrome, chrome: {chromedriverVersion: 2.43.600229 (3fae4d0cda5334..., userDataDir: /var/folders/1k/lnjjm94144x...}, cssSelectorsEnabled: true, databaseEnabled: false, goog:chromeOptions: {debuggerAddress: localhost:65219}, handlesAlerts: true, hasTouchScreen: false, javascriptEnabled: true, locationContextEnabled: true, mobileEmulationEnabled: false, nativeEvents: true, networkConnectionEnabled: false, pageLoadStrategy: normal, platform: MAC, platformName: MAC, rotatable: false, setWindowRect: true, takesHeapSnapshot: true, takesScreenshot: true, unexpectedAlertBehaviour: , unhandledPromptBehavior: , version: 110.0.5481.177, webStorageEnabled: true}
Session ID: c82a362242a6dbed910d09d7d1648c3e
*** Element info: {Using=css selector, value=.analysis-reports}

2023-03-13 15:21:13 INFO  ScreenshotListeners:41 - 
================:  visibility Of Help Icon :====================

2023-03-13 15:21:13 INFO  ScreenshotListeners:41 - 
================:  Verify Click On Notification Icon :====================

2023-03-13 15:21:13 ERROR BrowserSetUp:156 - VerifyClickOnNotificationIcon -> FAILED due to below issues :
org.openqa.selenium.NoSuchSessionException: invalid session id
  (Driver info: chromedriver=2.43.600229 (3fae4d0cda5334b4f533bede5a4787f7b832d052),platform=Mac OS X 10.16.0 x86_64) (WARNING: The server did not provide any stacktrace information)
Command duration or timeout: 0 milliseconds
Build info: version: '3.141.59', revision: 'e82be7d358', time: '2018-11-14T08:17:03'
System info: host: 'Sigtuples-MacBook-Pro-2.local', ip: '2409:408c:be83:399c:e50c:9c6b:dd99:776%en0', os.name: 'Mac OS X', os.arch: 'x86_64', os.version: '13.1', java.version: '17.0.2'
Driver info: org.openqa.selenium.chrome.ChromeDriver
Capabilities {acceptInsecureCerts: false, acceptSslCerts: false, applicationCacheEnabled: false, browserConnectionEnabled: false, browserName: chrome, chrome: {chromedriverVersion: 2.43.600229 (3fae4d0cda5334..., userDataDir: /var/folders/1k/lnjjm94144x...}, cssSelectorsEnabled: true, databaseEnabled: false, goog:chromeOptions: {debuggerAddress: localhost:65219}, handlesAlerts: true, hasTouchScreen: false, javascriptEnabled: true, locationContextEnabled: true, mobileEmulationEnabled: false, nativeEvents: true, networkConnectionEnabled: false, pageLoadStrategy: normal, platform: MAC, platformName: MAC, rotatable: false, setWindowRect: true, takesHeapSnapshot: true, takesScreenshot: true, unexpectedAlertBehaviour: , unhandledPromptBehavior: , version: 110.0.5481.177, webStorageEnabled: true}
Session ID: c82a362242a6dbed910d09d7d1648c3e
*** Element info: {Using=xpath, value=//div[@class='new-notification ng-star-inserted']}

2023-03-13 15:21:13 INFO  ScreenshotListeners:41 - 
================:  verifymodulname :====================

2023-03-13 15:21:13 ERROR BrowserSetUp:156 - verifymodulname -> FAILED due to below issues :
org.openqa.selenium.NoSuchSessionException: invalid session id
  (Driver info: chromedriver=2.43.600229 (3fae4d0cda5334b4f533bede5a4787f7b832d052),platform=Mac OS X 10.16.0 x86_64) (WARNING: The server did not provide any stacktrace information)
Command duration or timeout: 0 milliseconds
Build info: version: '3.141.59', revision: 'e82be7d358', time: '2018-11-14T08:17:03'
System info: host: 'Sigtuples-MacBook-Pro-2.local', ip: '2409:408c:be83:399c:e50c:9c6b:dd99:776%en0', os.name: 'Mac OS X', os.arch: 'x86_64', os.version: '13.1', java.version: '17.0.2'
Driver info: org.openqa.selenium.chrome.ChromeDriver
Capabilities {acceptInsecureCerts: false, acceptSslCerts: false, applicationCacheEnabled: false, browserConnectionEnabled: false, browserName: chrome, chrome: {chromedriverVersion: 2.43.600229 (3fae4d0cda5334..., userDataDir: /var/folders/1k/lnjjm94144x...}, cssSelectorsEnabled: true, databaseEnabled: false, goog:chromeOptions: {debuggerAddress: localhost:65219}, handlesAlerts: true, hasTouchScreen: false, javascriptEnabled: true, locationContextEnabled: true, mobileEmulationEnabled: false, nativeEvents: true, networkConnectionEnabled: false, pageLoadStrategy: normal, platform: MAC, platformName: MAC, rotatable: false, setWindowRect: true, takesHeapSnapshot: true, takesScreenshot: true, unexpectedAlertBehaviour: , unhandledPromptBehavior: , version: 110.0.5481.177, webStorageEnabled: true}
Session ID: c82a362242a6dbed910d09d7d1648c3e
*** Element info: {Using=xpath, value=//span[@class='module-name']}

2023-03-13 15:21:13 INFO  ScreenshotListeners:41 - 
================:  verify Notpad Icon :====================

2023-03-13 15:21:13 ERROR BrowserSetUp:156 - verifyNotpadIcon -> FAILED due to below issues :
org.openqa.selenium.NoSuchSessionException: invalid session id
  (Driver info: chromedriver=2.43.600229 (3fae4d0cda5334b4f533bede5a4787f7b832d052),platform=Mac OS X 10.16.0 x86_64) (WARNING: The server did not provide any stacktrace information)
Command duration or timeout: 0 milliseconds
Build info: version: '3.141.59', revision: 'e82be7d358', time: '2018-11-14T08:17:03'
System info: host: 'Sigtuples-MacBook-Pro-2.local', ip: '2409:408c:be83:399c:e50c:9c6b:dd99:776%en0', os.name: 'Mac OS X', os.arch: 'x86_64', os.version: '13.1', java.version: '17.0.2'
Driver info: org.openqa.selenium.chrome.ChromeDriver
Capabilities {acceptInsecureCerts: false, acceptSslCerts: false, applicationCacheEnabled: false, browserConnectionEnabled: false, browserName: chrome, chrome: {chromedriverVersion: 2.43.600229 (3fae4d0cda5334..., userDataDir: /var/folders/1k/lnjjm94144x...}, cssSelectorsEnabled: true, databaseEnabled: false, goog:chromeOptions: {debuggerAddress: localhost:65219}, handlesAlerts: true, hasTouchScreen: false, javascriptEnabled: true, locationContextEnabled: true, mobileEmulationEnabled: false, nativeEvents: true, networkConnectionEnabled: false, pageLoadStrategy: normal, platform: MAC, platformName: MAC, rotatable: false, setWindowRect: true, takesHeapSnapshot: true, takesScreenshot: true, unexpectedAlertBehaviour: , unhandledPromptBehavior: , version: 110.0.5481.177, webStorageEnabled: true}
Session ID: c82a362242a6dbed910d09d7d1648c3e
*** Element info: {Using=css selector, value=i.report-icon}

2023-03-13 15:21:13 INFO  ScreenshotListeners:41 - 
================:  verifyfilter Icon :====================

2023-03-13 15:21:13 ERROR BrowserSetUp:156 - verifyfilterIcon -> FAILED due to below issues :
org.openqa.selenium.NoSuchSessionException: invalid session id
  (Driver info: chromedriver=2.43.600229 (3fae4d0cda5334b4f533bede5a4787f7b832d052),platform=Mac OS X 10.16.0 x86_64) (WARNING: The server did not provide any stacktrace information)
Command duration or timeout: 0 milliseconds
Build info: version: '3.141.59', revision: 'e82be7d358', time: '2018-11-14T08:17:03'
System info: host: 'Sigtuples-MacBook-Pro-2.local', ip: '2409:408c:be83:399c:e50c:9c6b:dd99:776%en0', os.name: 'Mac OS X', os.arch: 'x86_64', os.version: '13.1', java.version: '17.0.2'
Driver info: org.openqa.selenium.chrome.ChromeDriver
Capabilities {acceptInsecureCerts: false, acceptSslCerts: false, applicationCacheEnabled: false, browserConnectionEnabled: false, browserName: chrome, chrome: {chromedriverVersion: 2.43.600229 (3fae4d0cda5334..., userDataDir: /var/folders/1k/lnjjm94144x...}, cssSelectorsEnabled: true, databaseEnabled: false, goog:chromeOptions: {debuggerAddress: localhost:65219}, handlesAlerts: true, hasTouchScreen: false, javascriptEnabled: true, locationContextEnabled: true, mobileEmulationEnabled: false, nativeEvents: true, networkConnectionEnabled: false, pageLoadStrategy: normal, platform: MAC, platformName: MAC, rotatable: false, setWindowRect: true, takesHeapSnapshot: true, takesScreenshot: true, unexpectedAlertBehaviour: , unhandledPromptBehavior: , version: 110.0.5481.177, webStorageEnabled: true}
Session ID: c82a362242a6dbed910d09d7d1648c3e
*** Element info: {Using=xpath, value=//i[contains(@title,'Filter')]}

2023-03-13 15:21:13 INFO  ScreenshotListeners:41 - 
================:  verifyrefreshicon :====================

2023-03-13 15:21:13 ERROR BrowserSetUp:156 - verifyrefreshicon -> FAILED due to below issues :
org.openqa.selenium.NoSuchSessionException: invalid session id
  (Driver info: chromedriver=2.43.600229 (3fae4d0cda5334b4f533bede5a4787f7b832d052),platform=Mac OS X 10.16.0 x86_64) (WARNING: The server did not provide any stacktrace information)
Command duration or timeout: 0 milliseconds
Build info: version: '3.141.59', revision: 'e82be7d358', time: '2018-11-14T08:17:03'
System info: host: 'Sigtuples-MacBook-Pro-2.local', ip: '2409:408c:be83:399c:e50c:9c6b:dd99:776%en0', os.name: 'Mac OS X', os.arch: 'x86_64', os.version: '13.1', java.version: '17.0.2'
Driver info: org.openqa.selenium.chrome.ChromeDriver
Capabilities {acceptInsecureCerts: false, acceptSslCerts: false, applicationCacheEnabled: false, browserConnectionEnabled: false, browserName: chrome, chrome: {chromedriverVersion: 2.43.600229 (3fae4d0cda5334..., userDataDir: /var/folders/1k/lnjjm94144x...}, cssSelectorsEnabled: true, databaseEnabled: false, goog:chromeOptions: {debuggerAddress: localhost:65219}, handlesAlerts: true, hasTouchScreen: false, javascriptEnabled: true, locationContextEnabled: true, mobileEmulationEnabled: false, nativeEvents: true, networkConnectionEnabled: false, pageLoadStrategy: normal, platform: MAC, platformName: MAC, rotatable: false, setWindowRect: true, takesHeapSnapshot: true, takesScreenshot: true, unexpectedAlertBehaviour: , unhandledPromptBehavior: , version: 110.0.5481.177, webStorageEnabled: true}
Session ID: c82a362242a6dbed910d09d7d1648c3e
*** Element info: {Using=xpath, value=//i[@title='Refresh']}

2023-03-13 15:21:13 INFO  ScreenshotListeners:41 - 
================:  verify Option From User Icon On Shonit Report Page :====================

2023-03-13 15:21:13 ERROR BrowserSetUp:156 - verifyOptionFromUserIconOnShonitReportPage -> FAILED due to below issues :
org.openqa.selenium.NoSuchSessionException: invalid session id
  (Driver info: chromedriver=2.43.600229 (3fae4d0cda5334b4f533bede5a4787f7b832d052),platform=Mac OS X 10.16.0 x86_64) (WARNING: The server did not provide any stacktrace information)
Command duration or timeout: 0 milliseconds
Build info: version: '3.141.59', revision: 'e82be7d358', time: '2018-11-14T08:17:03'
System info: host: 'Sigtuples-MacBook-Pro-2.local', ip: '2409:408c:be83:399c:e50c:9c6b:dd99:776%en0', os.name: 'Mac OS X', os.arch: 'x86_64', os.version: '13.1', java.version: '17.0.2'
Driver info: org.openqa.selenium.chrome.ChromeDriver
Capabilities {acceptInsecureCerts: false, acceptSslCerts: false, applicationCacheEnabled: false, browserConnectionEnabled: false, browserName: chrome, chrome: {chromedriverVersion: 2.43.600229 (3fae4d0cda5334..., userDataDir: /var/folders/1k/lnjjm94144x...}, cssSelectorsEnabled: true, databaseEnabled: false, goog:chromeOptions: {debuggerAddress: localhost:65219}, handlesAlerts: true, hasTouchScreen: false, javascriptEnabled: true, locationContextEnabled: true, mobileEmulationEnabled: false, nativeEvents: true, networkConnectionEnabled: false, pageLoadStrategy: normal, platform: MAC, platformName: MAC, rotatable: false, setWindowRect: true, takesHeapSnapshot: true, takesScreenshot: true, unexpectedAlertBehaviour: , unhandledPromptBehavior: , version: 110.0.5481.177, webStorageEnabled: true}
Session ID: c82a362242a6dbed910d09d7d1648c3e

2023-03-13 15:21:13 INFO  ScreenshotListeners:41 - 
================:  verifytableheader :====================

2023-03-13 15:21:13 ERROR BrowserSetUp:156 - verifytableheader -> FAILED due to below issues :
org.openqa.selenium.NoSuchSessionException: invalid session id
  (Driver info: chromedriver=2.43.600229 (3fae4d0cda5334b4f533bede5a4787f7b832d052),platform=Mac OS X 10.16.0 x86_64) (WARNING: The server did not provide any stacktrace information)
Command duration or timeout: 0 milliseconds
Build info: version: '3.141.59', revision: 'e82be7d358', time: '2018-11-14T08:17:03'
System info: host: 'Sigtuples-MacBook-Pro-2.local', ip: '2409:408c:be83:399c:e50c:9c6b:dd99:776%en0', os.name: 'Mac OS X', os.arch: 'x86_64', os.version: '13.1', java.version: '17.0.2'
Driver info: org.openqa.selenium.chrome.ChromeDriver
Capabilities {acceptInsecureCerts: false, acceptSslCerts: false, applicationCacheEnabled: false, browserConnectionEnabled: false, browserName: chrome, chrome: {chromedriverVersion: 2.43.600229 (3fae4d0cda5334..., userDataDir: /var/folders/1k/lnjjm94144x...}, cssSelectorsEnabled: true, databaseEnabled: false, goog:chromeOptions: {debuggerAddress: localhost:65219}, handlesAlerts: true, hasTouchScreen: false, javascriptEnabled: true, locationContextEnabled: true, mobileEmulationEnabled: false, nativeEvents: true, networkConnectionEnabled: false, pageLoadStrategy: normal, platform: MAC, platformName: MAC, rotatable: false, setWindowRect: true, takesHeapSnapshot: true, takesScreenshot: true, unexpectedAlertBehaviour: , unhandledPromptBehavior: , version: 110.0.5481.177, webStorageEnabled: true}
Session ID: c82a362242a6dbed910d09d7d1648c3e
*** Element info: {Using=css selector, value=table tr.mat-header-row th}

2023-03-13 15:21:13 INFO  ScreenshotListeners:41 - 
================:  terms N Cond Test On Shonit Report Page :====================

2023-03-13 15:21:13 ERROR BrowserSetUp:156 - termsNCondTestOnShonitReportPage -> FAILED due to below issues :
org.openqa.selenium.NoSuchSessionException: invalid session id
  (Driver info: chromedriver=2.43.600229 (3fae4d0cda5334b4f533bede5a4787f7b832d052),platform=Mac OS X 10.16.0 x86_64) (WARNING: The server did not provide any stacktrace information)
Command duration or timeout: 0 milliseconds
Build info: version: '3.141.59', revision: 'e82be7d358', time: '2018-11-14T08:17:03'
System info: host: 'Sigtuples-MacBook-Pro-2.local', ip: '2409:408c:be83:399c:e50c:9c6b:dd99:776%en0', os.name: 'Mac OS X', os.arch: 'x86_64', os.version: '13.1', java.version: '17.0.2'
Driver info: org.openqa.selenium.chrome.ChromeDriver
Capabilities {acceptInsecureCerts: false, acceptSslCerts: false, applicationCacheEnabled: false, browserConnectionEnabled: false, browserName: chrome, chrome: {chromedriverVersion: 2.43.600229 (3fae4d0cda5334..., userDataDir: /var/folders/1k/lnjjm94144x...}, cssSelectorsEnabled: true, databaseEnabled: false, goog:chromeOptions: {debuggerAddress: localhost:65219}, handlesAlerts: true, hasTouchScreen: false, javascriptEnabled: true, locationContextEnabled: true, mobileEmulationEnabled: false, nativeEvents: true, networkConnectionEnabled: false, pageLoadStrategy: normal, platform: MAC, platformName: MAC, rotatable: false, setWindowRect: true, takesHeapSnapshot: true, takesScreenshot: true, unexpectedAlertBehaviour: , unhandledPromptBehavior: , version: 110.0.5481.177, webStorageEnabled: true}
Session ID: c82a362242a6dbed910d09d7d1648c3e
*** Element info: {Using=xpath, value=//a[contains(.,'Terms of Service')]}

2023-03-13 15:21:13 INFO  ScreenshotListeners:41 - 
================:  checkpaginationeditbox :====================

2023-03-13 15:21:13 ERROR BrowserSetUp:156 - checkpaginationeditbox -> FAILED due to below issues :
org.openqa.selenium.NoSuchSessionException: invalid session id
  (Driver info: chromedriver=2.43.600229 (3fae4d0cda5334b4f533bede5a4787f7b832d052),platform=Mac OS X 10.16.0 x86_64) (WARNING: The server did not provide any stacktrace information)
Command duration or timeout: 0 milliseconds
Build info: version: '3.141.59', revision: 'e82be7d358', time: '2018-11-14T08:17:03'
System info: host: 'Sigtuples-MacBook-Pro-2.local', ip: '2409:408c:be83:399c:e50c:9c6b:dd99:776%en0', os.name: 'Mac OS X', os.arch: 'x86_64', os.version: '13.1', java.version: '17.0.2'
Driver info: org.openqa.selenium.chrome.ChromeDriver
Capabilities {acceptInsecureCerts: false, acceptSslCerts: false, applicationCacheEnabled: false, browserConnectionEnabled: false, browserName: chrome, chrome: {chromedriverVersion: 2.43.600229 (3fae4d0cda5334..., userDataDir: /var/folders/1k/lnjjm94144x...}, cssSelectorsEnabled: true, databaseEnabled: false, goog:chromeOptions: {debuggerAddress: localhost:65219}, handlesAlerts: true, hasTouchScreen: false, javascriptEnabled: true, locationContextEnabled: true, mobileEmulationEnabled: false, nativeEvents: true, networkConnectionEnabled: false, pageLoadStrategy: normal, platform: MAC, platformName: MAC, rotatable: false, setWindowRect: true, takesHeapSnapshot: true, takesScreenshot: true, unexpectedAlertBehaviour: , unhandledPromptBehavior: , version: 110.0.5481.177, webStorageEnabled: true}
Session ID: c82a362242a6dbed910d09d7d1648c3e
*** Element info: {Using=xpath, value=//input[@type='number']}

2023-03-13 15:21:13 INFO  ScreenshotListeners:41 - 
================:  checkpaginationchevronicons :====================

2023-03-13 15:21:13 ERROR BrowserSetUp:156 - checkpaginationchevronicons -> FAILED due to below issues :
org.openqa.selenium.NoSuchSessionException: invalid session id
  (Driver info: chromedriver=2.43.600229 (3fae4d0cda5334b4f533bede5a4787f7b832d052),platform=Mac OS X 10.16.0 x86_64) (WARNING: The server did not provide any stacktrace information)
Command duration or timeout: 0 milliseconds
Build info: version: '3.141.59', revision: 'e82be7d358', time: '2018-11-14T08:17:03'
System info: host: 'Sigtuples-MacBook-Pro-2.local', ip: '2409:408c:be83:399c:e50c:9c6b:dd99:776%en0', os.name: 'Mac OS X', os.arch: 'x86_64', os.version: '13.1', java.version: '17.0.2'
Driver info: org.openqa.selenium.chrome.ChromeDriver
Capabilities {acceptInsecureCerts: false, acceptSslCerts: false, applicationCacheEnabled: false, browserConnectionEnabled: false, browserName: chrome, chrome: {chromedriverVersion: 2.43.600229 (3fae4d0cda5334..., userDataDir: /var/folders/1k/lnjjm94144x...}, cssSelectorsEnabled: true, databaseEnabled: false, goog:chromeOptions: {debuggerAddress: localhost:65219}, handlesAlerts: true, hasTouchScreen: false, javascriptEnabled: true, locationContextEnabled: true, mobileEmulationEnabled: false, nativeEvents: true, networkConnectionEnabled: false, pageLoadStrategy: normal, platform: MAC, platformName: MAC, rotatable: false, setWindowRect: true, takesHeapSnapshot: true, takesScreenshot: true, unexpectedAlertBehaviour: , unhandledPromptBehavior: , version: 110.0.5481.177, webStorageEnabled: true}
Session ID: c82a362242a6dbed910d09d7d1648c3e
*** Element info: {Using=xpath, value=//mat-icon[contains(text(),'keyboard_arrow_right')]}

2023-03-13 15:21:13 INFO  ScreenshotListeners:41 - 
================:  checkpaginationposition :====================

2023-03-13 15:21:13 ERROR BrowserSetUp:156 - checkpaginationposition -> FAILED due to below issues :
org.openqa.selenium.NoSuchSessionException: invalid session id
  (Driver info: chromedriver=2.43.600229 (3fae4d0cda5334b4f533bede5a4787f7b832d052),platform=Mac OS X 10.16.0 x86_64) (WARNING: The server did not provide any stacktrace information)
Command duration or timeout: 0 milliseconds
Build info: version: '3.141.59', revision: 'e82be7d358', time: '2018-11-14T08:17:03'
System info: host: 'Sigtuples-MacBook-Pro-2.local', ip: '2409:408c:be83:399c:e50c:9c6b:dd99:776%en0', os.name: 'Mac OS X', os.arch: 'x86_64', os.version: '13.1', java.version: '17.0.2'
Driver info: org.openqa.selenium.chrome.ChromeDriver
Capabilities {acceptInsecureCerts: false, acceptSslCerts: false, applicationCacheEnabled: false, browserConnectionEnabled: false, browserName: chrome, chrome: {chromedriverVersion: 2.43.600229 (3fae4d0cda5334..., userDataDir: /var/folders/1k/lnjjm94144x...}, cssSelectorsEnabled: true, databaseEnabled: false, goog:chromeOptions: {debuggerAddress: localhost:65219}, handlesAlerts: true, hasTouchScreen: false, javascriptEnabled: true, locationContextEnabled: true, mobileEmulationEnabled: false, nativeEvents: true, networkConnectionEnabled: false, pageLoadStrategy: normal, platform: MAC, platformName: MAC, rotatable: false, setWindowRect: true, takesHeapSnapshot: true, takesScreenshot: true, unexpectedAlertBehaviour: , unhandledPromptBehavior: , version: 110.0.5481.177, webStorageEnabled: true}
Session ID: c82a362242a6dbed910d09d7d1648c3e
*** Element info: {Using=xpath, value=//div[@class='max-page-text']}

2023-03-13 15:21:13 INFO  ScreenshotListeners:41 - 
================:  verify Search Enter Text :====================

2023-03-13 15:21:13 ERROR BrowserSetUp:156 - verifySearchEnterText -> FAILED due to below issues :
org.openqa.selenium.NoSuchSessionException: invalid session id
  (Driver info: chromedriver=2.43.600229 (3fae4d0cda5334b4f533bede5a4787f7b832d052),platform=Mac OS X 10.16.0 x86_64) (WARNING: The server did not provide any stacktrace information)
Command duration or timeout: 0 milliseconds
Build info: version: '3.141.59', revision: 'e82be7d358', time: '2018-11-14T08:17:03'
System info: host: 'Sigtuples-MacBook-Pro-2.local', ip: '2409:408c:be83:399c:e50c:9c6b:dd99:776%en0', os.name: 'Mac OS X', os.arch: 'x86_64', os.version: '13.1', java.version: '17.0.2'
Driver info: org.openqa.selenium.chrome.ChromeDriver
Capabilities {acceptInsecureCerts: false, acceptSslCerts: false, applicationCacheEnabled: false, browserConnectionEnabled: false, browserName: chrome, chrome: {chromedriverVersion: 2.43.600229 (3fae4d0cda5334..., userDataDir: /var/folders/1k/lnjjm94144x...}, cssSelectorsEnabled: true, databaseEnabled: false, goog:chromeOptions: {debuggerAddress: localhost:65219}, handlesAlerts: true, hasTouchScreen: false, javascriptEnabled: true, locationContextEnabled: true, mobileEmulationEnabled: false, nativeEvents: true, networkConnectionEnabled: false, pageLoadStrategy: normal, platform: MAC, platformName: MAC, rotatable: false, setWindowRect: true, takesHeapSnapshot: true, takesScreenshot: true, unexpectedAlertBehaviour: , unhandledPromptBehavior: , version: 110.0.5481.177, webStorageEnabled: true}
Session ID: c82a362242a6dbed910d09d7d1648c3e
*** Element info: {Using=xpath, value=//i[@class='material-icons hide-search-icon ng-star-inserted']}

2023-03-13 15:21:13 INFO  ScreenshotListeners:41 - 
================:  verify Add Assignee :====================

2023-03-13 15:21:13 ERROR BrowserSetUp:156 - verifyAddAssignee -> FAILED due to below issues :
org.openqa.selenium.NoSuchSessionException: invalid session id
  (Driver info: chromedriver=2.43.600229 (3fae4d0cda5334b4f533bede5a4787f7b832d052),platform=Mac OS X 10.16.0 x86_64) (WARNING: The server did not provide any stacktrace information)
Command duration or timeout: 0 milliseconds
Build info: version: '3.141.59', revision: 'e82be7d358', time: '2018-11-14T08:17:03'
System info: host: 'Sigtuples-MacBook-Pro-2.local', ip: '2409:408c:be83:399c:e50c:9c6b:dd99:776%en0', os.name: 'Mac OS X', os.arch: 'x86_64', os.version: '13.1', java.version: '17.0.2'
Driver info: org.openqa.selenium.chrome.ChromeDriver
Capabilities {acceptInsecureCerts: false, acceptSslCerts: false, applicationCacheEnabled: false, browserConnectionEnabled: false, browserName: chrome, chrome: {chromedriverVersion: 2.43.600229 (3fae4d0cda5334..., userDataDir: /var/folders/1k/lnjjm94144x...}, cssSelectorsEnabled: true, databaseEnabled: false, goog:chromeOptions: {debuggerAddress: localhost:65219}, handlesAlerts: true, hasTouchScreen: false, javascriptEnabled: true, locationContextEnabled: true, mobileEmulationEnabled: false, nativeEvents: true, networkConnectionEnabled: false, pageLoadStrategy: normal, platform: MAC, platformName: MAC, rotatable: false, setWindowRect: true, takesHeapSnapshot: true, takesScreenshot: true, unexpectedAlertBehaviour: , unhandledPromptBehavior: , version: 110.0.5481.177, webStorageEnabled: true}
Session ID: c82a362242a6dbed910d09d7d1648c3e
*** Element info: {Using=xpath, value=//app-table/table/tbody/tr[1]/td[7]/div/div/mat-form-field/div}

2023-03-13 15:21:13 INFO  ScreenshotListeners:41 - 
================:  searchsample I D :====================

2023-03-13 15:21:14 ERROR BrowserSetUp:156 - searchsampleID -> FAILED due to below issues :
org.openqa.selenium.NoSuchSessionException: invalid session id
  (Driver info: chromedriver=2.43.600229 (3fae4d0cda5334b4f533bede5a4787f7b832d052),platform=Mac OS X 10.16.0 x86_64) (WARNING: The server did not provide any stacktrace information)
Command duration or timeout: 0 milliseconds
Build info: version: '3.141.59', revision: 'e82be7d358', time: '2018-11-14T08:17:03'
System info: host: 'Sigtuples-MacBook-Pro-2.local', ip: '2409:408c:be83:399c:e50c:9c6b:dd99:776%en0', os.name: 'Mac OS X', os.arch: 'x86_64', os.version: '13.1', java.version: '17.0.2'
Driver info: org.openqa.selenium.chrome.ChromeDriver
Capabilities {acceptInsecureCerts: false, acceptSslCerts: false, applicationCacheEnabled: false, browserConnectionEnabled: false, browserName: chrome, chrome: {chromedriverVersion: 2.43.600229 (3fae4d0cda5334..., userDataDir: /var/folders/1k/lnjjm94144x...}, cssSelectorsEnabled: true, databaseEnabled: false, goog:chromeOptions: {debuggerAddress: localhost:65219}, handlesAlerts: true, hasTouchScreen: false, javascriptEnabled: true, locationContextEnabled: true, mobileEmulationEnabled: false, nativeEvents: true, networkConnectionEnabled: false, pageLoadStrategy: normal, platform: MAC, platformName: MAC, rotatable: false, setWindowRect: true, takesHeapSnapshot: true, takesScreenshot: true, unexpectedAlertBehaviour: , unhandledPromptBehavior: , version: 110.0.5481.177, webStorageEnabled: true}
Session ID: c82a362242a6dbed910d09d7d1648c3e
*** Element info: {Using=xpath, value=//button[@class='mat-icon-button sidenav-toggle-button ng-star-inserted']}

2023-03-13 15:21:14 INFO  ScreenshotListeners:41 - 
================:  verify Presence Of Disclaimer :====================

2023-03-13 15:21:14 ERROR BrowserSetUp:156 - verifyPresenceOfDisclaimer -> FAILED due to below issues :
org.openqa.selenium.NoSuchSessionException: invalid session id
  (Driver info: chromedriver=2.43.600229 (3fae4d0cda5334b4f533bede5a4787f7b832d052),platform=Mac OS X 10.16.0 x86_64) (WARNING: The server did not provide any stacktrace information)
Command duration or timeout: 0 milliseconds
Build info: version: '3.141.59', revision: 'e82be7d358', time: '2018-11-14T08:17:03'
System info: host: 'Sigtuples-MacBook-Pro-2.local', ip: '2409:408c:be83:399c:e50c:9c6b:dd99:776%en0', os.name: 'Mac OS X', os.arch: 'x86_64', os.version: '13.1', java.version: '17.0.2'
Driver info: org.openqa.selenium.chrome.ChromeDriver
Capabilities {acceptInsecureCerts: false, acceptSslCerts: false, applicationCacheEnabled: false, browserConnectionEnabled: false, browserName: chrome, chrome: {chromedriverVersion: 2.43.600229 (3fae4d0cda5334..., userDataDir: /var/folders/1k/lnjjm94144x...}, cssSelectorsEnabled: true, databaseEnabled: false, goog:chromeOptions: {debuggerAddress: localhost:65219}, handlesAlerts: true, hasTouchScreen: false, javascriptEnabled: true, locationContextEnabled: true, mobileEmulationEnabled: false, nativeEvents: true, networkConnectionEnabled: false, pageLoadStrategy: normal, platform: MAC, platformName: MAC, rotatable: false, setWindowRect: true, takesHeapSnapshot: true, takesScreenshot: true, unexpectedAlertBehaviour: , unhandledPromptBehavior: , version: 110.0.5481.177, webStorageEnabled: true}
Session ID: c82a362242a6dbed910d09d7d1648c3e
*** Element info: {Using=xpath, value=/html/body/app-root/div/div[1]/app-report-page/app-report-shonit/div/div/div[3]/app-disclaimer/div}

2023-03-13 15:21:14 INFO  ScreenshotListeners:41 - 
================:  verify Slide I D :====================

2023-03-13 15:21:14 ERROR BrowserSetUp:156 - verifySlideID -> FAILED due to below issues :
org.openqa.selenium.NoSuchSessionException: invalid session id
  (Driver info: chromedriver=2.43.600229 (3fae4d0cda5334b4f533bede5a4787f7b832d052),platform=Mac OS X 10.16.0 x86_64) (WARNING: The server did not provide any stacktrace information)
Command duration or timeout: 0 milliseconds
Build info: version: '3.141.59', revision: 'e82be7d358', time: '2018-11-14T08:17:03'
System info: host: 'Sigtuples-MacBook-Pro-2.local', ip: '2409:408c:be83:399c:e50c:9c6b:dd99:776%en0', os.name: 'Mac OS X', os.arch: 'x86_64', os.version: '13.1', java.version: '17.0.2'
Driver info: org.openqa.selenium.chrome.ChromeDriver
Capabilities {acceptInsecureCerts: false, acceptSslCerts: false, applicationCacheEnabled: false, browserConnectionEnabled: false, browserName: chrome, chrome: {chromedriverVersion: 2.43.600229 (3fae4d0cda5334..., userDataDir: /var/folders/1k/lnjjm94144x...}, cssSelectorsEnabled: true, databaseEnabled: false, goog:chromeOptions: {debuggerAddress: localhost:65219}, handlesAlerts: true, hasTouchScreen: false, javascriptEnabled: true, locationContextEnabled: true, mobileEmulationEnabled: false, nativeEvents: true, networkConnectionEnabled: false, pageLoadStrategy: normal, platform: MAC, platformName: MAC, rotatable: false, setWindowRect: true, takesHeapSnapshot: true, takesScreenshot: true, unexpectedAlertBehaviour: , unhandledPromptBehavior: , version: 110.0.5481.177, webStorageEnabled: true}
Session ID: c82a362242a6dbed910d09d7d1648c3e
*** Element info: {Using=xpath, value=//div[@class='slide-id ng-star-inserted']}

2023-03-13 15:21:14 INFO  ScreenshotListeners:41 - 
================:  verifyslide Detail At Report Page :====================

2023-03-13 15:21:15 ERROR BrowserSetUp:156 - verifyslideDetailAtReportPage -> FAILED due to below issues :
org.openqa.selenium.NoSuchSessionException: invalid session id
  (Driver info: chromedriver=2.43.600229 (3fae4d0cda5334b4f533bede5a4787f7b832d052),platform=Mac OS X 10.16.0 x86_64) (WARNING: The server did not provide any stacktrace information)
Command duration or timeout: 0 milliseconds
Build info: version: '3.141.59', revision: 'e82be7d358', time: '2018-11-14T08:17:03'
System info: host: 'Sigtuples-MacBook-Pro-2.local', ip: '2409:408c:be83:399c:e50c:9c6b:dd99:776%en0', os.name: 'Mac OS X', os.arch: 'x86_64', os.version: '13.1', java.version: '17.0.2'
Driver info: org.openqa.selenium.chrome.ChromeDriver
Capabilities {acceptInsecureCerts: false, acceptSslCerts: false, applicationCacheEnabled: false, browserConnectionEnabled: false, browserName: chrome, chrome: {chromedriverVersion: 2.43.600229 (3fae4d0cda5334..., userDataDir: /var/folders/1k/lnjjm94144x...}, cssSelectorsEnabled: true, databaseEnabled: false, goog:chromeOptions: {debuggerAddress: localhost:65219}, handlesAlerts: true, hasTouchScreen: false, javascriptEnabled: true, locationContextEnabled: true, mobileEmulationEnabled: false, nativeEvents: true, networkConnectionEnabled: false, pageLoadStrategy: normal, platform: MAC, platformName: MAC, rotatable: false, setWindowRect: true, takesHeapSnapshot: true, takesScreenshot: true, unexpectedAlertBehaviour: , unhandledPromptBehavior: , version: 110.0.5481.177, webStorageEnabled: true}
Session ID: c82a362242a6dbed910d09d7d1648c3e
*** Element info: {Using=xpath, value=//div/div/div[3]/mat-accordion/mat-expansion-panel/mat-expansion-panel-header}

2023-03-13 15:21:15 INFO  ScreenshotListeners:41 - 
================:  verify Header On Report Page :====================

2023-03-13 15:21:15 ERROR BrowserSetUp:156 - verifyHeaderOnReportPage -> FAILED due to below issues :
org.openqa.selenium.NoSuchSessionException: invalid session id
  (Driver info: chromedriver=2.43.600229 (3fae4d0cda5334b4f533bede5a4787f7b832d052),platform=Mac OS X 10.16.0 x86_64) (WARNING: The server did not provide any stacktrace information)
Command duration or timeout: 0 milliseconds
Build info: version: '3.141.59', revision: 'e82be7d358', time: '2018-11-14T08:17:03'
System info: host: 'Sigtuples-MacBook-Pro-2.local', ip: '2409:408c:be83:399c:e50c:9c6b:dd99:776%en0', os.name: 'Mac OS X', os.arch: 'x86_64', os.version: '13.1', java.version: '17.0.2'
Driver info: org.openqa.selenium.chrome.ChromeDriver
Capabilities {acceptInsecureCerts: false, acceptSslCerts: false, applicationCacheEnabled: false, browserConnectionEnabled: false, browserName: chrome, chrome: {chromedriverVersion: 2.43.600229 (3fae4d0cda5334..., userDataDir: /var/folders/1k/lnjjm94144x...}, cssSelectorsEnabled: true, databaseEnabled: false, goog:chromeOptions: {debuggerAddress: localhost:65219}, handlesAlerts: true, hasTouchScreen: false, javascriptEnabled: true, locationContextEnabled: true, mobileEmulationEnabled: false, nativeEvents: true, networkConnectionEnabled: false, pageLoadStrategy: normal, platform: MAC, platformName: MAC, rotatable: false, setWindowRect: true, takesHeapSnapshot: true, takesScreenshot: true, unexpectedAlertBehaviour: , unhandledPromptBehavior: , version: 110.0.5481.177, webStorageEnabled: true}
Session ID: c82a362242a6dbed910d09d7d1648c3e
*** Element info: {Using=xpath, value=//div[@class='tab-wrapper container']//mat-tab-header[@class='mat-tab-header']}

2023-03-13 15:21:15 INFO  ScreenshotListeners:41 - 
================:  verifyurine Report Header :====================

2023-03-13 15:21:15 ERROR BrowserSetUp:156 - verifyurineReportHeader -> FAILED due to below issues :
org.openqa.selenium.NoSuchSessionException: invalid session id
  (Driver info: chromedriver=2.43.600229 (3fae4d0cda5334b4f533bede5a4787f7b832d052),platform=Mac OS X 10.16.0 x86_64) (WARNING: The server did not provide any stacktrace information)
Command duration or timeout: 0 milliseconds
Build info: version: '3.141.59', revision: 'e82be7d358', time: '2018-11-14T08:17:03'
System info: host: 'Sigtuples-MacBook-Pro-2.local', ip: '2409:408c:be83:399c:e50c:9c6b:dd99:776%en0', os.name: 'Mac OS X', os.arch: 'x86_64', os.version: '13.1', java.version: '17.0.2'
Driver info: org.openqa.selenium.chrome.ChromeDriver
Capabilities {acceptInsecureCerts: false, acceptSslCerts: false, applicationCacheEnabled: false, browserConnectionEnabled: false, browserName: chrome, chrome: {chromedriverVersion: 2.43.600229 (3fae4d0cda5334..., userDataDir: /var/folders/1k/lnjjm94144x...}, cssSelectorsEnabled: true, databaseEnabled: false, goog:chromeOptions: {debuggerAddress: localhost:65219}, handlesAlerts: true, hasTouchScreen: false, javascriptEnabled: true, locationContextEnabled: true, mobileEmulationEnabled: false, nativeEvents: true, networkConnectionEnabled: false, pageLoadStrategy: normal, platform: MAC, platformName: MAC, rotatable: false, setWindowRect: true, takesHeapSnapshot: true, takesScreenshot: true, unexpectedAlertBehaviour: , unhandledPromptBehavior: , version: 110.0.5481.177, webStorageEnabled: true}
Session ID: c82a362242a6dbed910d09d7d1648c3e
*** Element info: {Using=xpath, value=//*[@id='tablecontainer']/table/thead/tr/th}

2023-03-13 15:21:15 INFO  ScreenshotListeners:41 - 
================:  verify All Reports Name :====================

2023-03-13 15:21:15 ERROR BrowserSetUp:156 - verifyAllReportsName -> FAILED due to below issues :
org.openqa.selenium.NoSuchSessionException: invalid session id
  (Driver info: chromedriver=2.43.600229 (3fae4d0cda5334b4f533bede5a4787f7b832d052),platform=Mac OS X 10.16.0 x86_64) (WARNING: The server did not provide any stacktrace information)
Command duration or timeout: 0 milliseconds
Build info: version: '3.141.59', revision: 'e82be7d358', time: '2018-11-14T08:17:03'
System info: host: 'Sigtuples-MacBook-Pro-2.local', ip: '2409:408c:be83:399c:e50c:9c6b:dd99:776%en0', os.name: 'Mac OS X', os.arch: 'x86_64', os.version: '13.1', java.version: '17.0.2'
Driver info: org.openqa.selenium.chrome.ChromeDriver
Capabilities {acceptInsecureCerts: false, acceptSslCerts: false, applicationCacheEnabled: false, browserConnectionEnabled: false, browserName: chrome, chrome: {chromedriverVersion: 2.43.600229 (3fae4d0cda5334..., userDataDir: /var/folders/1k/lnjjm94144x...}, cssSelectorsEnabled: true, databaseEnabled: false, goog:chromeOptions: {debuggerAddress: localhost:65219}, handlesAlerts: true, hasTouchScreen: false, javascriptEnabled: true, locationContextEnabled: true, mobileEmulationEnabled: false, nativeEvents: true, networkConnectionEnabled: false, pageLoadStrategy: normal, platform: MAC, platformName: MAC, rotatable: false, setWindowRect: true, takesHeapSnapshot: true, takesScreenshot: true, unexpectedAlertBehaviour: , unhandledPromptBehavior: , version: 110.0.5481.177, webStorageEnabled: true}
Session ID: c82a362242a6dbed910d09d7d1648c3e
*** Element info: {Using=xpath, value=//*[@id="tablecontainer"]/table/tbody/tr/td[1]/span}

2023-03-13 15:21:15 INFO  ScreenshotListeners:41 - 
================:  verifying Original Report :====================

2023-03-13 15:21:15 ERROR BrowserSetUp:156 - verifyingOriginalReport -> FAILED due to below issues :
org.openqa.selenium.NoSuchSessionException: invalid session id
  (Driver info: chromedriver=2.43.600229 (3fae4d0cda5334b4f533bede5a4787f7b832d052),platform=Mac OS X 10.16.0 x86_64) (WARNING: The server did not provide any stacktrace information)
Command duration or timeout: 0 milliseconds
Build info: version: '3.141.59', revision: 'e82be7d358', time: '2018-11-14T08:17:03'
System info: host: 'Sigtuples-MacBook-Pro-2.local', ip: '2409:408c:be83:399c:e50c:9c6b:dd99:776%en0', os.name: 'Mac OS X', os.arch: 'x86_64', os.version: '13.1', java.version: '17.0.2'
Driver info: org.openqa.selenium.chrome.ChromeDriver
Capabilities {acceptInsecureCerts: false, acceptSslCerts: false, applicationCacheEnabled: false, browserConnectionEnabled: false, browserName: chrome, chrome: {chromedriverVersion: 2.43.600229 (3fae4d0cda5334..., userDataDir: /var/folders/1k/lnjjm94144x...}, cssSelectorsEnabled: true, databaseEnabled: false, goog:chromeOptions: {debuggerAddress: localhost:65219}, handlesAlerts: true, hasTouchScreen: false, javascriptEnabled: true, locationContextEnabled: true, mobileEmulationEnabled: false, nativeEvents: true, networkConnectionEnabled: false, pageLoadStrategy: normal, platform: MAC, platformName: MAC, rotatable: false, setWindowRect: true, takesHeapSnapshot: true, takesScreenshot: true, unexpectedAlertBehaviour: , unhandledPromptBehavior: , version: 110.0.5481.177, webStorageEnabled: true}
Session ID: c82a362242a6dbed910d09d7d1648c3e
*** Element info: {Using=xpath, value=//*[contains(text(),'Original')]}

2023-03-13 15:21:15 INFO  ScreenshotListeners:41 - 
================:  verify Download Report :====================

2023-03-13 15:37:04 ERROR BrowserSetUp:156 - verifyDownloadReport -> FAILED due to below issues :
org.openqa.selenium.NoSuchSessionException: invalid session id
  (Driver info: chromedriver=2.43.600229 (3fae4d0cda5334b4f533bede5a4787f7b832d052),platform=Mac OS X 10.16.0 x86_64) (WARNING: The server did not provide any stacktrace information)
Command duration or timeout: 0 milliseconds
Build info: version: '3.141.59', revision: 'e82be7d358', time: '2018-11-14T08:17:03'
System info: host: 'Sigtuples-MacBook-Pro-2.local', ip: '2409:408c:be83:399c:e50c:9c6b:dd99:776%en0', os.name: 'Mac OS X', os.arch: 'x86_64', os.version: '13.1', java.version: '17.0.2'
Driver info: org.openqa.selenium.chrome.ChromeDriver
Capabilities {acceptInsecureCerts: false, acceptSslCerts: false, applicationCacheEnabled: false, browserConnectionEnabled: false, browserName: chrome, chrome: {chromedriverVersion: 2.43.600229 (3fae4d0cda5334..., userDataDir: /var/folders/1k/lnjjm94144x...}, cssSelectorsEnabled: true, databaseEnabled: false, goog:chromeOptions: {debuggerAddress: localhost:65219}, handlesAlerts: true, hasTouchScreen: false, javascriptEnabled: true, locationContextEnabled: true, mobileEmulationEnabled: false, nativeEvents: true, networkConnectionEnabled: false, pageLoadStrategy: normal, platform: MAC, platformName: MAC, rotatable: false, setWindowRect: true, takesHeapSnapshot: true, takesScreenshot: true, unexpectedAlertBehaviour: , unhandledPromptBehavior: , version: 110.0.5481.177, webStorageEnabled: true}
Session ID: c82a362242a6dbed910d09d7d1648c3e
*** Element info: {Using=xpath, value=//div[@class='download']}

2023-03-13 15:37:04 INFO  ScreenshotListeners:41 - 
================:  verify Report Page :====================

2023-03-13 15:37:04 ERROR BrowserSetUp:156 - verifyReportPage -> FAILED due to below issues :
org.openqa.selenium.NoSuchSessionException: invalid session id
  (Driver info: chromedriver=2.43.600229 (3fae4d0cda5334b4f533bede5a4787f7b832d052),platform=Mac OS X 10.16.0 x86_64) (WARNING: The server did not provide any stacktrace information)
Command duration or timeout: 0 milliseconds
Build info: version: '3.141.59', revision: 'e82be7d358', time: '2018-11-14T08:17:03'
System info: host: 'Sigtuples-MacBook-Pro-2.local', ip: '2409:408c:be83:399c:e50c:9c6b:dd99:776%en0', os.name: 'Mac OS X', os.arch: 'x86_64', os.version: '13.1', java.version: '17.0.2'
Driver info: org.openqa.selenium.chrome.ChromeDriver
Capabilities {acceptInsecureCerts: false, acceptSslCerts: false, applicationCacheEnabled: false, browserConnectionEnabled: false, browserName: chrome, chrome: {chromedriverVersion: 2.43.600229 (3fae4d0cda5334..., userDataDir: /var/folders/1k/lnjjm94144x...}, cssSelectorsEnabled: true, databaseEnabled: false, goog:chromeOptions: {debuggerAddress: localhost:65219}, handlesAlerts: true, hasTouchScreen: false, javascriptEnabled: true, locationContextEnabled: true, mobileEmulationEnabled: false, nativeEvents: true, networkConnectionEnabled: false, pageLoadStrategy: normal, platform: MAC, platformName: MAC, rotatable: false, setWindowRect: true, takesHeapSnapshot: true, takesScreenshot: true, unexpectedAlertBehaviour: , unhandledPromptBehavior: , version: 110.0.5481.177, webStorageEnabled: true}
Session ID: c82a362242a6dbed910d09d7d1648c3e

2023-03-13 15:37:04 INFO  ScreenshotListeners:41 - 
================:  verifyflage With Colour Code :====================

2023-03-13 15:37:04 ERROR BrowserSetUp:156 - verifyflageWithColourCode -> FAILED due to below issues :
org.openqa.selenium.NoSuchSessionException: invalid session id
  (Driver info: chromedriver=2.43.600229 (3fae4d0cda5334b4f533bede5a4787f7b832d052),platform=Mac OS X 10.16.0 x86_64) (WARNING: The server did not provide any stacktrace information)
Command duration or timeout: 0 milliseconds
Build info: version: '3.141.59', revision: 'e82be7d358', time: '2018-11-14T08:17:03'
System info: host: 'Sigtuples-MacBook-Pro-2.local', ip: '2409:408c:be83:399c:e50c:9c6b:dd99:776%en0', os.name: 'Mac OS X', os.arch: 'x86_64', os.version: '13.1', java.version: '17.0.2'
Driver info: org.openqa.selenium.chrome.ChromeDriver
Capabilities {acceptInsecureCerts: false, acceptSslCerts: false, applicationCacheEnabled: false, browserConnectionEnabled: false, browserName: chrome, chrome: {chromedriverVersion: 2.43.600229 (3fae4d0cda5334..., userDataDir: /var/folders/1k/lnjjm94144x...}, cssSelectorsEnabled: true, databaseEnabled: false, goog:chromeOptions: {debuggerAddress: localhost:65219}, handlesAlerts: true, hasTouchScreen: false, javascriptEnabled: true, locationContextEnabled: true, mobileEmulationEnabled: false, nativeEvents: true, networkConnectionEnabled: false, pageLoadStrategy: normal, platform: MAC, platformName: MAC, rotatable: false, setWindowRect: true, takesHeapSnapshot: true, takesScreenshot: true, unexpectedAlertBehaviour: , unhandledPromptBehavior: , version: 110.0.5481.177, webStorageEnabled: true}
Session ID: c82a362242a6dbed910d09d7d1648c3e
*** Element info: {Using=xpath, value=//*[@id="tablecontainer"]/section/div}

2023-03-13 15:37:04 INFO  ScreenshotListeners:41 - 
================:  verify Presence Of Approve Button :====================

2023-03-13 15:37:04 ERROR BrowserSetUp:156 - verifyPresenceOfApproveButton -> FAILED due to below issues :
org.openqa.selenium.NoSuchSessionException: invalid session id
  (Driver info: chromedriver=2.43.600229 (3fae4d0cda5334b4f533bede5a4787f7b832d052),platform=Mac OS X 10.16.0 x86_64) (WARNING: The server did not provide any stacktrace information)
Command duration or timeout: 0 milliseconds
Build info: version: '3.141.59', revision: 'e82be7d358', time: '2018-11-14T08:17:03'
System info: host: 'Sigtuples-MacBook-Pro-2.local', ip: '2409:408c:be83:399c:e50c:9c6b:dd99:776%en0', os.name: 'Mac OS X', os.arch: 'x86_64', os.version: '13.1', java.version: '17.0.2'
Driver info: org.openqa.selenium.chrome.ChromeDriver
Capabilities {acceptInsecureCerts: false, acceptSslCerts: false, applicationCacheEnabled: false, browserConnectionEnabled: false, browserName: chrome, chrome: {chromedriverVersion: 2.43.600229 (3fae4d0cda5334..., userDataDir: /var/folders/1k/lnjjm94144x...}, cssSelectorsEnabled: true, databaseEnabled: false, goog:chromeOptions: {debuggerAddress: localhost:65219}, handlesAlerts: true, hasTouchScreen: false, javascriptEnabled: true, locationContextEnabled: true, mobileEmulationEnabled: false, nativeEvents: true, networkConnectionEnabled: false, pageLoadStrategy: normal, platform: MAC, platformName: MAC, rotatable: false, setWindowRect: true, takesHeapSnapshot: true, takesScreenshot: true, unexpectedAlertBehaviour: , unhandledPromptBehavior: , version: 110.0.5481.177, webStorageEnabled: true}
Session ID: c82a362242a6dbed910d09d7d1648c3e
*** Element info: {Using=xpath, value=/html/body/app-root/div/div[1]/app-report-page/div/div[1]/div[2]/div[1]/button/span}

2023-03-13 15:37:04 INFO  ScreenshotListeners:41 - 
================:  verify Presence Of Reject Button :====================

2023-03-13 15:37:04 ERROR BrowserSetUp:156 - verifyPresenceOfRejectButton -> FAILED due to below issues :
org.openqa.selenium.NoSuchSessionException: invalid session id
  (Driver info: chromedriver=2.43.600229 (3fae4d0cda5334b4f533bede5a4787f7b832d052),platform=Mac OS X 10.16.0 x86_64) (WARNING: The server did not provide any stacktrace information)
Command duration or timeout: 0 milliseconds
Build info: version: '3.141.59', revision: 'e82be7d358', time: '2018-11-14T08:17:03'
System info: host: 'Sigtuples-MacBook-Pro-2.local', ip: '2409:408c:be83:399c:e50c:9c6b:dd99:776%en0', os.name: 'Mac OS X', os.arch: 'x86_64', os.version: '13.1', java.version: '17.0.2'
Driver info: org.openqa.selenium.chrome.ChromeDriver
Capabilities {acceptInsecureCerts: false, acceptSslCerts: false, applicationCacheEnabled: false, browserConnectionEnabled: false, browserName: chrome, chrome: {chromedriverVersion: 2.43.600229 (3fae4d0cda5334..., userDataDir: /var/folders/1k/lnjjm94144x...}, cssSelectorsEnabled: true, databaseEnabled: false, goog:chromeOptions: {debuggerAddress: localhost:65219}, handlesAlerts: true, hasTouchScreen: false, javascriptEnabled: true, locationContextEnabled: true, mobileEmulationEnabled: false, nativeEvents: true, networkConnectionEnabled: false, pageLoadStrategy: normal, platform: MAC, platformName: MAC, rotatable: false, setWindowRect: true, takesHeapSnapshot: true, takesScreenshot: true, unexpectedAlertBehaviour: , unhandledPromptBehavior: , version: 110.0.5481.177, webStorageEnabled: true}
Session ID: c82a362242a6dbed910d09d7d1648c3e
*** Element info: {Using=xpath, value=/html/body/app-root/div/div[1]/app-report-page/div/div[1]/div[2]/div[2]/button/span}

2023-03-13 15:37:04 INFO  ScreenshotListeners:41 - 
================:  verify Presence Of Detected And Nondetected Note :====================

2023-03-13 15:37:04 ERROR BrowserSetUp:156 - verifyPresenceOfDetectedAndNondetectedNote -> FAILED due to below issues :
org.openqa.selenium.NoSuchSessionException: invalid session id
  (Driver info: chromedriver=2.43.600229 (3fae4d0cda5334b4f533bede5a4787f7b832d052),platform=Mac OS X 10.16.0 x86_64) (WARNING: The server did not provide any stacktrace information)
Command duration or timeout: 0 milliseconds
Build info: version: '3.141.59', revision: 'e82be7d358', time: '2018-11-14T08:17:03'
System info: host: 'Sigtuples-MacBook-Pro-2.local', ip: '2409:408c:be83:399c:e50c:9c6b:dd99:776%en0', os.name: 'Mac OS X', os.arch: 'x86_64', os.version: '13.1', java.version: '17.0.2'
Driver info: org.openqa.selenium.chrome.ChromeDriver
Capabilities {acceptInsecureCerts: false, acceptSslCerts: false, applicationCacheEnabled: false, browserConnectionEnabled: false, browserName: chrome, chrome: {chromedriverVersion: 2.43.600229 (3fae4d0cda5334..., userDataDir: /var/folders/1k/lnjjm94144x...}, cssSelectorsEnabled: true, databaseEnabled: false, goog:chromeOptions: {debuggerAddress: localhost:65219}, handlesAlerts: true, hasTouchScreen: false, javascriptEnabled: true, locationContextEnabled: true, mobileEmulationEnabled: false, nativeEvents: true, networkConnectionEnabled: false, pageLoadStrategy: normal, platform: MAC, platformName: MAC, rotatable: false, setWindowRect: true, takesHeapSnapshot: true, takesScreenshot: true, unexpectedAlertBehaviour: , unhandledPromptBehavior: , version: 110.0.5481.177, webStorageEnabled: true}
Session ID: c82a362242a6dbed910d09d7d1648c3e
*** Element info: {Using=xpath, value=//*[@id="tablecontainer"]/div[2]/div}

2023-03-13 15:37:04 INFO  ScreenshotListeners:41 - 
================:  verify Presence Of Edit Button :====================

2023-03-13 15:37:04 ERROR BrowserSetUp:156 - verifyPresenceOfEditButton -> FAILED due to below issues :
org.openqa.selenium.NoSuchSessionException: invalid session id
  (Driver info: chromedriver=2.43.600229 (3fae4d0cda5334b4f533bede5a4787f7b832d052),platform=Mac OS X 10.16.0 x86_64) (WARNING: The server did not provide any stacktrace information)
Command duration or timeout: 0 milliseconds
Build info: version: '3.141.59', revision: 'e82be7d358', time: '2018-11-14T08:17:03'
System info: host: 'Sigtuples-MacBook-Pro-2.local', ip: '2409:408c:be83:399c:e50c:9c6b:dd99:776%en0', os.name: 'Mac OS X', os.arch: 'x86_64', os.version: '13.1', java.version: '17.0.2'
Driver info: org.openqa.selenium.chrome.ChromeDriver
Capabilities {acceptInsecureCerts: false, acceptSslCerts: false, applicationCacheEnabled: false, browserConnectionEnabled: false, browserName: chrome, chrome: {chromedriverVersion: 2.43.600229 (3fae4d0cda5334..., userDataDir: /var/folders/1k/lnjjm94144x...}, cssSelectorsEnabled: true, databaseEnabled: false, goog:chromeOptions: {debuggerAddress: localhost:65219}, handlesAlerts: true, hasTouchScreen: false, javascriptEnabled: true, locationContextEnabled: true, mobileEmulationEnabled: false, nativeEvents: true, networkConnectionEnabled: false, pageLoadStrategy: normal, platform: MAC, platformName: MAC, rotatable: false, setWindowRect: true, takesHeapSnapshot: true, takesScreenshot: true, unexpectedAlertBehaviour: , unhandledPromptBehavior: , version: 110.0.5481.177, webStorageEnabled: true}
Session ID: c82a362242a6dbed910d09d7d1648c3e
*** Element info: {Using=xpath, value=//*[@id="tablecontainer"]/div[1]/div[2]}

2023-03-13 15:37:04 INFO  ScreenshotListeners:41 - 
================:  verify Exand Thepatch :====================

2023-03-13 15:37:04 ERROR BrowserSetUp:156 - verifyExandThepatch -> FAILED due to below issues :
org.openqa.selenium.NoSuchSessionException: invalid session id
  (Driver info: chromedriver=2.43.600229 (3fae4d0cda5334b4f533bede5a4787f7b832d052),platform=Mac OS X 10.16.0 x86_64) (WARNING: The server did not provide any stacktrace information)
Command duration or timeout: 0 milliseconds
Build info: version: '3.141.59', revision: 'e82be7d358', time: '2018-11-14T08:17:03'
System info: host: 'Sigtuples-MacBook-Pro-2.local', ip: '2409:408c:be83:399c:e50c:9c6b:dd99:776%en0', os.name: 'Mac OS X', os.arch: 'x86_64', os.version: '13.1', java.version: '17.0.2'
Driver info: org.openqa.selenium.chrome.ChromeDriver
Capabilities {acceptInsecureCerts: false, acceptSslCerts: false, applicationCacheEnabled: false, browserConnectionEnabled: false, browserName: chrome, chrome: {chromedriverVersion: 2.43.600229 (3fae4d0cda5334..., userDataDir: /var/folders/1k/lnjjm94144x...}, cssSelectorsEnabled: true, databaseEnabled: false, goog:chromeOptions: {debuggerAddress: localhost:65219}, handlesAlerts: true, hasTouchScreen: false, javascriptEnabled: true, locationContextEnabled: true, mobileEmulationEnabled: false, nativeEvents: true, networkConnectionEnabled: false, pageLoadStrategy: normal, platform: MAC, platformName: MAC, rotatable: false, setWindowRect: true, takesHeapSnapshot: true, takesScreenshot: true, unexpectedAlertBehaviour: , unhandledPromptBehavior: , version: 110.0.5481.177, webStorageEnabled: true}
Session ID: c82a362242a6dbed910d09d7d1648c3e
*** Element info: {Using=xpath, value=//app-report-table-patches/div/div[2]/div[1]/div[1]/box/img}

2023-03-13 15:37:04 INFO  ScreenshotListeners:41 - 
================:  verify Cell Names In Fullpatch View :====================

2023-03-13 15:37:07 ERROR BrowserSetUp:156 - verifyCellNamesInFullpatchView -> FAILED due to below issues :
org.openqa.selenium.NoSuchSessionException: invalid session id
  (Driver info: chromedriver=2.43.600229 (3fae4d0cda5334b4f533bede5a4787f7b832d052),platform=Mac OS X 10.16.0 x86_64) (WARNING: The server did not provide any stacktrace information)
Command duration or timeout: 0 milliseconds
Build info: version: '3.141.59', revision: 'e82be7d358', time: '2018-11-14T08:17:03'
System info: host: 'Sigtuples-MacBook-Pro-2.local', ip: '2409:408c:be83:399c:e50c:9c6b:dd99:776%en0', os.name: 'Mac OS X', os.arch: 'x86_64', os.version: '13.1', java.version: '17.0.2'
Driver info: org.openqa.selenium.chrome.ChromeDriver
Capabilities {acceptInsecureCerts: false, acceptSslCerts: false, applicationCacheEnabled: false, browserConnectionEnabled: false, browserName: chrome, chrome: {chromedriverVersion: 2.43.600229 (3fae4d0cda5334..., userDataDir: /var/folders/1k/lnjjm94144x...}, cssSelectorsEnabled: true, databaseEnabled: false, goog:chromeOptions: {debuggerAddress: localhost:65219}, handlesAlerts: true, hasTouchScreen: false, javascriptEnabled: true, locationContextEnabled: true, mobileEmulationEnabled: false, nativeEvents: true, networkConnectionEnabled: false, pageLoadStrategy: normal, platform: MAC, platformName: MAC, rotatable: false, setWindowRect: true, takesHeapSnapshot: true, takesScreenshot: true, unexpectedAlertBehaviour: , unhandledPromptBehavior: , version: 110.0.5481.177, webStorageEnabled: true}
Session ID: c82a362242a6dbed910d09d7d1648c3e
*** Element info: {Using=xpath, value=//*[@id="label-container"]/div[2]/section/mat-list/mat-list-item/div/div/span[1]/span}

2023-03-13 15:37:07 INFO  ScreenshotListeners:41 - 
================:  verify Presence And Functionalality Of Upand Down Arrow :====================

2023-03-13 15:37:07 ERROR BrowserSetUp:156 - verifyPresenceAndFunctionalalityOfUpandDownArrow -> FAILED due to below issues :
org.openqa.selenium.NoSuchSessionException: invalid session id
  (Driver info: chromedriver=2.43.600229 (3fae4d0cda5334b4f533bede5a4787f7b832d052),platform=Mac OS X 10.16.0 x86_64) (WARNING: The server did not provide any stacktrace information)
Command duration or timeout: 0 milliseconds
Build info: version: '3.141.59', revision: 'e82be7d358', time: '2018-11-14T08:17:03'
System info: host: 'Sigtuples-MacBook-Pro-2.local', ip: '2409:408c:be83:399c:e50c:9c6b:dd99:776%en0', os.name: 'Mac OS X', os.arch: 'x86_64', os.version: '13.1', java.version: '17.0.2'
Driver info: org.openqa.selenium.chrome.ChromeDriver
Capabilities {acceptInsecureCerts: false, acceptSslCerts: false, applicationCacheEnabled: false, browserConnectionEnabled: false, browserName: chrome, chrome: {chromedriverVersion: 2.43.600229 (3fae4d0cda5334..., userDataDir: /var/folders/1k/lnjjm94144x...}, cssSelectorsEnabled: true, databaseEnabled: false, goog:chromeOptions: {debuggerAddress: localhost:65219}, handlesAlerts: true, hasTouchScreen: false, javascriptEnabled: true, locationContextEnabled: true, mobileEmulationEnabled: false, nativeEvents: true, networkConnectionEnabled: false, pageLoadStrategy: normal, platform: MAC, platformName: MAC, rotatable: false, setWindowRect: true, takesHeapSnapshot: true, takesScreenshot: true, unexpectedAlertBehaviour: , unhandledPromptBehavior: , version: 110.0.5481.177, webStorageEnabled: true}
Session ID: c82a362242a6dbed910d09d7d1648c3e
*** Element info: {Using=xpath, value=//i[contains(text(),'keyboard_arrow_down')]}

2023-03-13 15:37:07 INFO  ScreenshotListeners:41 - 
================:  vrify Fuctionality Of Zoom Inbutton :====================

2023-03-13 15:37:07 ERROR BrowserSetUp:156 - vrifyFuctionalityOfZoomInbutton -> FAILED due to below issues :
org.openqa.selenium.NoSuchSessionException: invalid session id
  (Driver info: chromedriver=2.43.600229 (3fae4d0cda5334b4f533bede5a4787f7b832d052),platform=Mac OS X 10.16.0 x86_64) (WARNING: The server did not provide any stacktrace information)
Command duration or timeout: 0 milliseconds
Build info: version: '3.141.59', revision: 'e82be7d358', time: '2018-11-14T08:17:03'
System info: host: 'Sigtuples-MacBook-Pro-2.local', ip: '2409:408c:be83:399c:e50c:9c6b:dd99:776%en0', os.name: 'Mac OS X', os.arch: 'x86_64', os.version: '13.1', java.version: '17.0.2'
Driver info: org.openqa.selenium.chrome.ChromeDriver
Capabilities {acceptInsecureCerts: false, acceptSslCerts: false, applicationCacheEnabled: false, browserConnectionEnabled: false, browserName: chrome, chrome: {chromedriverVersion: 2.43.600229 (3fae4d0cda5334..., userDataDir: /var/folders/1k/lnjjm94144x...}, cssSelectorsEnabled: true, databaseEnabled: false, goog:chromeOptions: {debuggerAddress: localhost:65219}, handlesAlerts: true, hasTouchScreen: false, javascriptEnabled: true, locationContextEnabled: true, mobileEmulationEnabled: false, nativeEvents: true, networkConnectionEnabled: false, pageLoadStrategy: normal, platform: MAC, platformName: MAC, rotatable: false, setWindowRect: true, takesHeapSnapshot: true, takesScreenshot: true, unexpectedAlertBehaviour: , unhandledPromptBehavior: , version: 110.0.5481.177, webStorageEnabled: true}
Session ID: c82a362242a6dbed910d09d7d1648c3e
*** Element info: {Using=xpath, value=//i[@title='Zoom in']}

2023-03-13 15:37:07 INFO  ScreenshotListeners:41 - 
================:  vrify Fuctionality Of Zoom Outbutton :====================

2023-03-13 15:37:07 ERROR BrowserSetUp:156 - vrifyFuctionalityOfZoomOutbutton -> FAILED due to below issues :
org.openqa.selenium.NoSuchSessionException: invalid session id
  (Driver info: chromedriver=2.43.600229 (3fae4d0cda5334b4f533bede5a4787f7b832d052),platform=Mac OS X 10.16.0 x86_64) (WARNING: The server did not provide any stacktrace information)
Command duration or timeout: 0 milliseconds
Build info: version: '3.141.59', revision: 'e82be7d358', time: '2018-11-14T08:17:03'
System info: host: 'Sigtuples-MacBook-Pro-2.local', ip: '2409:408c:be83:399c:e50c:9c6b:dd99:776%en0', os.name: 'Mac OS X', os.arch: 'x86_64', os.version: '13.1', java.version: '17.0.2'
Driver info: org.openqa.selenium.chrome.ChromeDriver
Capabilities {acceptInsecureCerts: false, acceptSslCerts: false, applicationCacheEnabled: false, browserConnectionEnabled: false, browserName: chrome, chrome: {chromedriverVersion: 2.43.600229 (3fae4d0cda5334..., userDataDir: /var/folders/1k/lnjjm94144x...}, cssSelectorsEnabled: true, databaseEnabled: false, goog:chromeOptions: {debuggerAddress: localhost:65219}, handlesAlerts: true, hasTouchScreen: false, javascriptEnabled: true, locationContextEnabled: true, mobileEmulationEnabled: false, nativeEvents: true, networkConnectionEnabled: false, pageLoadStrategy: normal, platform: MAC, platformName: MAC, rotatable: false, setWindowRect: true, takesHeapSnapshot: true, takesScreenshot: true, unexpectedAlertBehaviour: , unhandledPromptBehavior: , version: 110.0.5481.177, webStorageEnabled: true}
Session ID: c82a362242a6dbed910d09d7d1648c3e
*** Element info: {Using=xpath, value=//i[@title='Zoom out']}

2023-03-13 15:37:07 INFO  ScreenshotListeners:41 - 
================:  verify Reset Button Fuctionality :====================

2023-03-13 15:37:07 ERROR BrowserSetUp:156 - verifyResetButtonFuctionality -> FAILED due to below issues :
org.openqa.selenium.NoSuchSessionException: invalid session id
  (Driver info: chromedriver=2.43.600229 (3fae4d0cda5334b4f533bede5a4787f7b832d052),platform=Mac OS X 10.16.0 x86_64) (WARNING: The server did not provide any stacktrace information)
Command duration or timeout: 0 milliseconds
Build info: version: '3.141.59', revision: 'e82be7d358', time: '2018-11-14T08:17:03'
System info: host: 'Sigtuples-MacBook-Pro-2.local', ip: '2409:408c:be83:399c:e50c:9c6b:dd99:776%en0', os.name: 'Mac OS X', os.arch: 'x86_64', os.version: '13.1', java.version: '17.0.2'
Driver info: org.openqa.selenium.chrome.ChromeDriver
Capabilities {acceptInsecureCerts: false, acceptSslCerts: false, applicationCacheEnabled: false, browserConnectionEnabled: false, browserName: chrome, chrome: {chromedriverVersion: 2.43.600229 (3fae4d0cda5334..., userDataDir: /var/folders/1k/lnjjm94144x...}, cssSelectorsEnabled: true, databaseEnabled: false, goog:chromeOptions: {debuggerAddress: localhost:65219}, handlesAlerts: true, hasTouchScreen: false, javascriptEnabled: true, locationContextEnabled: true, mobileEmulationEnabled: false, nativeEvents: true, networkConnectionEnabled: false, pageLoadStrategy: normal, platform: MAC, platformName: MAC, rotatable: false, setWindowRect: true, takesHeapSnapshot: true, takesScreenshot: true, unexpectedAlertBehaviour: , unhandledPromptBehavior: , version: 110.0.5481.177, webStorageEnabled: true}
Session ID: c82a362242a6dbed910d09d7d1648c3e
*** Element info: {Using=xpath, value=//i[@title='Zoom in']}

2023-03-13 15:37:07 INFO  ScreenshotListeners:41 - 
================:  verify Option Present Inthe Drop Down :====================

2023-03-13 15:37:07 ERROR BrowserSetUp:156 - verifyOptionPresentIntheDropDown -> FAILED due to below issues :
org.openqa.selenium.NoSuchSessionException: invalid session id
  (Driver info: chromedriver=2.43.600229 (3fae4d0cda5334b4f533bede5a4787f7b832d052),platform=Mac OS X 10.16.0 x86_64) (WARNING: The server did not provide any stacktrace information)
Command duration or timeout: 0 milliseconds
Build info: version: '3.141.59', revision: 'e82be7d358', time: '2018-11-14T08:17:03'
System info: host: 'Sigtuples-MacBook-Pro-2.local', ip: '2409:408c:be83:399c:e50c:9c6b:dd99:776%en0', os.name: 'Mac OS X', os.arch: 'x86_64', os.version: '13.1', java.version: '17.0.2'
Driver info: org.openqa.selenium.chrome.ChromeDriver
Capabilities {acceptInsecureCerts: false, acceptSslCerts: false, applicationCacheEnabled: false, browserConnectionEnabled: false, browserName: chrome, chrome: {chromedriverVersion: 2.43.600229 (3fae4d0cda5334..., userDataDir: /var/folders/1k/lnjjm94144x...}, cssSelectorsEnabled: true, databaseEnabled: false, goog:chromeOptions: {debuggerAddress: localhost:65219}, handlesAlerts: true, hasTouchScreen: false, javascriptEnabled: true, locationContextEnabled: true, mobileEmulationEnabled: false, nativeEvents: true, networkConnectionEnabled: false, pageLoadStrategy: normal, platform: MAC, platformName: MAC, rotatable: false, setWindowRect: true, takesHeapSnapshot: true, takesScreenshot: true, unexpectedAlertBehaviour: , unhandledPromptBehavior: , version: 110.0.5481.177, webStorageEnabled: true}
Session ID: c82a362242a6dbed910d09d7d1648c3e
*** Element info: {Using=xpath, value=//app-fov-canvas-view/div/div[2]/div/div[2]/app-canvas/div/div/button/span/span}

2023-03-13 15:37:07 INFO  ScreenshotListeners:41 - 
================:  Selection Of100xoption :====================

2023-03-13 15:37:07 ERROR BrowserSetUp:156 - SelectionOf100xoption -> FAILED due to below issues :
org.openqa.selenium.NoSuchSessionException: invalid session id
  (Driver info: chromedriver=2.43.600229 (3fae4d0cda5334b4f533bede5a4787f7b832d052),platform=Mac OS X 10.16.0 x86_64) (WARNING: The server did not provide any stacktrace information)
Command duration or timeout: 0 milliseconds
Build info: version: '3.141.59', revision: 'e82be7d358', time: '2018-11-14T08:17:03'
System info: host: 'Sigtuples-MacBook-Pro-2.local', ip: '2409:408c:be83:399c:e50c:9c6b:dd99:776%en0', os.name: 'Mac OS X', os.arch: 'x86_64', os.version: '13.1', java.version: '17.0.2'
Driver info: org.openqa.selenium.chrome.ChromeDriver
Capabilities {acceptInsecureCerts: false, acceptSslCerts: false, applicationCacheEnabled: false, browserConnectionEnabled: false, browserName: chrome, chrome: {chromedriverVersion: 2.43.600229 (3fae4d0cda5334..., userDataDir: /var/folders/1k/lnjjm94144x...}, cssSelectorsEnabled: true, databaseEnabled: false, goog:chromeOptions: {debuggerAddress: localhost:65219}, handlesAlerts: true, hasTouchScreen: false, javascriptEnabled: true, locationContextEnabled: true, mobileEmulationEnabled: false, nativeEvents: true, networkConnectionEnabled: false, pageLoadStrategy: normal, platform: MAC, platformName: MAC, rotatable: false, setWindowRect: true, takesHeapSnapshot: true, takesScreenshot: true, unexpectedAlertBehaviour: , unhandledPromptBehavior: , version: 110.0.5481.177, webStorageEnabled: true}
Session ID: c82a362242a6dbed910d09d7d1648c3e
*** Element info: {Using=xpath, value=/html/body/div[1]/div[4]/div/div/div/button[2]}

2023-03-13 15:37:07 INFO  ScreenshotListeners:41 - 
================:  selection Of40x Option :====================

2023-03-13 15:52:16 ERROR BrowserSetUp:156 - selectionOf40xOption -> FAILED due to below issues :
org.openqa.selenium.NoSuchSessionException: invalid session id
  (Driver info: chromedriver=2.43.600229 (3fae4d0cda5334b4f533bede5a4787f7b832d052),platform=Mac OS X 10.16.0 x86_64) (WARNING: The server did not provide any stacktrace information)
Command duration or timeout: 0 milliseconds
Build info: version: '3.141.59', revision: 'e82be7d358', time: '2018-11-14T08:17:03'
System info: host: 'Sigtuples-MacBook-Pro-2.local', ip: '2409:408c:be83:399c:e50c:9c6b:dd99:776%en0', os.name: 'Mac OS X', os.arch: 'x86_64', os.version: '13.1', java.version: '17.0.2'
Driver info: org.openqa.selenium.chrome.ChromeDriver
Capabilities {acceptInsecureCerts: false, acceptSslCerts: false, applicationCacheEnabled: false, browserConnectionEnabled: false, browserName: chrome, chrome: {chromedriverVersion: 2.43.600229 (3fae4d0cda5334..., userDataDir: /var/folders/1k/lnjjm94144x...}, cssSelectorsEnabled: true, databaseEnabled: false, goog:chromeOptions: {debuggerAddress: localhost:65219}, handlesAlerts: true, hasTouchScreen: false, javascriptEnabled: true, locationContextEnabled: true, mobileEmulationEnabled: false, nativeEvents: true, networkConnectionEnabled: false, pageLoadStrategy: normal, platform: MAC, platformName: MAC, rotatable: false, setWindowRect: true, takesHeapSnapshot: true, takesScreenshot: true, unexpectedAlertBehaviour: , unhandledPromptBehavior: , version: 110.0.5481.177, webStorageEnabled: true}
Session ID: c82a362242a6dbed910d09d7d1648c3e
*** Element info: {Using=xpath, value=//app-fov-canvas-view/div/div[2]/div/div[2]/app-canvas/div/div/button/span/span}

2023-03-13 15:52:16 INFO  ScreenshotListeners:41 - 
================:  verify Roll Over Image Note :====================

2023-03-13 15:52:16 ERROR BrowserSetUp:156 - verifyRollOverImageNote -> FAILED due to below issues :
org.openqa.selenium.NoSuchSessionException: invalid session id
  (Driver info: chromedriver=2.43.600229 (3fae4d0cda5334b4f533bede5a4787f7b832d052),platform=Mac OS X 10.16.0 x86_64) (WARNING: The server did not provide any stacktrace information)
Command duration or timeout: 0 milliseconds
Build info: version: '3.141.59', revision: 'e82be7d358', time: '2018-11-14T08:17:03'
System info: host: 'Sigtuples-MacBook-Pro-2.local', ip: '2409:408c:be83:399c:e50c:9c6b:dd99:776%en0', os.name: 'Mac OS X', os.arch: 'x86_64', os.version: '13.1', java.version: '17.0.2'
Driver info: org.openqa.selenium.chrome.ChromeDriver
Capabilities {acceptInsecureCerts: false, acceptSslCerts: false, applicationCacheEnabled: false, browserConnectionEnabled: false, browserName: chrome, chrome: {chromedriverVersion: 2.43.600229 (3fae4d0cda5334..., userDataDir: /var/folders/1k/lnjjm94144x...}, cssSelectorsEnabled: true, databaseEnabled: false, goog:chromeOptions: {debuggerAddress: localhost:65219}, handlesAlerts: true, hasTouchScreen: false, javascriptEnabled: true, locationContextEnabled: true, mobileEmulationEnabled: false, nativeEvents: true, networkConnectionEnabled: false, pageLoadStrategy: normal, platform: MAC, platformName: MAC, rotatable: false, setWindowRect: true, takesHeapSnapshot: true, takesScreenshot: true, unexpectedAlertBehaviour: , unhandledPromptBehavior: , version: 110.0.5481.177, webStorageEnabled: true}
Session ID: c82a362242a6dbed910d09d7d1648c3e
*** Element info: {Using=xpath, value=//span[contains(text(),'Roll over image to Zoom')]}

2023-03-13 15:52:16 INFO  ScreenshotListeners:41 - 
================:  verify Default Check Boxselection :====================

2023-03-13 15:52:16 ERROR BrowserSetUp:156 - verifyDefaultCheckBoxselection -> FAILED due to below issues :
org.openqa.selenium.NoSuchSessionException: invalid session id
  (Driver info: chromedriver=2.43.600229 (3fae4d0cda5334b4f533bede5a4787f7b832d052),platform=Mac OS X 10.16.0 x86_64) (WARNING: The server did not provide any stacktrace information)
Command duration or timeout: 0 milliseconds
Build info: version: '3.141.59', revision: 'e82be7d358', time: '2018-11-14T08:17:03'
System info: host: 'Sigtuples-MacBook-Pro-2.local', ip: '2409:408c:be83:399c:e50c:9c6b:dd99:776%en0', os.name: 'Mac OS X', os.arch: 'x86_64', os.version: '13.1', java.version: '17.0.2'
Driver info: org.openqa.selenium.chrome.ChromeDriver
Capabilities {acceptInsecureCerts: false, acceptSslCerts: false, applicationCacheEnabled: false, browserConnectionEnabled: false, browserName: chrome, chrome: {chromedriverVersion: 2.43.600229 (3fae4d0cda5334..., userDataDir: /var/folders/1k/lnjjm94144x...}, cssSelectorsEnabled: true, databaseEnabled: false, goog:chromeOptions: {debuggerAddress: localhost:65219}, handlesAlerts: true, hasTouchScreen: false, javascriptEnabled: true, locationContextEnabled: true, mobileEmulationEnabled: false, nativeEvents: true, networkConnectionEnabled: false, pageLoadStrategy: normal, platform: MAC, platformName: MAC, rotatable: false, setWindowRect: true, takesHeapSnapshot: true, takesScreenshot: true, unexpectedAlertBehaviour: , unhandledPromptBehavior: , version: 110.0.5481.177, webStorageEnabled: true}
Session ID: c82a362242a6dbed910d09d7d1648c3e
*** Element info: {Using=xpath, value=//app-fov-canvas-view/div/div[2]/div/div[1]/span/mat-checkbox/label/div/input}

2023-03-13 15:52:16 INFO  ScreenshotListeners:41 - 
================:  verify Cloasing Of Full Patch :====================

2023-03-13 15:52:16 ERROR BrowserSetUp:156 - verifyCloasingOfFullPatch -> FAILED due to below issues :
org.openqa.selenium.NoSuchSessionException: invalid session id
  (Driver info: chromedriver=2.43.600229 (3fae4d0cda5334b4f533bede5a4787f7b832d052),platform=Mac OS X 10.16.0 x86_64) (WARNING: The server did not provide any stacktrace information)
Command duration or timeout: 0 milliseconds
Build info: version: '3.141.59', revision: 'e82be7d358', time: '2018-11-14T08:17:03'
System info: host: 'Sigtuples-MacBook-Pro-2.local', ip: '2409:408c:be83:399c:e50c:9c6b:dd99:776%en0', os.name: 'Mac OS X', os.arch: 'x86_64', os.version: '13.1', java.version: '17.0.2'
Driver info: org.openqa.selenium.chrome.ChromeDriver
Capabilities {acceptInsecureCerts: false, acceptSslCerts: false, applicationCacheEnabled: false, browserConnectionEnabled: false, browserName: chrome, chrome: {chromedriverVersion: 2.43.600229 (3fae4d0cda5334..., userDataDir: /var/folders/1k/lnjjm94144x...}, cssSelectorsEnabled: true, databaseEnabled: false, goog:chromeOptions: {debuggerAddress: localhost:65219}, handlesAlerts: true, hasTouchScreen: false, javascriptEnabled: true, locationContextEnabled: true, mobileEmulationEnabled: false, nativeEvents: true, networkConnectionEnabled: false, pageLoadStrategy: normal, platform: MAC, platformName: MAC, rotatable: false, setWindowRect: true, takesHeapSnapshot: true, takesScreenshot: true, unexpectedAlertBehaviour: , unhandledPromptBehavior: , version: 110.0.5481.177, webStorageEnabled: true}
Session ID: c82a362242a6dbed910d09d7d1648c3e
*** Element info: {Using=xpath, value=//i[contains(text(),'close')]}

