2023-02-22 15:40:05 INFO  ScreenshotListeners:41 - 
================:  verify Sig Tuple Tittle :====================

2023-02-22 15:40:07 INFO  LoginTest:46 - Sigtuple title is successfully verified
2023-02-22 15:40:07 INFO  ScreenshotListeners:41 - 
================:  verify Mandara App Load :====================

2023-02-22 15:40:07 INFO  Login:45 - mandara app is loaded
2023-02-22 15:40:07 INFO  LoginTest:55 - Mandara App is loaded successfully in UI
2023-02-22 15:40:07 INFO  ScreenshotListeners:41 - 
================:  visibility Of Sigtuple Logo :====================

2023-02-22 15:40:07 INFO  Login:55 - sigtuple logo is loaded
2023-02-22 15:40:07 INFO  LoginTest:62 - Sigtuple icon visible
2023-02-22 15:40:07 INFO  ScreenshotListeners:41 - 
================:  visibility Of Login Container :====================

2023-02-22 15:40:07 INFO  Login:65 - login container is loaded
2023-02-22 15:40:07 INFO  LoginTest:69 - Login container is visible
2023-02-22 15:40:07 INFO  ScreenshotListeners:41 - 
================:  visibility Of User Name Field :====================

2023-02-22 15:40:07 INFO  Login:76 - user name field is displayed
2023-02-22 15:40:07 INFO  LoginTest:76 - verifyVisibilityOfUserNameField
2023-02-22 15:40:07 INFO  ScreenshotListeners:41 - 
================:  visibility Of Pass Name Field :====================

2023-02-22 15:40:07 INFO  Login:88 - user name field is displayed
2023-02-22 15:40:07 INFO  LoginTest:83 - verifyVisibilityOfPassNameField
2023-02-22 15:40:07 INFO  ScreenshotListeners:41 - 
================:  visibility Of Login Button :====================

2023-02-22 15:40:07 INFO  Login:100 - Login buttin is visible
2023-02-22 15:40:07 INFO  LoginTest:90 - visibilityOfLoginButton
2023-02-22 15:40:07 INFO  ScreenshotListeners:41 - 
================:  enability Of Login Button :====================

2023-02-22 15:40:07 INFO  Login:112 - Login buttin is disabled
2023-02-22 15:40:07 INFO  LoginTest:97 - enabilityOfLoginButton
2023-02-22 15:40:07 INFO  ScreenshotListeners:41 - 
================:  verify User Name Alerttest :====================

2023-02-22 15:40:08 INFO  Login:131 - user name alert Msg :Please enter your user name
2023-02-22 15:40:08 INFO  LoginTest:104 - Alert message for Username field verified
2023-02-22 15:40:08 INFO  ScreenshotListeners:41 - 
================:  verify Password Alerttest :====================

2023-02-22 15:40:09 INFO  Login:146 - password field alert Msg :Please enter your password
2023-02-22 15:40:09 INFO  LoginTest:111 - Alert message for Password field verified
2023-02-22 15:40:09 INFO  ScreenshotListeners:41 - 
================:  visibility Of Forgot Password Button :====================

2023-02-22 15:40:09 INFO  Login:156 - forgot pass button is displayed
2023-02-22 15:40:09 INFO  LoginTest:119 - visibilityOfForgotPasswordButton
2023-02-22 15:40:09 INFO  ScreenshotListeners:41 - 
================:  click On Forgot Password Button :====================

2023-02-22 15:40:10 INFO  Login:168 - clicked on forgot pass button
2023-02-22 15:40:10 INFO  LoginTest:127 - clickOnForgotPasswordButton
2023-02-22 15:40:10 INFO  ScreenshotListeners:41 - 
================:  verify Forgot Password Page Loaded :====================

2023-02-22 15:40:10 INFO  Login:179 - forgot password page loaded
2023-02-22 15:40:10 INFO  LoginTest:135 - verifyForgotPasswordPageLoaded
2023-02-22 15:40:10 INFO  ScreenshotListeners:41 - 
================:  visibility Of Email I D Field :====================

2023-02-22 15:40:10 INFO  Login:191 - Email field is displayed
2023-02-22 15:40:10 INFO  LoginTest:142 - visibilityOfForgotPasswordButton
2023-02-22 15:40:10 INFO  ScreenshotListeners:41 - 
================:  visibility Of Back To Login Button :====================

2023-02-22 15:40:10 INFO  Login:202 - back to login button is displayed
2023-02-22 15:40:10 INFO  LoginTest:149 - visibilityOfBackToLoginButton
2023-02-22 15:40:10 INFO  ScreenshotListeners:41 - 
================:  visibility Of Reser Password Button :====================

2023-02-22 15:40:10 INFO  Login:213 - password reset button is displayed and disabled
2023-02-22 15:40:10 INFO  LoginTest:156 - visibilityOfReserPasswordButton
2023-02-22 15:40:10 INFO  ScreenshotListeners:41 - 
================:  enability Of Reser Password Button :====================

2023-02-22 15:40:10 INFO  Login:225 - reset buttin is disabled
2023-02-22 15:40:10 INFO  LoginTest:163 - enabilityOfReserPasswordButton
2023-02-22 15:40:10 INFO  ScreenshotListeners:41 - 
================:  verify Email Field Alert Test :====================

2023-02-22 15:40:10 INFO  Login:244 - Email field alert Msg :Please enter valid email id
2023-02-22 15:40:10 INFO  LoginTest:170 - Alert message for Email field verified
2023-02-22 15:40:10 INFO  ScreenshotListeners:41 - 
================:  verify Alertfor Not An Emailid :====================

2023-02-22 15:40:10 INFO  Login:263 - entered text is not an email ID
2023-02-22 15:40:10 INFO  Login:265 - Email field alert Msg :Please enter valid email id
2023-02-22 15:40:10 INFO  LoginTest:177 - verifyAlertforInvalideEmail
2023-02-22 15:40:10 INFO  ScreenshotListeners:41 - 
================:  verify Alertfor Invalide Email :====================

2023-02-22 15:40:11 INFO  Login:284 - entered text is an email ID
2023-02-22 15:40:12 INFO  LoginTest:185 - verifyAlertforInvalideEmail
2023-02-22 15:40:12 INFO  ScreenshotListeners:41 - 
================:  verify Alertfor Valide Email :====================

2023-02-22 15:40:18 INFO  Login:310 - entered text is an email ID
2023-02-22 15:40:19 INFO  LoginTest:193 - verifyAlertforValideEmail
2023-02-22 15:40:19 INFO  ScreenshotListeners:41 - 
================:  clickon Back To Login :====================

2023-02-22 15:40:19 INFO  Login:329 - back to login button clicked
2023-02-22 15:40:20 INFO  LoginTest:200 - On clicking 'Back to Login' button, the user navigates to the login form window
2023-02-22 15:40:20 INFO  ScreenshotListeners:41 - 
================:  visibility Of Login Container1 :====================

2023-02-22 15:40:20 INFO  Login:65 - login container is loaded
2023-02-22 15:40:20 INFO  LoginTest:208 - Login container is visible
2023-02-22 15:40:20 INFO  ScreenshotListeners:41 - 
================:  verify Valid Login :====================

2023-02-22 15:40:20 INFO  Login:403 - clicked on login button
2023-02-22 15:40:20 INFO  LoginTest:268 - login Done successfully
2023-02-22 15:40:20 INFO  ScreenshotListeners:41 - 
================:  visibility Mandara Home Page :====================

2023-02-22 15:40:27 INFO  Login:415 - Mandara home page is loaded
2023-02-22 15:40:27 INFO  LoginTest:280 - Mandara home page is Loaded
2023-02-22 15:40:27 INFO  ScreenshotListeners:41 - 
================:  clickon List Report Test :====================

2023-02-22 15:40:28 INFO  ListReportTest:49 - Clicked on List Report Successfully to load
2023-02-22 15:40:28 INFO  ScreenshotListeners:41 - 
================:  visibility Of Version Card :====================

2023-02-22 15:40:28 INFO  ListReportTest:58 - about app is opened
2023-02-22 15:40:28 INFO  ScreenshotListeners:41 - 
================:  visibility Of Plateform Version :====================

2023-02-22 15:40:28 INFO  ListReportTest:68 - plateform version is verified
2023-02-22 15:40:28 INFO  ScreenshotListeners:41 - 
================:  visibility Of Product Name :====================

2023-02-22 15:40:34 INFO  ListReportTest:93 - product name is verified
2023-02-22 15:40:34 INFO  ScreenshotListeners:41 - 
================:  visibility Of Software Version :====================

2023-02-22 15:40:34 INFO  ListReportTest:102 - software version is verified
2023-02-22 15:40:34 INFO  ScreenshotListeners:41 - 
================:  closeproduct Version Card :====================

2023-02-22 15:40:34 INFO  ListReportTest:111 - about app is closed
2023-02-22 15:40:34 INFO  ScreenshotListeners:41 - 
================:  verify List Reportpage :====================

2023-02-22 15:40:34 INFO  ListReportTest:122 - List Report page loaded
2023-02-22 15:40:34 INFO  ScreenshotListeners:41 - 
================:  visibility Of Help Icon :====================

2023-02-22 15:40:34 INFO  ListReportTest:76 - help icon is verified
2023-02-22 15:40:34 INFO  ScreenshotListeners:41 - 
================:  Verify Click On Notification Icon :====================

2023-02-22 15:40:34 INFO  ListReportTest:84 - Clicked on notification icon Successfully 
2023-02-22 15:40:34 INFO  ScreenshotListeners:41 - 
================:  verify Visibilioty O Flag Colour :====================

2023-02-22 15:41:04 ERROR BrowserSetUp:156 - verifyVisibiliotyOFlagColour -> FAILED due to below issues :
org.openqa.selenium.NoSuchElementException: no such element: Unable to locate element: {"method":"xpath","selector":"//body/app-root/div[@class='mandara-app']/div/app-list-reports[@class='ng-star-inserted']/div[@class='list-reports']/app-analysis-report/div[@class='analysis-report']/div[@class='container analysis-report-table-wrapper']/div[@class='ng-star-inserted']/div/div[1]"}
  (Session info: chrome=110.0.5481.100)
  (Driver info: chromedriver=2.43.600229 (3fae4d0cda5334b4f533bede5a4787f7b832d052),platform=Mac OS X 10.16.0 x86_64) (WARNING: The server did not provide any stacktrace information)
Command duration or timeout: 0 milliseconds
For documentation on this error, please visit: https://www.seleniumhq.org/exceptions/no_such_element.html
Build info: version: '3.141.59', revision: 'e82be7d358', time: '2018-11-14T08:17:03'
System info: host: 'Sigtuples-MacBook-Pro-2.local', ip: '2401:4900:4e7d:6603:3d20:12ad:2234:a99b%en0', os.name: 'Mac OS X', os.arch: 'x86_64', os.version: '10.16', java.version: '1.8.0_202'
Driver info: org.openqa.selenium.chrome.ChromeDriver
Capabilities {acceptInsecureCerts: false, acceptSslCerts: false, applicationCacheEnabled: false, browserConnectionEnabled: false, browserName: chrome, chrome: {chromedriverVersion: 2.43.600229 (3fae4d0cda5334..., userDataDir: /var/folders/1k/lnjjm94144x...}, cssSelectorsEnabled: true, databaseEnabled: false, goog:chromeOptions: {debuggerAddress: localhost:52705}, handlesAlerts: true, hasTouchScreen: false, javascriptEnabled: true, locationContextEnabled: true, mobileEmulationEnabled: false, nativeEvents: true, networkConnectionEnabled: false, pageLoadStrategy: normal, platform: MAC, platformName: MAC, rotatable: false, setWindowRect: true, takesHeapSnapshot: true, takesScreenshot: true, unexpectedAlertBehaviour: , unhandledPromptBehavior: , version: 110.0.5481.100, webStorageEnabled: true}
Session ID: 04fb7c4dae83de633e5a44248b5f4553
*** Element info: {Using=xpath, value=//body/app-root/div[@class='mandara-app']/div/app-list-reports[@class='ng-star-inserted']/div[@class='list-reports']/app-analysis-report/div[@class='analysis-report']/div[@class='container analysis-report-table-wrapper']/div[@class='ng-star-inserted']/div/div[1]}

2023-02-22 15:41:05 INFO  BrowserSetUp:166 - Screenshot for this failed method : Screenshot/verifyVisibiliotyOFlagColour.png
2023-02-22 15:41:05 INFO  ScreenshotListeners:41 - 
================:  verifymodulname :====================

2023-02-22 15:41:05 ERROR BrowserSetUp:156 - verifymodulname -> FAILED due to below issues :
java.lang.AssertionError: expected [true] but found [false]

2023-02-22 15:41:05 INFO  BrowserSetUp:166 - Screenshot for this failed method : Screenshot/verifymodulname.png
2023-02-22 15:41:05 INFO  ScreenshotListeners:41 - 
================:  verify Notpad Icon :====================

2023-02-22 15:41:05 INFO  ListReportTest:155 - Notepad Icon is available before 'Analysis Reports' text
2023-02-22 15:41:05 INFO  ScreenshotListeners:41 - 
================:  verifyfilter Icon :====================

2023-02-22 15:41:05 INFO  ListReportTest:169 - Filter icon is displayed
2023-02-22 15:41:05 INFO  ScreenshotListeners:41 - 
================:  verifyrefreshicon :====================

2023-02-22 15:41:05 INFO  ListReportTest:176 - Refresh icon is displayed
2023-02-22 15:41:05 INFO  ScreenshotListeners:41 - 
================:  verify Option From User Icon On Shonit Report Page :====================

2023-02-22 15:41:11 INFO  ListReportTest:189 - All expected option are available after click on user icon
2023-02-22 15:41:11 INFO  ScreenshotListeners:41 - 
================:  verifytableheader :====================

2023-02-22 15:41:11 ERROR BrowserSetUp:156 - verifytableheader -> FAILED due to below issues :
java.lang.AssertionError: expected [,PRIORITY,FLAG
  filter_alt,SLIDE ID,DESCRIPTION,INSTALLATION,SUBMITTED BY,SUBMITTED AT,REVIEWER,STATUS,FLAGGED ON
  filter_alt,] but found [PRIORITY,SAMPLE ID,DESCRIPTION,INSTALLATION,SUBMITTED BY,SUBMITTED AT,REVIEWER,STATUS,]

2023-02-22 15:41:11 INFO  BrowserSetUp:166 - Screenshot for this failed method : Screenshot/verifytableheader.png
2023-02-22 15:41:11 INFO  ScreenshotListeners:41 - 
================:  terms N Cond Test On Shonit Report Page :====================

2023-02-22 15:41:12 INFO  ListReportTest:195 - Terms of Service hyperlink is displayed
2023-02-22 15:41:12 INFO  ListReportTest:196 - Terms of Service dialog box opened up on clicking on hyperlink
2023-02-22 15:41:12 INFO  ListReportTest:197 - The header of the dialog box is 'Terms of Service'
2023-02-22 15:41:12 INFO  ListReportTest:198 - Terms of Service dialog box is closed successfully
2023-02-22 15:41:12 INFO  ScreenshotListeners:41 - 
================:  checkpaginationeditbox :====================

2023-02-22 15:41:13 INFO  ListReportTest:217 - edit box is visible to enter page number 
2023-02-22 15:41:13 INFO  ScreenshotListeners:41 - 
================:  checkpaginationchevronicons :====================

2023-02-22 15:41:13 INFO  ListReportTest:231 - chevron icons are visible at the bottom of page
2023-02-22 15:41:13 INFO  ScreenshotListeners:41 - 
================:  checkpaginationposition :====================

2023-02-22 15:41:13 INFO  ListReportTest:224 - table page numbers are visible
2023-02-22 15:41:13 INFO  ScreenshotListeners:41 - 
================:  verify Search Enter Text :====================

2023-02-22 15:41:18 INFO  ListReportTest:297 - Search Text passed successfully
2023-02-22 15:41:18 INFO  ScreenshotListeners:41 - 
================:  verify Add Assignee :====================

2023-02-22 15:41:58 ERROR BrowserSetUp:156 - verifyAddAssignee -> FAILED due to below issues :
org.openqa.selenium.TimeoutException: Expected condition failed: waiting for element to be clickable: By.xpath: //tbody//tr[1]//td[9]//following-sibling::div//div//mat-select//span (tried for 30 second(s) with 500 milliseconds interval)

2023-02-22 15:41:58 INFO  BrowserSetUp:166 - Screenshot for this failed method : Screenshot/verifyAddAssignee.png
2023-02-22 15:41:58 INFO  ScreenshotListeners:41 - 
================:  check Madara Home Page :====================

2023-02-22 15:42:39 ERROR BrowserSetUp:156 - checkMadaraHomePage -> FAILED due to below issues :
org.openqa.selenium.TimeoutException: Expected condition failed: waiting for visibility of element located by By.xpath: //app-dashboard-page//mat-toolbar//*[@class='select-product'] (tried for 40 second(s) with 500 milliseconds interval)

2023-02-22 15:42:40 INFO  BrowserSetUp:166 - Screenshot for this failed method : Screenshot/checkMadaraHomePage.png
